[2026-04-27T19:46:47-06:00] STATUS: bot PID=52138, log_age=30s, ready_15m=8, buys_15m=0, buys_today=0
0, auth_fail_today=44, key=MISSING
[2026-04-27T19:46:47-06:00] ALERT: AETHERBOT_KEY not set — all orders will 401
[2026-04-27T19:46:47-06:00] Monitor complete: ready=8 buys_15m=0 buys_today=0
0 auth_fail=44
[2026-04-27T19:47:20-06:00] STATUS: bot PID=52138, log_age=30s, ready_15m=8, buys_15m=0, buys_today=0, auth_fail_today=44, key=OK (from env file)
[2026-04-27T19:47:20-06:00] Monitor complete: ready=8 buys_15m=0 buys_today=0 auth_fail=44
[2026-04-30T18:11:49-06:00] DEAD: AetherBot process not running
[2026-04-30T21:41:14-06:00] STATUS: bot PID=4178, log_age=17s, ready_15m=2, buys_15m=0, buys_today=8, auth_fail_today=0, key=OK
[2026-04-30T21:41:14-06:00] Monitor complete: ready=2 buys_15m=0 buys_today=8 auth_fail=0
[2026-04-30T21:58:11-06:00] STATUS: bot PID=4178, log_age=9s, ready_15m=4, buys_15m=0, buys_today=8, auth_fail_today=0, key=OK (from env file)
[2026-04-30T21:58:11-06:00] Monitor complete: ready=4 buys_15m=0 buys_today=8 auth_fail=0
[2026-05-01T00:26:42-06:00] STATUS: bot PID=4178, log_age=13s, ready_15m=6, buys_15m=0, buys_today=0, auth_fail_today=0, key=OK
[2026-05-01T00:26:42-06:00] NORMAL: all 6 READY signals filtered by market conditions (ABS/BPS/PRICE) — no alert needed
[2026-05-01T00:26:42-06:00] Monitor complete: ready=6 buys_15m=0 buys_today=0 auth_fail=0
[2026-05-01T02:27:02-06:00] STATUS: bot PID=4178, log_age=0s, ready_15m=6, buys_15m=0, buys_today=5, auth_fail_today=0, key=OK (from env file)
[2026-05-01T02:27:02-06:00] Monitor complete: ready=6 buys_15m=0 buys_today=5 auth_fail=0
[2026-05-01T04:28:47-06:00] STATUS: bot PID=4178, log_age=3s, ready_15m=1, buys_15m=0, buys_today=8, auth_fail_today=0, key=OK (from env file)
[2026-05-01T04:28:47-06:00] Monitor complete: ready=1 buys_15m=0 buys_today=8 auth_fail=0
[2026-05-01T06:13:59-06:00] DEAD: AetherBot process not running
[2026-05-01T06:28:43-06:00] DEAD: AetherBot process not running
[2026-05-04T19:04:07-06:00] DEAD: AetherBot process not running
[2026-05-05T19:00:44-06:00] DEAD: AetherBot process not running
[2026-05-05T22:02:51-06:00] STATUS: bot PID=49448, log_age=2s, ready_15m=15, buys_15m=0, buys_today=10, auth_fail_today=0, key=OK (from env file)
[2026-05-05T22:02:51-06:00] Monitor complete: ready=15 buys_15m=0 buys_today=10 auth_fail=0
[2026-05-05T22:15:06-06:00] STATUS: bot PID=49448, log_age=8s, ready_15m=4, buys_15m=0, buys_today=10, auth_fail_today=0, key=OK (from env file)
[2026-05-05T22:15:06-06:00] Monitor complete: ready=4 buys_15m=0 buys_today=10 auth_fail=0
[2026-05-05T22:30:11-06:00] STATUS: bot PID=49448, log_age=12s, ready_15m=3, buys_15m=0, buys_today=11, auth_fail_today=0, key=OK
[2026-05-05T22:30:11-06:00] Monitor complete: ready=3 buys_15m=0 buys_today=11 auth_fail=0
[2026-05-05T22:45:09-06:00] STATUS: bot PID=49448, log_age=12s, ready_15m=4, buys_15m=0, buys_today=11, auth_fail_today=0, key=OK (from env file)
[2026-05-05T22:45:09-06:00] Monitor complete: ready=4 buys_15m=0 buys_today=11 auth_fail=0
[2026-05-05T23:00:10-06:00] STATUS: bot PID=49448, log_age=7s, ready_15m=8, buys_15m=0, buys_today=11, auth_fail_today=0, key=OK (from env file)
[2026-05-05T23:00:10-06:00] Monitor complete: ready=8 buys_15m=0 buys_today=11 auth_fail=0
[2026-05-05T23:15:11-06:00] STATUS: bot PID=49448, log_age=3s, ready_15m=2, buys_15m=0, buys_today=12, auth_fail_today=0, key=OK (from env file)
[2026-05-05T23:15:11-06:00] Monitor complete: ready=2 buys_15m=0 buys_today=12 auth_fail=0
