[2m2026-04-21T19:16:40.064463Z[0m [32m INFO[0m [2mbore_cli::client[0m[2m:[0m connected to server [3mremote_port[0m[2m=[0m59678
[2m2026-04-21T19:16:40.064556Z[0m [32m INFO[0m [2mbore_cli::client[0m[2m:[0m listening at bore.pub:59678
Error: could not connect to bore.pub:7835

Caused by:
    No route to host (os error 65)
[2m2026-04-21T19:29:48.321158Z[0m [32m INFO[0m [2mbore_cli::client[0m[2m:[0m connected to server [3mremote_port[0m[2m=[0m3628
[2m2026-04-21T19:29:48.321275Z[0m [32m INFO[0m [2mbore_cli::client[0m[2m:[0m listening at bore.pub:3628
[2m2026-04-21T19:44:12.560355Z[0m [32m INFO[0m [2mbore_cli::client[0m[2m:[0m connected to server [3mremote_port[0m[2m=[0m37221
[2m2026-04-21T19:44:12.561197Z[0m [32m INFO[0m [2mbore_cli::client[0m[2m:[0m listening at bore.pub:37221
Error: could not connect to bore.pub:7835

Caused by:
    No route to host (os error 65)
[2m2026-04-21T19:50:18.949581Z[0m [32m INFO[0m [2mbore_cli::client[0m[2m:[0m connected to server [3mremote_port[0m[2m=[0m29405
[2m2026-04-21T19:50:18.949690Z[0m [32m INFO[0m [2mbore_cli::client[0m[2m:[0m listening at bore.pub:29405
Error: could not connect to bore.pub:7835

Caused by:
    No route to host (os error 65)
[2m2026-04-21T20:03:12.472562Z[0m [32m INFO[0m [2mbore_cli::client[0m[2m:[0m connected to server [3mremote_port[0m[2m=[0m21302
[2m2026-04-21T20:03:12.472644Z[0m [32m INFO[0m [2mbore_cli::client[0m[2m:[0m listening at bore.pub:21302
Error: could not connect to bore.pub:7835

Caused by:
    No route to host (os error 65)
[2m2026-04-21T20:24:58.598696Z[0m [32m INFO[0m [2mbore_cli::client[0m[2m:[0m connected to server [3mremote_port[0m[2m=[0m28537
[2m2026-04-21T20:24:58.598795Z[0m [32m INFO[0m [2mbore_cli::client[0m[2m:[0m listening at bore.pub:28537
Error: could not connect to bore.pub:7835

Caused by:
    No route to host (os error 65)
[2m2026-04-21T20:59:59.438878Z[0m [32m INFO[0m [2mbore_cli::client[0m[2m:[0m connected to server [3mremote_port[0m[2m=[0m24733
[2m2026-04-21T20:59:59.439033Z[0m [32m INFO[0m [2mbore_cli::client[0m[2m:[0m listening at bore.pub:24733
Error: could not connect to bore.pub:7835

Caused by:
    No route to host (os error 65)
[2m2026-04-21T21:40:12.424836Z[0m [32m INFO[0m [2mbore_cli::client[0m[2m:[0m connected to server [3mremote_port[0m[2m=[0m47840
[2m2026-04-21T21:40:12.424928Z[0m [32m INFO[0m [2mbore_cli::client[0m[2m:[0m listening at bore.pub:47840
Error: could not connect to bore.pub:7835

Caused by:
    No route to host (os error 65)
[2m2026-04-21T22:08:51.692894Z[0m [32m INFO[0m [2mbore_cli::client[0m[2m:[0m connected to server [3mremote_port[0m[2m=[0m41061
[2m2026-04-21T22:08:51.693021Z[0m [32m INFO[0m [2mbore_cli::client[0m[2m:[0m listening at bore.pub:41061
Error: could not connect to bore.pub:7835

Caused by:
    No route to host (os error 65)
[2m2026-04-21T22:52:50.375414Z[0m [32m INFO[0m [2mbore_cli::client[0m[2m:[0m connected to server [3mremote_port[0m[2m=[0m43363
[2m2026-04-21T22:52:50.375506Z[0m [32m INFO[0m [2mbore_cli::client[0m[2m:[0m listening at bore.pub:43363
[2m2026-04-21T23:12:45.850297Z[0m [32m INFO[0m [2mbore_cli::client[0m[2m:[0m connected to server [3mremote_port[0m[2m=[0m39408
[2m2026-04-21T23:12:45.851346Z[0m [32m INFO[0m [2mbore_cli::client[0m[2m:[0m listening at bore.pub:39408
Error: could not connect to bore.pub:7835

Caused by:
    No route to host (os error 65)
[2m2026-04-21T23:21:33.288651Z[0m [32m INFO[0m [2mbore_cli::client[0m[2m:[0m connected to server [3mremote_port[0m[2m=[0m3222
[2m2026-04-21T23:21:33.288738Z[0m [32m INFO[0m [2mbore_cli::client[0m[2m:[0m listening at bore.pub:3222
Error: could not connect to bore.pub:7835

Caused by:
    No route to host (os error 65)
[2m2026-04-21T23:34:26.496301Z[0m [32m INFO[0m [2mbore_cli::client[0m[2m:[0m connected to server [3mremote_port[0m[2m=[0m21839
[2m2026-04-21T23:34:26.496394Z[0m [32m INFO[0m [2mbore_cli::client[0m[2m:[0m listening at bore.pub:21839
Error: could not connect to bore.pub:7835

Caused by:
    No route to host (os error 65)
[2m2026-04-21T23:47:30.425112Z[0m [32m INFO[0m [2mbore_cli::client[0m[2m:[0m connected to server [3mremote_port[0m[2m=[0m42563
[2m2026-04-21T23:47:30.425251Z[0m [32m INFO[0m [2mbore_cli::client[0m[2m:[0m listening at bore.pub:42563
Error: could not connect to bore.pub:7835

Caused by:
    No route to host (os error 65)
[2m2026-04-21T23:52:58.960412Z[0m [32m INFO[0m [2mbore_cli::client[0m[2m:[0m connected to server [3mremote_port[0m[2m=[0m64585
[2m2026-04-21T23:52:58.960527Z[0m [32m INFO[0m [2mbore_cli::client[0m[2m:[0m listening at bore.pub:64585
Error: could not connect to bore.pub:7835

Caused by:
    No route to host (os error 65)
[2m2026-04-22T00:06:57.109798Z[0m [32m INFO[0m [2mbore_cli::client[0m[2m:[0m connected to server [3mremote_port[0m[2m=[0m31245
[2m2026-04-22T00:06:57.109894Z[0m [32m INFO[0m [2mbore_cli::client[0m[2m:[0m listening at bore.pub:31245
Error: could not connect to bore.pub:7835

Caused by:
    No route to host (os error 65)
[2m2026-04-22T00:24:33.037697Z[0m [32m INFO[0m [2mbore_cli::client[0m[2m:[0m connected to server [3mremote_port[0m[2m=[0m11956
[2m2026-04-22T00:24:33.037924Z[0m [32m INFO[0m [2mbore_cli::client[0m[2m:[0m listening at bore.pub:11956
Error: could not connect to bore.pub:7835

Caused by:
    No route to host (os error 65)
[2m2026-04-22T00:39:55.864025Z[0m [32m INFO[0m [2mbore_cli::client[0m[2m:[0m connected to server [3mremote_port[0m[2m=[0m35367
[2m2026-04-22T00:39:55.864173Z[0m [32m INFO[0m [2mbore_cli::client[0m[2m:[0m listening at bore.pub:35367
[2m2026-04-22T01:01:29.268380Z[0m [32m INFO[0m [2mbore_cli::client[0m[2m:[0m connected to server [3mremote_port[0m[2m=[0m30990
[2m2026-04-22T01:01:29.268527Z[0m [32m INFO[0m [2mbore_cli::client[0m[2m:[0m listening at bore.pub:30990
[2m2026-04-22T01:07:48.492078Z[0m [32m INFO[0m [2mbore_cli::client[0m[2m:[0m connected to server [3mremote_port[0m[2m=[0m55164
[2m2026-04-22T01:07:48.492999Z[0m [32m INFO[0m [2mbore_cli::client[0m[2m:[0m listening at bore.pub:55164
Error: could not connect to bore.pub:7835

Caused by:
    No route to host (os error 65)
[2m2026-04-22T01:25:08.664697Z[0m [32m INFO[0m [2mbore_cli::client[0m[2m:[0m connected to server [3mremote_port[0m[2m=[0m59718
[2m2026-04-22T01:25:08.664788Z[0m [32m INFO[0m [2mbore_cli::client[0m[2m:[0m listening at bore.pub:59718
[2m2026-04-22T01:45:29.309292Z[0m [32m INFO[0m [2mbore_cli::client[0m[2m:[0m connected to server [3mremote_port[0m[2m=[0m58261
[2m2026-04-22T01:45:29.310123Z[0m [32m INFO[0m [2mbore_cli::client[0m[2m:[0m listening at bore.pub:58261
Error: could not connect to bore.pub:7835

Caused by:
    No route to host (os error 65)
[2m2026-04-22T02:10:13.814863Z[0m [32m INFO[0m [2mbore_cli::client[0m[2m:[0m connected to server [3mremote_port[0m[2m=[0m36547
[2m2026-04-22T02:10:13.814953Z[0m [32m INFO[0m [2mbore_cli::client[0m[2m:[0m listening at bore.pub:36547
Error: could not connect to bore.pub:7835

Caused by:
    No route to host (os error 65)
[2m2026-04-22T03:42:16.908832Z[0m [32m INFO[0m [2mbore_cli::client[0m[2m:[0m connected to server [3mremote_port[0m[2m=[0m7907
[2m2026-04-22T03:42:16.908972Z[0m [32m INFO[0m [2mbore_cli::client[0m[2m:[0m listening at bore.pub:7907
Error: could not connect to bore.pub:7835

Caused by:
    No route to host (os error 65)
[2m2026-04-22T04:10:30.679864Z[0m [32m INFO[0m [2mbore_cli::client[0m[2m:[0m connected to server [3mremote_port[0m[2m=[0m53125
[2m2026-04-22T04:10:30.679959Z[0m [32m INFO[0m [2mbore_cli::client[0m[2m:[0m listening at bore.pub:53125
Error: could not connect to bore.pub:7835

Caused by:
    No route to host (os error 65)
[2m2026-04-22T06:12:28.784921Z[0m [32m INFO[0m [2mbore_cli::client[0m[2m:[0m connected to server [3mremote_port[0m[2m=[0m47808
[2m2026-04-22T06:12:28.785024Z[0m [32m INFO[0m [2mbore_cli::client[0m[2m:[0m listening at bore.pub:47808
Error: could not connect to bore.pub:7835

Caused by:
    No route to host (os error 65)
[2m2026-04-22T06:32:19.553011Z[0m [32m INFO[0m [2mbore_cli::client[0m[2m:[0m connected to server [3mremote_port[0m[2m=[0m53432
[2m2026-04-22T06:32:19.553105Z[0m [32m INFO[0m [2mbore_cli::client[0m[2m:[0m listening at bore.pub:53432
Error: could not connect to bore.pub:7835

Caused by:
    No route to host (os error 65)
[2m2026-04-22T07:01:33.466535Z[0m [32m INFO[0m [2mbore_cli::client[0m[2m:[0m connected to server [3mremote_port[0m[2m=[0m48799
[2m2026-04-22T07:01:33.466625Z[0m [32m INFO[0m [2mbore_cli::client[0m[2m:[0m listening at bore.pub:48799
Error: could not connect to bore.pub:7835

Caused by:
    No route to host (os error 65)
[2m2026-04-22T07:14:07.220567Z[0m [32m INFO[0m [2mbore_cli::client[0m[2m:[0m connected to server [3mremote_port[0m[2m=[0m30037
[2m2026-04-22T07:14:07.220700Z[0m [32m INFO[0m [2mbore_cli::client[0m[2m:[0m listening at bore.pub:30037
Error: could not connect to bore.pub:7835

Caused by:
    No route to host (os error 65)
[2m2026-04-22T07:31:14.566299Z[0m [32m INFO[0m [2mbore_cli::client[0m[2m:[0m connected to server [3mremote_port[0m[2m=[0m26477
[2m2026-04-22T07:31:14.566373Z[0m [32m INFO[0m [2mbore_cli::client[0m[2m:[0m listening at bore.pub:26477
Error: could not connect to bore.pub:7835

Caused by:
    No route to host (os error 65)
[2m2026-04-22T07:50:20.336342Z[0m [32m INFO[0m [2mbore_cli::client[0m[2m:[0m connected to server [3mremote_port[0m[2m=[0m35217
[2m2026-04-22T07:50:20.336422Z[0m [32m INFO[0m [2mbore_cli::client[0m[2m:[0m listening at bore.pub:35217
Error: could not connect to bore.pub:7835

Caused by:
    No route to host (os error 65)
[2m2026-04-22T08:02:36.683936Z[0m [32m INFO[0m [2mbore_cli::client[0m[2m:[0m connected to server [3mremote_port[0m[2m=[0m51075
[2m2026-04-22T08:02:36.684014Z[0m [32m INFO[0m [2mbore_cli::client[0m[2m:[0m listening at bore.pub:51075
Error: could not connect to bore.pub:7835

Caused by:
    No route to host (os error 65)
[2m2026-04-22T08:19:22.358158Z[0m [32m INFO[0m [2mbore_cli::client[0m[2m:[0m connected to server [3mremote_port[0m[2m=[0m64193
[2m2026-04-22T08:19:22.358315Z[0m [32m INFO[0m [2mbore_cli::client[0m[2m:[0m listening at bore.pub:64193
Error: could not connect to bore.pub:7835

Caused by:
    No route to host (os error 65)
[2m2026-04-22T08:39:46.499065Z[0m [32m INFO[0m [2mbore_cli::client[0m[2m:[0m connected to server [3mremote_port[0m[2m=[0m60509
[2m2026-04-22T08:39:46.499193Z[0m [32m INFO[0m [2mbore_cli::client[0m[2m:[0m listening at bore.pub:60509
