[growth] 23:00:05 [nel] Starting growth phase
[growth] 23:00:05 [nel] Next improvement: IMP-20260414-nel-002 — Build dependency vulnerability scanner — cross-reference CVEs against our packag (addresses W2)
[growth] 23:00:05 [nel] Growth execution result:
[growth] 23:00:05 [nel]   No package.json found at project root — check website/ or agents/sam/website/
[growth] 23:00:05 [nel] Updated GROWTH.md growth log
[growth] 23:00:05 [nel] Growth phase complete
grep: invalid option -- P
usage: grep [-abcdDEFGHhIiJLlMmnOopqRSsUVvwXxZz] [-A num] [-B num] [-C[num]]
	[-e pattern] [-f file] [--binary-files=value] [--color=when]
	[--context[=num]] [--directories=action] [--label] [--line-buffered]
	[--null] [pattern] [file ...]
grep: invalid option -- P
usage: grep [-abcdDEFGHhIiJLlMmnOopqRSsUVvwXxZz] [-A num] [-B num] [-C[num]]
	[-e pattern] [-f file] [--binary-files=value] [--color=when]
	[--context[=num]] [--directories=action] [--label] [--line-buffered]
	[--null] [pattern] [file ...]
grep: invalid option -- P
usage: grep [-abcdDEFGHhIiJLlMmnOopqRSsUVvwXxZz] [-A num] [-B num] [-C[num]]
	[-e pattern] [-f file] [--binary-files=value] [--color=when]
	[--context[=num]] [--directories=action] [--label] [--line-buffered]
	[--null] [pattern] [file ...]
grep: invalid option -- P
usage: grep [-abcdDEFGHhIiJLlMmnOopqRSsUVvwXxZz] [-A num] [-B num] [-C[num]]
	[-e pattern] [-f file] [--binary-files=value] [--color=when]
	[--context[=num]] [--directories=action] [--label] [--line-buffered]
	[--null] [pattern] [file ...]
✓ All projects passing sentinel checks
✓ Stale file scan: clean
! Found 16 broken links
Flag: flag-nel-001 [P2] Found 16 broken documentation links — fix or cleanup needed (from nel → kai)
  → What's Next: task created for next review cycle
! Found 25 scripts without test coverage
! Found 3 inefficient patterns
Flag: flag-nel-001 [P3] Found 3 code optimization opportunities — rolling improvement (from nel → kai, logged for weekly review)
! Audit found 7 issues
Flag: flag-nel-001 [P2] Audit found 7 system issues — review security/structure (from nel → kai)
  → What's Next: task created for next review cycle
✓ HQ state updated
✓ Report published: /Users/kai/Documents/Projects/Hyo/agents/sam/website/docs/nel/report-2026-04-18.md
✓ Self-review: nel pathway healthy
grep: invalid option -- P
usage: grep [-abcdDEFGHhIiJLlMmnOopqRSsUVvwXxZz] [-A num] [-B num] [-C[num]]
	[-e pattern] [-f file] [--binary-files=value] [--color=when]
	[--context[=num]] [--directories=action] [--label] [--line-buffered]
	[--null] [pattern] [file ...]
[SELF-REVIEW] nel: 11 findings — see /Users/kai/Documents/Projects/Hyo/agents/nel/logs/self-review-2026-04-18.md
Flag: flag-nel-001 [P2] [SELF-REVIEW] 1 untriggered files found (from nel → kai)
  → What's Next: task created for next review cycle
PLAYBOOK updated with research entry for 2026-04-18
[nel-research] 23:00:20 Findings archived to /Users/kai/Documents/Projects/Hyo/agents/ra/research/briefs/nel-2026-04-18.md
[nel-research] 23:00:20 Research cycle complete for nel
Nel reflection sections written to /tmp/nel-reflection-sections-20260418.json
Report: nel → research+reflection cycle: score=85, sentinel=4p/0f, cipher_leaks=0, reflection_published=yes
✓ Self-evolution logged: routine maintenance run
✓ Memory update: ACTIVE.md written
Self-delegated: nel-001 [P2] Fix 16 broken symlinks found during audit (nel → self, logged to kai)
Self-delegated: nel-001 [P3] Nel run complete: score=85, actions=1, sentinel=4/4 (nel → self, logged to kai)
✓ Dispatch: findings reported to Kai ledger
! System health acceptable, improvement opportunities identified.
[growth] 23:00:04 [nel] Starting growth phase
[growth] 23:00:04 [nel] Next improvement: IMP-20260414-nel-002 — Build dependency vulnerability scanner — cross-reference CVEs against our packag (addresses W2)
[growth] 23:00:04 [nel] Growth execution result:
[growth] 23:00:04 [nel]   No package.json found at project root — check website/ or agents/sam/website/
[growth] 23:00:04 [nel] Updated GROWTH.md growth log
[growth] 23:00:04 [nel] Growth phase complete
grep: invalid option -- P
usage: grep [-abcdDEFGHhIiJLlMmnOopqRSsUVvwXxZz] [-A num] [-B num] [-C[num]]
	[-e pattern] [-f file] [--binary-files=value] [--color=when]
	[--context[=num]] [--directories=action] [--label] [--line-buffered]
	[--null] [pattern] [file ...]
grep: invalid option -- P
usage: grep [-abcdDEFGHhIiJLlMmnOopqRSsUVvwXxZz] [-A num] [-B num] [-C[num]]
	[-e pattern] [-f file] [--binary-files=value] [--color=when]
	[--context[=num]] [--directories=action] [--label] [--line-buffered]
	[--null] [pattern] [file ...]
grep: invalid option -- P
usage: grep [-abcdDEFGHhIiJLlMmnOopqRSsUVvwXxZz] [-A num] [-B num] [-C[num]]
	[-e pattern] [-f file] [--binary-files=value] [--color=when]
	[--context[=num]] [--directories=action] [--label] [--line-buffered]
	[--null] [pattern] [file ...]
grep: invalid option -- P
usage: grep [-abcdDEFGHhIiJLlMmnOopqRSsUVvwXxZz] [-A num] [-B num] [-C[num]]
	[-e pattern] [-f file] [--binary-files=value] [--color=when]
	[--context[=num]] [--directories=action] [--label] [--line-buffered]
	[--null] [pattern] [file ...]
✓ All projects passing sentinel checks
✓ Stale file scan: clean
! Found 18 broken links
Flag: flag-nel-001 [P2] Found 18 broken documentation links — fix or cleanup needed (from nel → kai)
  → What's Next: task created for next review cycle
! Found 25 scripts without test coverage
! Found 3 inefficient patterns
Flag: flag-nel-001 [P3] Found 3 code optimization opportunities — rolling improvement (from nel → kai, logged for weekly review)
! Audit found 7 issues
Flag: flag-nel-001 [P2] Audit found 7 system issues — review security/structure (from nel → kai)
  → What's Next: task created for next review cycle
✓ HQ state updated
✓ Report published: /Users/kai/Documents/Projects/Hyo/agents/sam/website/docs/nel/report-2026-04-19.md
✓ Self-review: nel pathway healthy
grep: invalid option -- P
usage: grep [-abcdDEFGHhIiJLlMmnOopqRSsUVvwXxZz] [-A num] [-B num] [-C[num]]
	[-e pattern] [-f file] [--binary-files=value] [--color=when]
	[--context[=num]] [--directories=action] [--label] [--line-buffered]
	[--null] [pattern] [file ...]
[SELF-REVIEW] nel: 11 findings — see /Users/kai/Documents/Projects/Hyo/agents/nel/logs/self-review-2026-04-19.md
Flag: flag-nel-001 [P2] [SELF-REVIEW] 1 untriggered files found (from nel → kai)
  → What's Next: task created for next review cycle
PLAYBOOK updated with research entry for 2026-04-19
[nel-research] 23:00:33 Findings archived to /Users/kai/Documents/Projects/Hyo/agents/ra/research/briefs/nel-2026-04-19.md
[nel-research] 23:00:33 Research cycle complete for nel
Nel reflection sections written to /tmp/nel-reflection-sections-20260419.json
Report: nel → research+reflection cycle: score=85, sentinel=4p/0f, cipher_leaks=0, reflection_published=yes
✓ Self-evolution logged: routine maintenance run
✓ Memory update: ACTIVE.md written
Self-delegated: nel-001 [P2] Fix 18 broken symlinks found during audit (nel → self, logged to kai)
Self-delegated: nel-001 [P3] Nel run complete: score=85, actions=1, sentinel=4/4 (nel → self, logged to kai)
✓ Dispatch: findings reported to Kai ledger
! System health acceptable, improvement opportunities identified.
[growth] 23:00:04 [nel] Starting growth phase
[growth] 23:00:05 [nel] Next improvement: IMP-20260414-nel-002 — Build dependency vulnerability scanner — cross-reference CVEs against our packag (addresses W2)
[growth] 23:00:05 [nel] Growth execution result:
[growth] 23:00:05 [nel]   No package.json found at project root — check website/ or agents/sam/website/
[growth] 23:00:05 [nel] Updated GROWTH.md growth log
[growth] 23:00:05 [nel] Growth phase complete
grep: invalid option -- P
usage: grep [-abcdDEFGHhIiJLlMmnOopqRSsUVvwXxZz] [-A num] [-B num] [-C[num]]
	[-e pattern] [-f file] [--binary-files=value] [--color=when]
	[--context[=num]] [--directories=action] [--label] [--line-buffered]
	[--null] [pattern] [file ...]
grep: invalid option -- P
usage: grep [-abcdDEFGHhIiJLlMmnOopqRSsUVvwXxZz] [-A num] [-B num] [-C[num]]
	[-e pattern] [-f file] [--binary-files=value] [--color=when]
	[--context[=num]] [--directories=action] [--label] [--line-buffered]
	[--null] [pattern] [file ...]
grep: invalid option -- P
usage: grep [-abcdDEFGHhIiJLlMmnOopqRSsUVvwXxZz] [-A num] [-B num] [-C[num]]
	[-e pattern] [-f file] [--binary-files=value] [--color=when]
	[--context[=num]] [--directories=action] [--label] [--line-buffered]
	[--null] [pattern] [file ...]
grep: invalid option -- P
usage: grep [-abcdDEFGHhIiJLlMmnOopqRSsUVvwXxZz] [-A num] [-B num] [-C[num]]
	[-e pattern] [-f file] [--binary-files=value] [--color=when]
	[--context[=num]] [--directories=action] [--label] [--line-buffered]
	[--null] [pattern] [file ...]
✓ All projects passing sentinel checks
✓ Stale file scan: clean
! Found 20 broken links
Flag: flag-nel-001 [P2] Found 20 broken documentation links — fix or cleanup needed (from nel → kai)
  → What's Next: task created for next review cycle
! Found 25 scripts without test coverage
! Found 3 inefficient patterns
Flag: flag-nel-001 [P3] Found 3 code optimization opportunities — rolling improvement (from nel → kai, logged for weekly review)
! Audit found 7 issues
Flag: flag-nel-001 [P2] Audit found 7 system issues — review security/structure (from nel → kai)
  → What's Next: task created for next review cycle
✓ HQ state updated
✓ Report published: /Users/kai/Documents/Projects/Hyo/agents/sam/website/docs/nel/report-2026-04-20.md
✓ Self-review: nel pathway healthy
grep: invalid option -- P
usage: grep [-abcdDEFGHhIiJLlMmnOopqRSsUVvwXxZz] [-A num] [-B num] [-C[num]]
	[-e pattern] [-f file] [--binary-files=value] [--color=when]
	[--context[=num]] [--directories=action] [--label] [--line-buffered]
	[--null] [pattern] [file ...]
[SELF-REVIEW] nel: 11 findings — see /Users/kai/Documents/Projects/Hyo/agents/nel/logs/self-review-2026-04-20.md
Flag: flag-nel-001 [P2] [SELF-REVIEW] 1 untriggered files found (from nel → kai)
  → What's Next: task created for next review cycle
PLAYBOOK updated with research entry for 2026-04-20
[nel-research] 23:00:19 Findings archived to /Users/kai/Documents/Projects/Hyo/agents/ra/research/briefs/nel-2026-04-20.md
[nel-research] 23:00:19 Research cycle complete for nel
Nel reflection sections written to /tmp/nel-reflection-sections-20260420.json
Report: nel → research+reflection cycle: score=85, sentinel=4p/0f, cipher_leaks=0, reflection_published=yes
✓ Self-evolution logged: routine maintenance run
✓ Memory update: ACTIVE.md written
Self-delegated: nel-001 [P2] Fix 20 broken symlinks found during audit (nel → self, logged to kai)
Self-delegated: nel-001 [P3] Nel run complete: score=85, actions=1, sentinel=4/4 (nel → self, logged to kai)
✓ Dispatch: findings reported to Kai ledger
! System health acceptable, improvement opportunities identified.
[growth] 23:00:04 [nel] Starting growth phase
[growth] 23:00:04 [nel] ARIC: research already complete for 2026-04-21 — skipping
[growth] 23:00:04 [nel] No open IMP improvement tickets — growth phase idle
Updated IMP-20260414-nel-003
[0;32m[ticket][0m Updated IMP-20260414-nel-003
Updated TASK-20260418-nel-001
[0;32m[ticket][0m Updated TASK-20260418-nel-001
Updated TASK-20260419-nel-001
[0;32m[ticket][0m Updated TASK-20260419-nel-001
Updated TASK-20260420-nel-001
[0;32m[ticket][0m Updated TASK-20260420-nel-001
Updated TASK-20260421-nel-001
[0;32m[ticket][0m Updated TASK-20260421-nel-001
Updated TASK-20260421-nel-001
[0;32m[ticket][0m Updated TASK-20260421-nel-001
Updated TASK-20260421-nel-001
[0;32m[ticket][0m Updated TASK-20260421-nel-001
Updated TASK-20260421-sim-P2-regression-issues
[0;32m[ticket][0m Updated TASK-20260421-sim-P2-regression-issues
Updated TASK-20260421-infra-P1-active-md-missing
[0;32m[ticket][0m Updated TASK-20260421-infra-P1-active-md-missing
[ticket-hooks] nel cycle start: 9 tickets marked ACTIVE
grep: invalid option -- P
usage: grep [-abcdDEFGHhIiJLlMmnOopqRSsUVvwXxZz] [-A num] [-B num] [-C[num]]
	[-e pattern] [-f file] [--binary-files=value] [--color=when]
	[--context[=num]] [--directories=action] [--label] [--line-buffered]
	[--null] [pattern] [file ...]
grep: invalid option -- P
usage: grep [-abcdDEFGHhIiJLlMmnOopqRSsUVvwXxZz] [-A num] [-B num] [-C[num]]
	[-e pattern] [-f file] [--binary-files=value] [--color=when]
	[--context[=num]] [--directories=action] [--label] [--line-buffered]
	[--null] [pattern] [file ...]
grep: invalid option -- P
usage: grep [-abcdDEFGHhIiJLlMmnOopqRSsUVvwXxZz] [-A num] [-B num] [-C[num]]
	[-e pattern] [-f file] [--binary-files=value] [--color=when]
	[--context[=num]] [--directories=action] [--label] [--line-buffered]
	[--null] [pattern] [file ...]
grep: invalid option -- P
usage: grep [-abcdDEFGHhIiJLlMmnOopqRSsUVvwXxZz] [-A num] [-B num] [-C[num]]
	[-e pattern] [-f file] [--binary-files=value] [--color=when]
	[--context[=num]] [--directories=action] [--label] [--line-buffered]
	[--null] [pattern] [file ...]
✓ All projects passing sentinel checks
✓ Stale file scan: clean
! Found 20 broken links
Flag: flag-nel-001 [P2] Found 20 broken documentation links — fix or cleanup needed (from nel → kai)
  → What's Next: task created for next review cycle
! Found 32 scripts without test coverage
! Found 8 inefficient patterns
Flag: flag-nel-001 [P3] Found 8 code optimization opportunities — rolling improvement (from nel → kai, logged for weekly review)
! Audit found 7 issues
Flag: flag-nel-001 [P2] Audit found 7 system issues — review security/structure (from nel → kai)
  → What's Next: task created for next review cycle
✓ HQ state updated
✓ Report published: /Users/kai/Documents/Projects/Hyo/agents/sam/website/docs/nel/report-2026-04-21.md
✓ Self-review: nel pathway healthy
grep: invalid option -- P
usage: grep [-abcdDEFGHhIiJLlMmnOopqRSsUVvwXxZz] [-A num] [-B num] [-C[num]]
	[-e pattern] [-f file] [--binary-files=value] [--color=when]
	[--context[=num]] [--directories=action] [--label] [--line-buffered]
	[--null] [pattern] [file ...]
[SELF-REVIEW] nel: 16 findings — see /Users/kai/Documents/Projects/Hyo/agents/nel/logs/self-review-2026-04-21.md
Flag: flag-nel-001 [P2] [SELF-REVIEW] 3 untriggered files found (from nel → kai)
  → What's Next: task created for next review cycle
PLAYBOOK updated with research entry for 2026-04-21
[nel-research] 23:00:27 Findings archived to /Users/kai/Documents/Projects/Hyo/agents/ra/research/briefs/nel-2026-04-21.md
[nel-research] 23:00:27 Research cycle complete for nel
Nel reflection sections written to /tmp/nel-reflection-sections-20260421.json
[bluf-augment] nel: sections augmented — status: SHIPPED: IMP-20260414-nel-002 — Build dependency vulnerabili
Report: nel → research+reflection cycle: score=85, sentinel=4p/0f, cipher_leaks=0, reflection_published=yes
✓ Self-evolution logged: routine maintenance run
✓ Memory update: ACTIVE.md written
Self-delegated: nel-001 [P2] Fix 20 broken symlinks found during audit (nel → self, logged to kai)
Self-delegated: nel-001 [P3] Nel run complete: score=85, actions=1, sentinel=4/4 (nel → self, logged to kai)
✓ Dispatch: findings reported to Kai ledger
! System health acceptable, improvement opportunities identified.
