[check 08:00:04] === Completeness check 2026-04-19 (dow=7) ===
[check 08:00:04] Sunday — no reports required.
[check 08:00:00] === Completeness check 2026-04-20 (dow=1) ===
[check 08:00:00] FAIL: morning-report 2026-04-20 (morning-report-2026-04-20)
[check 08:00:00] Ticket opened: REPORT-CHECK-202604200800-kai — Morning report 2026-04-20
[check 08:00:00] Remediating: kai morning-report
[check 08:00:00] OK: newsletter 2026-04-20
[check 08:00:00] FAIL: newsletter HTML missing at website/daily/2026-04-20.html — readLink will 404
[check 08:00:00] Ticket opened: REPORT-CHECK-202604200800-ra — Newsletter HTML missing for 2026-04-20
[check 08:00:00] OK: newsletter HTML recovered from ra/output
[check 08:00:00] FAIL: daily nel (nel-daily-2026-04-20)
[check 08:00:00] Remediating: nel daily
[check 08:00:00] FAIL: daily ra (ra-daily-2026-04-20)
[check 08:00:00] Remediating: ra daily
[check 08:00:00] FAIL: daily sam (sam-daily-2026-04-20)
[check 08:00:00] Remediating: sam daily
[check 08:00:00] FAIL: daily kai (kai-daily-2026-04-20)
[check 08:00:00] Remediating: kai daily
[check 08:00:05] === Completeness check done. Failures: 0 ===
[check 08:00:01] === Completeness check 2026-04-21 (dow=2) ===
[check 08:00:01] FAIL: morning-report 2026-04-21 (morning-report-2026-04-21)
[check 08:00:01] Ticket opened: REPORT-CHECK-202604210800-kai — Morning report 2026-04-21
[check 08:00:01] Remediating: kai morning-report
[check 08:00:01] OK: newsletter 2026-04-21
[check 08:00:01] FAIL: newsletter HTML missing at website/daily/2026-04-21.html — readLink will 404
[check 08:00:01] Ticket opened: REPORT-CHECK-202604210800-ra — Newsletter HTML missing for 2026-04-21
[check 08:00:01] OK: newsletter HTML recovered from ra/output
[check 08:00:02] FAIL: daily nel (nel-daily-2026-04-21)
[check 08:00:02] Remediating: nel daily
[check 08:00:02] FAIL: daily ra (ra-daily-2026-04-21)
[check 08:00:02] Remediating: ra daily
[check 08:00:02] FAIL: daily sam (sam-daily-2026-04-21)
[check 08:00:02] Remediating: sam daily
[check 08:00:02] FAIL: daily aether (aether-daily-2026-04-21)
[check 08:00:02] Remediating: aether daily
[check 08:00:02] FAIL: daily kai (kai-daily-2026-04-21)
[check 08:00:02] Remediating: kai daily
[check 08:00:02] FAIL: aether-analysis 2026-04-20 (aether-analysis-2026-04-20)
[check 08:00:02] Ticket opened: REPORT-CHECK-202604210800-aether — Aether analysis 2026-04-20
[check 08:00:02] Remediating: aether aether-analysis
[check 08:00:02] FAIL: aether-analysis — REMEDIATION FAILED — check Mini API keys
[check 08:00:03] === Completeness check done. Failures: 1 ===
[check 08:00:03] ACTION REQUIRED: 1 report(s) failed auto-remediation
[check 07:25:43] === Completeness check 2026-04-22 (dow=3) ===
[check 07:25:43] FAIL: morning-report 2026-04-22 (morning-report-2026-04-22)
[check 07:25:43] Ticket opened: REPORT-CHECK-202604220725-kai — Morning report 2026-04-22
[check 07:25:43] Remediating: kai morning-report
[check 07:25:43] OK: newsletter 2026-04-22
[check 07:25:43] FAIL: newsletter HTML missing at website/daily/2026-04-22.html — readLink will 404
[check 07:25:43] Ticket opened: REPORT-CHECK-202604220725-ra — Newsletter HTML missing for 2026-04-22
[check 07:25:43] OK: newsletter HTML recovered from ra/output
[check 07:25:43] FAIL: daily nel (nel-daily-2026-04-22)
[check 07:25:43] Remediating: nel daily
[check 07:25:43] FAIL: daily ra (ra-daily-2026-04-22)
[check 07:25:43] Remediating: ra daily
[check 07:25:43] FAIL: daily sam (sam-daily-2026-04-22)
[check 07:25:43] Remediating: sam daily
[check 07:25:43] FAIL: daily aether (aether-daily-2026-04-22)
[check 07:25:43] Remediating: aether daily
[check 07:25:44] FAIL: daily kai (kai-daily-2026-04-22)
[check 07:25:44] Remediating: kai daily
[check 07:25:44] FAIL: aether-analysis 2026-04-21 (aether-analysis-2026-04-21)
[check 07:25:44] Ticket opened: REPORT-CHECK-202604220725-aether — Aether analysis 2026-04-21
[check 07:25:44] Remediating: aether aether-analysis
[check 07:26:33] FAIL: aether-analysis — REMEDIATION FAILED — check Mini API keys
[check 07:26:34] === Completeness check done. Failures: 1 ===
[check 07:26:34] ACTION REQUIRED: 1 report(s) failed auto-remediation
[check 08:00:04] === Completeness check 2026-04-22 (dow=3) ===
[check 08:00:04] FAIL: morning-report 2026-04-22 (morning-report-2026-04-22)
[check 08:00:04] Ticket opened: REPORT-CHECK-202604220800-kai — Morning report 2026-04-22
[check 08:00:04] Remediating: kai morning-report
[check 08:00:05] OK: newsletter 2026-04-22
[check 08:00:05] FAIL: daily nel (nel-daily-2026-04-22)
[check 08:00:05] Remediating: nel daily
[check 08:00:05] FAIL: daily ra (ra-daily-2026-04-22)
[check 08:00:05] Remediating: ra daily
[check 08:00:05] FAIL: daily sam (sam-daily-2026-04-22)
[check 08:00:05] Remediating: sam daily
[check 08:00:05] FAIL: daily aether (aether-daily-2026-04-22)
[check 08:00:05] Remediating: aether daily
[check 08:00:05] FAIL: daily kai (kai-daily-2026-04-22)
[check 08:00:05] Remediating: kai daily
[check 08:00:05] FAIL: aether-analysis 2026-04-21 (aether-analysis-2026-04-21)
[check 08:00:05] Ticket opened: REPORT-CHECK-202604220800-aether — Aether analysis 2026-04-21
[check 08:00:05] Remediating: aether aether-analysis
[check 08:00:06] FAIL: aether-analysis — REMEDIATION FAILED — check Mini API keys
[check 08:00:06] === Completeness check done. Failures: 1 ===
[check 08:00:06] ACTION REQUIRED: 1 report(s) failed auto-remediation
