[06:55:52] Phase 0a: Running Dex JSONL auto-repair...
[06:55:52] Dex repair: === Summary: 5 clean, 3 repaired, 0 P0, 0 skipped ===   Removed 55 duplicate entries, injected 12 missing fields 
[06:55:52] Phase 0b: Running Dex pattern cluster analysis...
[06:55:52] Dex cluster:   Largest cluster: 40 entries same root cause   Written: agents/dex/ledger/cluster-report.json   Written: agents/dex/research/CLUSTER_REPORT.md 
[06:55:52] Phase 0c: Running Dex false-positive dedup...
[06:55:52] Dex dedup: === Summary: 0 FPs resolved, 0 old entries pruned ===
[06:55:52] Starting hyo consolidation
[06:55:53] Sentinel [hyo]: passed=2 failed=2
findings:
- FAIL: .secrets dir mode=0700 (want 700)
- FAIL: founder.token mode=0600 (want 600)
[06:55:53] Cipher [hyo]: leaks=1 in website/
/Users/kai/Documents/Projects/Hyo/website/docs/consolidation/2026-04-28.md:41:/Users/kai/Documents/Projects/Hyo/kai/queue/completed/cmd-1777339979-242.json:6:  "stdout": "=== AETHERBOT_KEY env var ===\nSet: NO, Value: NOT_SET\n=== Key file ===\n-----BEGIN RSA PRIVATE KEY-----\n=== zshrc/env ===\n=== v255 timestamp format (ms vs seconds) ===\n186:# Session windows in MTN (all log timestamps are MTN):\n453:def create_signature(timestamp_ms: str, method: str, path: str) -> str:\n455:    message = f\"{timestamp_ms}{method.upper()}{path_without_query}\".encode(\"utf-8\")\n464:    timestamp_ms = str(int(dt.datetime.now(dt.timezone.utc).timestamp() * 1000))\n466:    sig = create_signature(timestamp_ms, method, full_path)\n470:        \"KALSHI-ACCESS-TIMESTAMP\": timestamp_ms,\n505:        _last_ob_poll_ts = time.time()  # v254: record poll timestamp for exit timing delta\n2252:    _exit_submit_ts = time.time()  # v254: pre-submission timestamp\n2392:    Return the Unix timestamp of the most recently COMPLETED candle boundary.\n2393:    E.g. for 3m (180s) at 07:43:45 UTC \u2192 returns timestamp of 07:42:00 close.\n", | leaks=0 in NFT/
[06:55:53] Finished hyo consolidation
[06:55:53] Starting aurora-ra consolidation
[06:55:53] Sentinel [aurora-ra]: passed=4 failed=0
[06:55:53] Cipher [aurora-ra]: leaks=0 in agents/ra/pipeline/
[06:55:53] Finished aurora-ra consolidation
[06:55:53] Starting aether consolidation
[06:55:53] Sentinel [aether]: passed=1 failed=1
findings:
- FAIL: kai/aether.sh runner missing
[06:55:53] Finished aether consolidation
[06:55:53] Starting kai-ceo consolidation
[06:55:53] Sentinel [kai-ceo]: passed=4 failed=0
[06:55:53] Cipher [kai-ceo]: leaks=1 in kai/
/Users/kai/Documents/Projects/Hyo/kai/queue/completed/cmd-1777339979-242.json:6:  "stdout": "=== AETHERBOT_KEY env var ===\nSet: NO, Value: NOT_SET\n=== Key file ===\n-----BEGIN RSA PRIVATE KEY-----\n=== zshrc/env ===\n=== v255 timestamp format (ms vs seconds) ===\n186:# Session windows in MTN (all log timestamps are MTN):\n453:def create_signature(timestamp_ms: str, method: str, path: str) -> str:\n455:    message = f\"{timestamp_ms}{method.upper()}{path_without_query}\".encode(\"utf-8\")\n464:    timestamp_ms = str(int(dt.datetime.now(dt.timezone.utc).timestamp() * 1000))\n466:    sig = create_signature(timestamp_ms, method, full_path)\n470:        \"KALSHI-ACCESS-TIMESTAMP\": timestamp_ms,\n505:        _last_ob_poll_ts = time.time()  # v254: record poll timestamp for exit timing delta\n2252:    _exit_submit_ts = time.time()  # v254: pre-submission timestamp\n2392:    Return the Unix timestamp of the most recently COMPLETED candle boundary.\n2393:    E.g. for 3m (180s) at 07:43:45 UTC \u2192 returns timestamp of 07:42:00 close.\n",
[06:55:53] Finished kai-ceo consolidation
[06:55:53] Starting nel consolidation
[06:55:53] Sentinel [nel]: passed=4 failed=0
[06:55:53] Cipher [nel]: leaks=0 in agents/nel/nel.sh
[06:55:53] Finished nel consolidation
[06:55:53] Starting sam consolidation
[06:55:53] Sentinel [sam]: passed=6 failed=0
[06:55:53] Cipher [sam]: leaks=0 in agents/sam/sam.sh
[06:55:53] Finished sam consolidation
[06:55:53] Consolidation complete. Log at /Users/kai/Documents/Projects/Hyo/agents/nel/logs/consolidation-2026-04-29.md
[06:55:54] Simulation report written to /Users/kai/Documents/Projects/Hyo/agents/nel/logs/simulation-2026-04-29.md and synced to website/docs/sim/
Updated /Users/kai/Documents/Projects/Hyo/website/data/hq-state.json (18 deduplicated to 18 events)
[06:55:54] Synced to website/docs/consolidation/
[06:55:54] 
[06:55:54] ═══ System 5: Memory Loop — Nightly Questions ═══
Memory Loop: 4 tickets today, 69 blocked, risk: TASK-20260426-ra-001: Ra daily report missing for 2026-04-26
[06:55:54] Memory Loop complete — written to /Users/kai/Documents/Projects/Hyo/kai/ledger/memory-loop.jsonl
[06:55:54] Triggering Nel nightly reflection (q24)
PLAYBOOK updated with research entry for 2026-04-29
[nel-research] 00:56:37 Findings archived to /Users/kai/Documents/Projects/Hyo/agents/ra/research/briefs/nel-2026-04-29.md
[nel-research] 00:56:37 Research cycle complete for nel
Nel reflection sections written to /tmp/nel-reflection-sections-20260429.json
[bluf-augment] nel: sections augmented — status: SHIPPED: IMP-20260414-nel-002 — Build dependency vulnerabili
[publish-to-feed] Dedup check: [pre-publish-check] OK: max overlap 38% — safe to publish
Published to feed: [agent-reflection] Nel — Daily Reflection by Nel
Archived to /Users/kai/Documents/Projects/Hyo/agents/nel/archive/2026/04/nel-agent-reflection-2026-04-29.json
Feed entry published: agent-reflection-nel-2026-04-29-005637
✓ Reflection published to HQ feed (nightly q24 window)
Report: nel → research+reflection cycle: score=85, sentinel=4p/0f, cipher_leaks=0, reflection_published=yes
[0;32m[ticket][0m Created TASK-20260429-nel-001 (P2) → nel: Research surfaced blindspot or CVE — coverage gap to close
TASK-20260429-nel-001
✓ Introspection→ticket: improvement ticket emitted (W3)
✓ Self-evolution logged: routine maintenance run
✓ Memory update: ACTIVE.md written
Self-delegated: nel-001 [P2] Fix 28 broken symlinks found during audit (nel → self, logged to kai)
Self-delegated: nel-001 [P3] Nel run complete: score=85, actions=1, sentinel=4/4 (nel → self, logged to kai)
✓ Dispatch: findings reported to Kai ledger
! System health acceptable, improvement opportunities identified.
[06:56:38] Nel nightly reflection complete
[06:56:48] Phase 0a: Running Dex JSONL auto-repair...
[06:56:48] Dex repair: === Summary: 4 clean, 4 repaired, 0 P0, 0 skipped ===   Removed 31 duplicate entries, injected 16 missing fields 
[06:56:48] Phase 0b: Running Dex pattern cluster analysis...
[06:56:48] Dex cluster:   Largest cluster: 40 entries same root cause   Written: agents/dex/ledger/cluster-report.json   Written: agents/dex/research/CLUSTER_REPORT.md 
[06:56:48] Phase 0c: Running Dex false-positive dedup...
[06:56:48] Dex dedup: === Summary: 0 FPs resolved, 0 old entries pruned ===
[06:56:48] Starting hyo consolidation
[06:56:49] Sentinel [hyo]: passed=2 failed=2
findings:
- FAIL: .secrets dir mode=0700 (want 700)
- FAIL: founder.token mode=0600 (want 600)
[06:56:49] Cipher [hyo]: leaks=5 in website/
/Users/kai/Documents/Projects/Hyo/website/docs/consolidation/2026-04-29.md:19:/Users/kai/Documents/Projects/Hyo/website/docs/consolidation/2026-04-29.md:19:/Users/kai/Documents/Projects/Hyo/website/docs/consolidation/2026-04-28.md:41:/Users/kai/Documents/Projects/Hyo/kai/queue/completed/cmd-1777339979-242.json:6:  "stdout": "=== AETHERBOT_KEY env var ===\nSet: NO, Value: NOT_SET\n=== Key file ===\n-----BEGIN RSA PRIVATE KEY-----\n=== zshrc/env ===\n=== v255 timestamp format (ms vs seconds) ===\n186:# Session windows in MTN (all log timestamps are MTN):\n453:def create_signature(timestamp_ms: str, method: str, path: str) -> str:\n455:    message = f\"{timestamp_ms}{method.upper()}{path_without_query}\".encode(\"utf-8\")\n464:    timestamp_ms = str(int(dt.datetime.now(dt.timezone.utc).timestamp() * 1000))\n466:    sig = create_signature(timestamp_ms, method, full_path)\n470:        \"KALSHI-ACCESS-TIMESTAMP\": timestamp_ms,\n505:        _last_ob_poll_ts = time.time()  # v254: record poll timestamp for exit timing delta\n2252:    _exit_submit_ts = time.time()  # v254: pre-submission timestamp\n2392:    Return the Unix timestamp of the most recently COMPLETED candle boundary.\n2393:    E.g. for 3m (180s) at 07:43:45 UTC \u2192 returns timestamp of 07:42:00 close.\n", | leaks=0 in NFT/
/Users/kai/Documents/Projects/Hyo/website/docs/consolidation/2026-04-29.md:20:/Users/kai/Documents/Projects/Hyo/website/docs/consolidation/2026-04-29.md:42:/Users/kai/Documents/Projects/Hyo/kai/queue/completed/cmd-1777339979-242.json:6:  "stdout": "=== AETHERBOT_KEY env var ===\nSet: NO, Value: NOT_SET\n=== Key file ===\n-----BEGIN RSA PRIVATE KEY-----\n=== zshrc/env ===\n=== v255 timestamp format (ms vs seconds) ===\n186:# Session windows in MTN (all log timestamps are MTN):\n453:def create_signature(timestamp_ms: str, method: str, path: str) -> str:\n455:    message = f\"{timestamp_ms}{method.upper()}{path_without_query}\".encode(\"utf-8\")\n464:    timestamp_ms = str(int(dt.datetime.now(dt.timezone.utc).timestamp() * 1000))\n466:    sig = create_signature(timestamp_ms, method, full_path)\n470:        \"KALSHI-ACCESS-TIMESTAMP\": timestamp_ms,\n505:        _last_ob_poll_ts = time.time()  # v254: record poll timestamp for exit timing delta\n2252:    _exit_submit_ts = time.time()  # v254: pre-submission timestamp\n2392:    Return the Unix timestamp of the most recently COMPLETED candle boundary.\n2393:    E.g. for 3m (180s) at 07:43:45 UTC \u2192 returns timestamp of 07:42:00 close.\n",
/Users/kai/Documents/Projects/Hyo/website/docs/consolidation/2026-04-29.md:21:/Users/kai/Documents/Projects/Hyo/website/docs/consolidation/2026-04-28.md:41:/Users/kai/Documents/Projects/Hyo/kai/queue/completed/cmd-1777339979-242.json:6:  "stdout": "=== AETHERBOT_KEY env var ===\nSet: NO, Value: NOT_SET\n=== Key file ===\n-----BEGIN RSA PRIVATE KEY-----\n=== zshrc/env ===\n=== v255 timestamp format (ms vs seconds) ===\n186:# Session windows in MTN (all log timestamps are MTN):\n453:def create_signature(timestamp_ms: str, method: str, path: str) -> str:\n455:    message = f\"{timestamp_ms}{method.upper()}{path_without_query}\".encode(\"utf-8\")\n464:    timestamp_ms = str(int(dt.datetime.now(dt.timezone.utc).timestamp() * 1000))\n466:    sig = create_signature(timestamp_ms, method, full_path)\n470:        \"KALSHI-ACCESS-TIMESTAMP\": timestamp_ms,\n505:        _last_ob_poll_ts = time.time()  # v254: record poll timestamp for exit timing delta\n2252:    _exit_submit_ts = time.time()  # v254: pre-submission timestamp\n2392:    Return the Unix timestamp of the most recently COMPLETED candle boundary.\n2393:    E.g. for 3m (180s) at 07:43:45 UTC \u2192 returns timestamp of 07:42:00 close.\n", | leaks=0 in NFT/
/Users/kai/Documents/Projects/Hyo/website/docs/consolidation/2026-04-29.md:44:/Users/kai/Documents/Projects/Hyo/kai/queue/completed/cmd-1777339979-242.json:6:  "stdout": "=== AETHERBOT_KEY env var ===\nSet: NO, Value: NOT_SET\n=== Key file ===\n-----BEGIN RSA PRIVATE KEY-----\n=== zshrc/env ===\n=== v255 timestamp format (ms vs seconds) ===\n186:# Session windows in MTN (all log timestamps are MTN):\n453:def create_signature(timestamp_ms: str, method: str, path: str) -> str:\n455:    message = f\"{timestamp_ms}{method.upper()}{path_without_query}\".encode(\"utf-8\")\n464:    timestamp_ms = str(int(dt.datetime.now(dt.timezone.utc).timestamp() * 1000))\n466:    sig = create_signature(timestamp_ms, method, full_path)\n470:        \"KALSHI-ACCESS-TIMESTAMP\": timestamp_ms,\n505:        _last_ob_poll_ts = time.time()  # v254: record poll timestamp for exit timing delta\n2252:    _exit_submit_ts = time.time()  # v254: pre-submission timestamp\n2392:    Return the Unix timestamp of the most recently COMPLETED candle boundary.\n2393:    E.g. for 3m (180s) at 07:43:45 UTC \u2192 returns timestamp of 07:42:00 close.\n",
/Users/kai/Documents/Projects/Hyo/website/docs/consolidation/2026-04-28.md:41:/Users/kai/Documents/Projects/Hyo/kai/queue/completed/cmd-1777339979-242.json:6:  "stdout": "=== AETHERBOT_KEY env var ===\nSet: NO, Value: NOT_SET\n=== Key file ===\n-----BEGIN RSA PRIVATE KEY-----\n=== zshrc/env ===\n=== v255 timestamp format (ms vs seconds) ===\n186:# Session windows in MTN (all log timestamps are MTN):\n453:def create_signature(timestamp_ms: str, method: str, path: str) -> str:\n455:    message = f\"{timestamp_ms}{method.upper()}{path_without_query}\".encode(\"utf-8\")\n464:    timestamp_ms = str(int(dt.datetime.now(dt.timezone.utc).timestamp() * 1000))\n466:    sig = create_signature(timestamp_ms, method, full_path)\n470:        \"KALSHI-ACCESS-TIMESTAMP\": timestamp_ms,\n505:        _last_ob_poll_ts = time.time()  # v254: record poll timestamp for exit timing delta\n2252:    _exit_submit_ts = time.time()  # v254: pre-submission timestamp\n2392:    Return the Unix timestamp of the most recently COMPLETED candle boundary.\n2393:    E.g. for 3m (180s) at 07:43:45 UTC \u2192 returns timestamp of 07:42:00 close.\n", | leaks=0 in NFT/
[06:56:49] Finished hyo consolidation
[06:56:49] Starting aurora-ra consolidation
[06:56:49] Sentinel [aurora-ra]: passed=4 failed=0
[06:56:49] Cipher [aurora-ra]: leaks=0 in agents/ra/pipeline/
[06:56:49] Finished aurora-ra consolidation
[06:56:49] Starting aether consolidation
[06:56:49] Sentinel [aether]: passed=1 failed=1
findings:
- FAIL: kai/aether.sh runner missing
[06:56:49] Finished aether consolidation
[06:56:49] Starting kai-ceo consolidation
[06:56:49] Sentinel [kai-ceo]: passed=4 failed=0
[06:56:50] Cipher [kai-ceo]: leaks=1 in kai/
/Users/kai/Documents/Projects/Hyo/kai/queue/completed/cmd-1777339979-242.json:6:  "stdout": "=== AETHERBOT_KEY env var ===\nSet: NO, Value: NOT_SET\n=== Key file ===\n-----BEGIN RSA PRIVATE KEY-----\n=== zshrc/env ===\n=== v255 timestamp format (ms vs seconds) ===\n186:# Session windows in MTN (all log timestamps are MTN):\n453:def create_signature(timestamp_ms: str, method: str, path: str) -> str:\n455:    message = f\"{timestamp_ms}{method.upper()}{path_without_query}\".encode(\"utf-8\")\n464:    timestamp_ms = str(int(dt.datetime.now(dt.timezone.utc).timestamp() * 1000))\n466:    sig = create_signature(timestamp_ms, method, full_path)\n470:        \"KALSHI-ACCESS-TIMESTAMP\": timestamp_ms,\n505:        _last_ob_poll_ts = time.time()  # v254: record poll timestamp for exit timing delta\n2252:    _exit_submit_ts = time.time()  # v254: pre-submission timestamp\n2392:    Return the Unix timestamp of the most recently COMPLETED candle boundary.\n2393:    E.g. for 3m (180s) at 07:43:45 UTC \u2192 returns timestamp of 07:42:00 close.\n",
[06:56:50] Finished kai-ceo consolidation
[06:56:50] Starting nel consolidation
[06:56:50] Sentinel [nel]: passed=4 failed=0
[06:56:50] Cipher [nel]: leaks=0 in agents/nel/nel.sh
[06:56:50] Finished nel consolidation
[06:56:50] Starting sam consolidation
[06:56:50] Sentinel [sam]: passed=6 failed=0
[06:56:50] Cipher [sam]: leaks=0 in agents/sam/sam.sh
[06:56:50] Finished sam consolidation
[06:56:50] Consolidation complete. Log at /Users/kai/Documents/Projects/Hyo/agents/nel/logs/consolidation-2026-05-01.md
[06:56:50] Simulation report written to /Users/kai/Documents/Projects/Hyo/agents/nel/logs/simulation-2026-05-01.md and synced to website/docs/sim/
Updated /Users/kai/Documents/Projects/Hyo/website/data/hq-state.json (22 deduplicated to 22 events)
[06:56:51] Synced to website/docs/consolidation/
[06:56:51] 
[06:56:51] ═══ System 5: Memory Loop — Nightly Questions ═══
Memory Loop: 71 tickets today, 2 blocked, risk: TASK-20260429-ra-001: Doctor: OMP below minimum for ra (69/1
[06:56:51] Memory Loop complete — written to /Users/kai/Documents/Projects/Hyo/kai/ledger/memory-loop.jsonl
[06:56:51] Triggering Nel nightly reflection (q24)
[06:50:19] Phase 0a: Running Dex JSONL auto-repair...
[06:50:20] Dex repair: === Summary: 5 clean, 3 repaired, 0 P0, 0 skipped ===   Removed 51 duplicate entries, injected 11 missing fields 
[06:50:20] Phase 0b: Running Dex pattern cluster analysis...
[06:50:20] Dex cluster:   Largest cluster: 38 entries same root cause   Written: agents/dex/ledger/cluster-report.json   Written: agents/dex/research/CLUSTER_REPORT.md 
[06:50:20] Phase 0c: Running Dex false-positive dedup...
[06:50:20] Dex dedup: === Summary: 0 FPs resolved, 0 old entries pruned ===
[06:50:20] Starting hyo consolidation
[06:50:21] Sentinel [hyo]: passed=2 failed=2
findings:
- FAIL: .secrets dir mode=0700 (want 700)
- FAIL: founder.token mode=0600 (want 600)
[06:50:21] Cipher [hyo]: leaks=5 in website/
/Users/kai/Documents/Projects/Hyo/website/docs/consolidation/2026-04-29.md:19:/Users/kai/Documents/Projects/Hyo/website/docs/consolidation/2026-04-29.md:19:/Users/kai/Documents/Projects/Hyo/website/docs/consolidation/2026-04-28.md:41:/Users/kai/Documents/Projects/Hyo/kai/queue/completed/cmd-1777339979-242.json:6:  "stdout": "=== AETHERBOT_KEY env var ===\nSet: NO, Value: NOT_SET\n=== Key file ===\n-----BEGIN RSA PRIVATE KEY-----\n=== zshrc/env ===\n=== v255 timestamp format (ms vs seconds) ===\n186:# Session windows in MTN (all log timestamps are MTN):\n453:def create_signature(timestamp_ms: str, method: str, path: str) -> str:\n455:    message = f\"{timestamp_ms}{method.upper()}{path_without_query}\".encode(\"utf-8\")\n464:    timestamp_ms = str(int(dt.datetime.now(dt.timezone.utc).timestamp() * 1000))\n466:    sig = create_signature(timestamp_ms, method, full_path)\n470:        \"KALSHI-ACCESS-TIMESTAMP\": timestamp_ms,\n505:        _last_ob_poll_ts = time.time()  # v254: record poll timestamp for exit timing delta\n2252:    _exit_submit_ts = time.time()  # v254: pre-submission timestamp\n2392:    Return the Unix timestamp of the most recently COMPLETED candle boundary.\n2393:    E.g. for 3m (180s) at 07:43:45 UTC \u2192 returns timestamp of 07:42:00 close.\n", | leaks=0 in NFT/
/Users/kai/Documents/Projects/Hyo/website/docs/consolidation/2026-04-29.md:20:/Users/kai/Documents/Projects/Hyo/website/docs/consolidation/2026-04-29.md:42:/Users/kai/Documents/Projects/Hyo/kai/queue/completed/cmd-1777339979-242.json:6:  "stdout": "=== AETHERBOT_KEY env var ===\nSet: NO, Value: NOT_SET\n=== Key file ===\n-----BEGIN RSA PRIVATE KEY-----\n=== zshrc/env ===\n=== v255 timestamp format (ms vs seconds) ===\n186:# Session windows in MTN (all log timestamps are MTN):\n453:def create_signature(timestamp_ms: str, method: str, path: str) -> str:\n455:    message = f\"{timestamp_ms}{method.upper()}{path_without_query}\".encode(\"utf-8\")\n464:    timestamp_ms = str(int(dt.datetime.now(dt.timezone.utc).timestamp() * 1000))\n466:    sig = create_signature(timestamp_ms, method, full_path)\n470:        \"KALSHI-ACCESS-TIMESTAMP\": timestamp_ms,\n505:        _last_ob_poll_ts = time.time()  # v254: record poll timestamp for exit timing delta\n2252:    _exit_submit_ts = time.time()  # v254: pre-submission timestamp\n2392:    Return the Unix timestamp of the most recently COMPLETED candle boundary.\n2393:    E.g. for 3m (180s) at 07:43:45 UTC \u2192 returns timestamp of 07:42:00 close.\n",
/Users/kai/Documents/Projects/Hyo/website/docs/consolidation/2026-04-29.md:21:/Users/kai/Documents/Projects/Hyo/website/docs/consolidation/2026-04-28.md:41:/Users/kai/Documents/Projects/Hyo/kai/queue/completed/cmd-1777339979-242.json:6:  "stdout": "=== AETHERBOT_KEY env var ===\nSet: NO, Value: NOT_SET\n=== Key file ===\n-----BEGIN RSA PRIVATE KEY-----\n=== zshrc/env ===\n=== v255 timestamp format (ms vs seconds) ===\n186:# Session windows in MTN (all log timestamps are MTN):\n453:def create_signature(timestamp_ms: str, method: str, path: str) -> str:\n455:    message = f\"{timestamp_ms}{method.upper()}{path_without_query}\".encode(\"utf-8\")\n464:    timestamp_ms = str(int(dt.datetime.now(dt.timezone.utc).timestamp() * 1000))\n466:    sig = create_signature(timestamp_ms, method, full_path)\n470:        \"KALSHI-ACCESS-TIMESTAMP\": timestamp_ms,\n505:        _last_ob_poll_ts = time.time()  # v254: record poll timestamp for exit timing delta\n2252:    _exit_submit_ts = time.time()  # v254: pre-submission timestamp\n2392:    Return the Unix timestamp of the most recently COMPLETED candle boundary.\n2393:    E.g. for 3m (180s) at 07:43:45 UTC \u2192 returns timestamp of 07:42:00 close.\n", | leaks=0 in NFT/
/Users/kai/Documents/Projects/Hyo/website/docs/consolidation/2026-04-29.md:44:/Users/kai/Documents/Projects/Hyo/kai/queue/completed/cmd-1777339979-242.json:6:  "stdout": "=== AETHERBOT_KEY env var ===\nSet: NO, Value: NOT_SET\n=== Key file ===\n-----BEGIN RSA PRIVATE KEY-----\n=== zshrc/env ===\n=== v255 timestamp format (ms vs seconds) ===\n186:# Session windows in MTN (all log timestamps are MTN):\n453:def create_signature(timestamp_ms: str, method: str, path: str) -> str:\n455:    message = f\"{timestamp_ms}{method.upper()}{path_without_query}\".encode(\"utf-8\")\n464:    timestamp_ms = str(int(dt.datetime.now(dt.timezone.utc).timestamp() * 1000))\n466:    sig = create_signature(timestamp_ms, method, full_path)\n470:        \"KALSHI-ACCESS-TIMESTAMP\": timestamp_ms,\n505:        _last_ob_poll_ts = time.time()  # v254: record poll timestamp for exit timing delta\n2252:    _exit_submit_ts = time.time()  # v254: pre-submission timestamp\n2392:    Return the Unix timestamp of the most recently COMPLETED candle boundary.\n2393:    E.g. for 3m (180s) at 07:43:45 UTC \u2192 returns timestamp of 07:42:00 close.\n",
/Users/kai/Documents/Projects/Hyo/website/docs/consolidation/2026-04-28.md:41:/Users/kai/Documents/Projects/Hyo/kai/queue/completed/cmd-1777339979-242.json:6:  "stdout": "=== AETHERBOT_KEY env var ===\nSet: NO, Value: NOT_SET\n=== Key file ===\n-----BEGIN RSA PRIVATE KEY-----\n=== zshrc/env ===\n=== v255 timestamp format (ms vs seconds) ===\n186:# Session windows in MTN (all log timestamps are MTN):\n453:def create_signature(timestamp_ms: str, method: str, path: str) -> str:\n455:    message = f\"{timestamp_ms}{method.upper()}{path_without_query}\".encode(\"utf-8\")\n464:    timestamp_ms = str(int(dt.datetime.now(dt.timezone.utc).timestamp() * 1000))\n466:    sig = create_signature(timestamp_ms, method, full_path)\n470:        \"KALSHI-ACCESS-TIMESTAMP\": timestamp_ms,\n505:        _last_ob_poll_ts = time.time()  # v254: record poll timestamp for exit timing delta\n2252:    _exit_submit_ts = time.time()  # v254: pre-submission timestamp\n2392:    Return the Unix timestamp of the most recently COMPLETED candle boundary.\n2393:    E.g. for 3m (180s) at 07:43:45 UTC \u2192 returns timestamp of 07:42:00 close.\n", | leaks=0 in NFT/
[06:50:21] Finished hyo consolidation
[06:50:21] Starting aurora-ra consolidation
[06:50:21] Sentinel [aurora-ra]: passed=4 failed=0
[06:50:21] Cipher [aurora-ra]: leaks=0 in agents/ra/pipeline/
[06:50:21] Finished aurora-ra consolidation
[06:50:21] Starting aether consolidation
[06:50:21] Sentinel [aether]: passed=1 failed=1
findings:
- FAIL: kai/aether.sh runner missing
[06:50:21] Finished aether consolidation
[06:50:21] Starting kai-ceo consolidation
[06:50:21] Sentinel [kai-ceo]: passed=4 failed=0
[06:50:22] Cipher [kai-ceo]: leaks=1 in kai/
/Users/kai/Documents/Projects/Hyo/kai/queue/completed/cmd-1777339979-242.json:6:  "stdout": "=== AETHERBOT_KEY env var ===\nSet: NO, Value: NOT_SET\n=== Key file ===\n-----BEGIN RSA PRIVATE KEY-----\n=== zshrc/env ===\n=== v255 timestamp format (ms vs seconds) ===\n186:# Session windows in MTN (all log timestamps are MTN):\n453:def create_signature(timestamp_ms: str, method: str, path: str) -> str:\n455:    message = f\"{timestamp_ms}{method.upper()}{path_without_query}\".encode(\"utf-8\")\n464:    timestamp_ms = str(int(dt.datetime.now(dt.timezone.utc).timestamp() * 1000))\n466:    sig = create_signature(timestamp_ms, method, full_path)\n470:        \"KALSHI-ACCESS-TIMESTAMP\": timestamp_ms,\n505:        _last_ob_poll_ts = time.time()  # v254: record poll timestamp for exit timing delta\n2252:    _exit_submit_ts = time.time()  # v254: pre-submission timestamp\n2392:    Return the Unix timestamp of the most recently COMPLETED candle boundary.\n2393:    E.g. for 3m (180s) at 07:43:45 UTC \u2192 returns timestamp of 07:42:00 close.\n",
[06:50:22] Finished kai-ceo consolidation
[06:50:22] Starting nel consolidation
[06:50:22] Sentinel [nel]: passed=4 failed=0
[06:50:22] Cipher [nel]: leaks=0 in agents/nel/nel.sh
[06:50:22] Finished nel consolidation
[06:50:22] Starting sam consolidation
[06:50:22] Sentinel [sam]: passed=6 failed=0
[06:50:22] Cipher [sam]: leaks=0 in agents/sam/sam.sh
[06:50:22] Finished sam consolidation
[06:50:22] Consolidation complete. Log at /Users/kai/Documents/Projects/Hyo/agents/nel/logs/consolidation-2026-05-05.md
[06:50:22] Simulation report written to /Users/kai/Documents/Projects/Hyo/agents/nel/logs/simulation-2026-05-05.md and synced to website/docs/sim/
Updated /Users/kai/Documents/Projects/Hyo/website/data/hq-state.json (24 deduplicated to 24 events)
[06:50:22] Synced to website/docs/consolidation/
[06:50:22] 
[06:50:22] ═══ System 5: Memory Loop — Nightly Questions ═══
Memory Loop: 102 tickets today, 1 blocked, risk: TASK-20260429-aether-001: Self-improve health: Q7 FAIL — aet
[06:50:22] Memory Loop complete — written to /Users/kai/Documents/Projects/Hyo/kai/ledger/memory-loop.jsonl
[06:50:22] Triggering Nel nightly reflection (q24)
