[dispatch-sync 2026-04-18T16:07:35-0600] === Dispatch sync starting ===
[dispatch-sync 2026-04-18T16:07:35-0600] Session detected: KAI_BRIEF.md updated 0h ago — chat was present
[dispatch-sync 2026-04-18T16:07:35-0600] Fetching Hyo messages from https://hyo.world...
[dispatch-sync 2026-04-18T16:07:35-0600] WARNING: HQ returned HTTP 307 — skipping fetch this cycle
[dispatch-sync 2026-04-18T16:07:35-0600] No data from HQ (fetch skipped or failed)
[dispatch-sync 2026-04-18T16:07:35-0600] hyo-inbox.jsonl: 0 total, 0
0 unread
[dispatch-sync 2026-04-18T16:07:35-0600] Context: session was active in last 24h — Kai likely has live context
[dispatch-sync 2026-04-18T16:07:35-0600] === Dispatch sync complete: 0 new messages ===
[dispatch-sync 2026-04-19T16:07:33-0600] === Dispatch sync starting ===
[dispatch-sync 2026-04-19T16:07:33-0600] Session detected: KAI_BRIEF.md updated 0h ago — chat was present
[dispatch-sync 2026-04-19T16:07:33-0600] Fetching Hyo messages from https://hyo.world...
[dispatch-sync 2026-04-19T16:07:33-0600] WARNING: HQ returned HTTP 307 — skipping fetch this cycle
[dispatch-sync 2026-04-19T16:07:33-0600] No data from HQ (fetch skipped or failed)
[dispatch-sync 2026-04-19T16:07:33-0600] hyo-inbox.jsonl: 0 total, 0
0 unread
[dispatch-sync 2026-04-19T16:07:33-0600] Context: session was active in last 24h — Kai likely has live context
[dispatch-sync 2026-04-19T16:07:33-0600] === Dispatch sync complete: 0 new messages ===
[dispatch-sync 2026-04-20T16:08:07-0600] === Dispatch sync starting ===
[dispatch-sync 2026-04-20T16:08:07-0600] Session detected: KAI_BRIEF.md updated 0h ago — chat was present
[dispatch-sync 2026-04-20T16:08:07-0600] Fetching Hyo messages from https://hyo.world...
[dispatch-sync 2026-04-20T16:08:07-0600] WARNING: HQ returned HTTP 307 — skipping fetch this cycle
[dispatch-sync 2026-04-20T16:08:07-0600] No data from HQ (fetch skipped or failed)
[dispatch-sync 2026-04-20T16:08:07-0600] hyo-inbox.jsonl: 0 total, 0
0 unread
[dispatch-sync 2026-04-20T16:08:07-0600] Context: session was active in last 24h — Kai likely has live context
[dispatch-sync 2026-04-20T16:08:07-0600] === Dispatch sync complete: 0 new messages ===
[dispatch-sync 2026-04-21T16:07:34-0600] === Dispatch sync starting ===
[dispatch-sync 2026-04-21T16:07:34-0600] Session detected: KAI_BRIEF.md updated 0h ago — chat was present
[dispatch-sync 2026-04-21T16:07:34-0600] Fetching Hyo messages from https://hyo.world...
[dispatch-sync 2026-04-21T16:07:34-0600] WARNING: HQ returned HTTP 307 — skipping fetch this cycle
[dispatch-sync 2026-04-21T16:07:34-0600] No data from HQ (fetch skipped or failed)
[dispatch-sync 2026-04-21T16:07:34-0600] hyo-inbox.jsonl: 236 total, 236 unread
[dispatch-sync 2026-04-21T16:07:34-0600] Context: session was active in last 24h — Kai likely has live context
[dispatch-sync 2026-04-21T16:07:34-0600] === Dispatch sync complete: 0 new messages ===
[dispatch-sync 2026-04-22T16:06:39-0600] === Dispatch sync starting ===
[dispatch-sync 2026-04-22T16:06:39-0600] Session detected: KAI_BRIEF.md updated 0h ago — chat was present
[dispatch-sync 2026-04-22T16:06:39-0600] Fetching Hyo messages from https://hyo.world...
[dispatch-sync 2026-04-22T16:06:39-0600] WARNING: HQ returned HTTP 307 — skipping fetch this cycle
[dispatch-sync 2026-04-22T16:06:39-0600] No data from HQ (fetch skipped or failed)
[dispatch-sync 2026-04-22T16:06:39-0600] hyo-inbox.jsonl: 3622 total, 3622 unread
[dispatch-sync 2026-04-22T16:06:39-0600] Context: session was active in last 24h — Kai likely has live context
[dispatch-sync 2026-04-22T16:06:39-0600] === Dispatch sync complete: 0 new messages ===
[dispatch-sync 2026-04-23T16:07:05-0600] === Dispatch sync starting ===
[dispatch-sync 2026-04-23T16:07:05-0600] Session detected: KAI_BRIEF.md updated 0h ago — chat was present
[dispatch-sync 2026-04-23T16:07:05-0600] Fetching Hyo messages from https://hyo.world...
[dispatch-sync 2026-04-23T16:07:05-0600] WARNING: HQ returned HTTP 307 — skipping fetch this cycle
[dispatch-sync 2026-04-23T16:07:05-0600] No data from HQ (fetch skipped or failed)
[dispatch-sync 2026-04-23T16:07:05-0600] hyo-inbox.jsonl: 2083 total, 2083 unread
[dispatch-sync 2026-04-23T16:07:05-0600] Context: session was active in last 24h — Kai likely has live context
[dispatch-sync 2026-04-23T16:07:05-0600] === Dispatch sync complete: 0 new messages ===
[dispatch-sync 2026-04-24T16:06:56-0600] === Dispatch sync starting ===
[dispatch-sync 2026-04-24T16:06:56-0600] Session detected: KAI_BRIEF.md updated 0h ago — chat was present
[dispatch-sync 2026-04-24T16:06:56-0600] Fetching Hyo messages from https://hyo.world...
[dispatch-sync 2026-04-24T16:06:56-0600] WARNING: HQ returned HTTP 307 — skipping fetch this cycle
[dispatch-sync 2026-04-24T16:06:56-0600] No data from HQ (fetch skipped or failed)
[dispatch-sync 2026-04-24T16:06:56-0600] hyo-inbox.jsonl: 1758 total, 1757 unread
[dispatch-sync 2026-04-24T16:06:56-0600] Context: session was active in last 24h — Kai likely has live context
[dispatch-sync 2026-04-24T16:06:56-0600] === Dispatch sync complete: 0 new messages ===
[dispatch-sync 2026-04-25T16:06:57-0600] === Dispatch sync starting ===
[dispatch-sync 2026-04-25T16:06:57-0600] Session detected: KAI_BRIEF.md updated 0h ago — chat was present
[dispatch-sync 2026-04-25T16:06:57-0600] Fetching Hyo messages from https://hyo.world...
[dispatch-sync 2026-04-25T16:06:57-0600] WARNING: HQ returned HTTP 307 — skipping fetch this cycle
[dispatch-sync 2026-04-25T16:06:57-0600] No data from HQ (fetch skipped or failed)
[dispatch-sync 2026-04-25T16:06:57-0600] hyo-inbox.jsonl: 284 total, 284 unread
[dispatch-sync 2026-04-25T16:06:57-0600] Context: session was active in last 24h — Kai likely has live context
[dispatch-sync 2026-04-25T16:06:57-0600] === Dispatch sync complete: 0 new messages ===
[dispatch-sync 2026-04-26T16:07:12-0600] === Dispatch sync starting ===
[dispatch-sync 2026-04-26T16:07:12-0600] Session detected: KAI_BRIEF.md updated 0h ago — chat was present
[dispatch-sync 2026-04-26T16:07:12-0600] Fetching Hyo messages from https://hyo.world...
[dispatch-sync 2026-04-26T16:07:12-0600] WARNING: HQ returned HTTP 307 — skipping fetch this cycle
[dispatch-sync 2026-04-26T16:07:12-0600] No data from HQ (fetch skipped or failed)
[dispatch-sync 2026-04-26T16:07:12-0600] hyo-inbox.jsonl: 2157 total, 2157 unread
[dispatch-sync 2026-04-26T16:07:12-0600] Context: session was active in last 24h — Kai likely has live context
[dispatch-sync 2026-04-26T16:07:12-0600] === Dispatch sync complete: 0 new messages ===
[dispatch-sync 2026-04-27T16:10:09-0600] === Dispatch sync starting ===
[dispatch-sync 2026-04-27T16:10:09-0600] Session detected: KAI_BRIEF.md updated 0h ago — chat was present
[dispatch-sync 2026-04-27T16:10:09-0600] Fetching Hyo messages from https://hyo.world...
[dispatch-sync 2026-04-27T16:10:09-0600] WARNING: HQ returned HTTP 307 — skipping fetch this cycle
[dispatch-sync 2026-04-27T16:10:09-0600] No data from HQ (fetch skipped or failed)
[dispatch-sync 2026-04-27T16:10:09-0600] hyo-inbox.jsonl: 237 total, 237 unread
[dispatch-sync 2026-04-27T16:10:09-0600] Context: session was active in last 24h — Kai likely has live context
[dispatch-sync 2026-04-27T16:10:09-0600] === Dispatch sync complete: 0 new messages ===
[dispatch-sync 2026-04-30T18:29:16-0600] === Dispatch sync starting ===
[dispatch-sync 2026-04-30T18:29:16-0600] Session detected: KAI_BRIEF.md updated 0h ago — chat was present
[dispatch-sync 2026-04-30T18:29:16-0600] Fetching Hyo messages from https://hyo.world...
[dispatch-sync 2026-04-30T18:29:16-0600] WARNING: HQ returned HTTP 307 — skipping fetch this cycle
[dispatch-sync 2026-04-30T18:29:16-0600] No data from HQ (fetch skipped or failed)
[dispatch-sync 2026-04-30T18:29:16-0600] hyo-inbox.jsonl: 221 total, 220 unread
[dispatch-sync 2026-04-30T18:29:16-0600] Context: session was active in last 24h — Kai likely has live context
[dispatch-sync 2026-04-30T18:29:16-0600] === Dispatch sync complete: 0 new messages ===
