
в•ђв•ђ FLYWHEEL DOCTOR START вЂ” 2026-04-22 в•ђв•ђ
в•ђв•ђ FLYWHEEL DOCTOR START вЂ” 2026-04-22 в•ђв•ђ
[2026-04-22T05:24:46-0600]   Checking 6 agents: nel sam aether ra dex kai
[2026-04-22T05:24:46-0600]   Checking 6 agents: nel sam aether ra dex kai

в•ђв•ђ CHECK 1: State JSON integrity в•ђв•ђ
в•ђв•ђ CHECK 1: State JSON integrity в•ђв•ђ
[2026-04-22T05:24:46-0600]   вњ— nel state.json CORRUPT (CORRUPT:missing=failure_count) вЂ” resetting to safe state
[2026-04-22T05:24:46-0600]   вњ— nel state.json CORRUPT (CORRUPT:missing=failure_count) вЂ” resetting to safe state
[0;32m[ticket][0m Created TASK-20260422-nel-001 (P1) в†’ nel: Doctor: reset corrupt self-improve state for nel
TASK-20260422-nel-001
[2026-04-22T05:24:46-0600]   вњ“ Reset applied
[2026-04-22T05:24:46-0600]   вњ“ Reset applied
[2026-04-22T05:24:46-0600]   вњ— aether state.json CORRUPT (CORRUPT:missing=failure_count) вЂ” resetting to safe state
[2026-04-22T05:24:46-0600]   вњ— aether state.json CORRUPT (CORRUPT:missing=failure_count) вЂ” resetting to safe state
[0;32m[ticket][0m Created TASK-20260422-aether-001 (P1) в†’ aether: Doctor: reset corrupt self-improve state for aether
TASK-20260422-aether-001
[2026-04-22T05:24:46-0600]   вњ“ Reset applied
[2026-04-22T05:24:46-0600]   вњ“ Reset applied
[2026-04-22T05:24:46-0600]   вњ“ kai state.json valid
[2026-04-22T05:24:46-0600]   вњ“ kai state.json valid

в•ђв•ђ CHECK 2: GROWTH.md presence and parseability в•ђв•ђ
в•ђв•ђ CHECK 2: GROWTH.md presence and parseability в•ђв•ђ
[2026-04-22T05:24:46-0600]   вњ“ nel GROWTH.md: 3 W/E items
[2026-04-22T05:24:46-0600]   вњ“ nel GROWTH.md: 3 W/E items
[2026-04-22T05:24:46-0600]   вњ“ sam GROWTH.md: 3 W/E items
[2026-04-22T05:24:46-0600]   вњ“ sam GROWTH.md: 3 W/E items
[2026-04-22T05:24:46-0600]   вњ“ aether GROWTH.md: 3 W/E items
[2026-04-22T05:24:46-0600]   вњ“ aether GROWTH.md: 3 W/E items
[2026-04-22T05:24:46-0600]   вњ“ ra GROWTH.md: 3 W/E items
[2026-04-22T05:24:46-0600]   вњ“ ra GROWTH.md: 3 W/E items
[2026-04-22T05:24:46-0600]   вњ“ dex GROWTH.md: 3 W/E items
[2026-04-22T05:24:46-0600]   вњ“ dex GROWTH.md: 3 W/E items
[2026-04-22T05:24:46-0600]   вњ“ kai GROWTH.md: 7 W/E items
[2026-04-22T05:24:46-0600]   вњ“ kai GROWTH.md: 7 W/E items

в•ђв•ђ CHECK 3: Stuck weakness detection в•ђв•ђ
в•ђв•ђ CHECK 3: Stuck weakness detection в•ђв•ђ

в•ђв•ђ CHECK 4: Research/implement stage mismatch в•ђв•ђ
в•ђв•ђ CHECK 4: Research/implement stage mismatch в•ђв•ђ

в•ђв•ђ CHECK 5: Knowledge stagnation в•ђв•ђ
в•ђв•ђ CHECK 5: Knowledge stagnation в•ђв•ђ
[2026-04-22T05:24:46-0600]   вњ“ KNOWLEDGE.md updated 0d ago
[2026-04-22T05:24:46-0600]   вњ“ KNOWLEDGE.md updated 0d ago

в•ђв•ђ CHECK 6: Flywheel log freshness в•ђв•ђ
в•ђв•ђ CHECK 6: Flywheel log freshness в•ђв•ђ
[2026-04-22T05:24:46-0600]   вњ“ Flywheel log updated 0h ago
[2026-04-22T05:24:46-0600]   вњ“ Flywheel log updated 0h ago

в•ђв•ђ CHECK 7: Weakness aging index (WAI) в•ђв•ђ
в•ђв•ђ CHECK 7: Weakness aging index (WAI) в•ђв•ђ
  вњ“ nel/W3: 1d (threshold 14d)
  вњ“ sam/W3: 1d (threshold 14d)
  вњ“ ra/W3: 1d (threshold 30d)
  вњ“ dex/W3: 1d (threshold 14d)

в•ђв•ђ CHECK 8: SICQ quality scores в•ђв•ђ
в•ђв•ђ CHECK 8: SICQ quality scores в•ђв•ђ
[2026-04-22T05:24:46-0600]   SICQ nel: 20/100
[2026-04-22T05:24:46-0600]   SICQ nel: 20/100
[0;32m[ticket][0m Created TASK-20260422-nel-001 (P1) в†’ nel: Doctor: SICQ critically low for nel (20/100) вЂ” self-improve cycle degraded
TASK-20260422-nel-001
[2026-04-22T05:24:46-0600]   SICQ sam: 0/100
[2026-04-22T05:24:46-0600]   SICQ sam: 0/100
[0;32m[ticket][0m Created TASK-20260422-sam-001 (P1) в†’ sam: Doctor: SICQ critically low for sam (0/100) вЂ” self-improve cycle degraded
TASK-20260422-sam-001
[2026-04-22T05:24:46-0600]   SICQ aether: 20/100
[2026-04-22T05:24:46-0600]   SICQ aether: 20/100
[0;32m[ticket][0m Created TASK-20260422-aether-001 (P1) в†’ aether: Doctor: SICQ critically low for aether (20/100) вЂ” self-improve cycle degraded
TASK-20260422-aether-001
[2026-04-22T05:24:46-0600]   SICQ ra: 0/100
[2026-04-22T05:24:46-0600]   SICQ ra: 0/100
[0;32m[ticket][0m Created TASK-20260422-ra-001 (P1) в†’ ra: Doctor: SICQ critically low for ra (0/100) вЂ” self-improve cycle degraded
TASK-20260422-ra-001
[2026-04-22T05:24:46-0600]   SICQ dex: 0/100
[2026-04-22T05:24:46-0600]   SICQ dex: 0/100
[0;32m[ticket][0m Created TASK-20260422-dex-001 (P1) в†’ dex: Doctor: SICQ critically low for dex (0/100) вЂ” self-improve cycle degraded
TASK-20260422-dex-001
[2026-04-22T05:24:46-0600]   вњ“ Kai SICQ HC: KAI_BRIEF.md updated 1h ago (+20)
[2026-04-22T05:24:46-0600]   вњ— Kai SICQ RDC: research has 0 external URLs (need в‰Ґ6) (+0)
[2026-04-22T05:24:46-0600]   вњ— Kai SICQ QGC: 12 queue-violation errors in past 7 days (+0)
[2026-04-22T05:24:46-0600]   вњ“ Kai SICQ DMW: KNOWLEDGE.md 0d, KAI_TASKS 1h (+20)
[2026-04-22T05:24:46-0600]   вњ— Kai SICQ ERR: 6 error categories repeated 3+ times вЂ” no recall (+0)
[2026-04-22T05:24:46-0600]   SICQ kai (exec-compliance): [2026-04-22T05:24:46-0600]   вњ“ Kai SICQ HC: KAI_BRIEF.md updated 1h ago (+20)
[2026-04-22T05:24:46-0600]   вњ— Kai SICQ RDC: research has 0 external URLs (need в‰Ґ6) (+0)
[2026-04-22T05:24:46-0600]   вњ— Kai SICQ QGC: 12 queue-violation errors in past 7 days (+0)
[2026-04-22T05:24:46-0600]   вњ“ Kai SICQ DMW: KNOWLEDGE.md 0d, KAI_TASKS 1h (+20)
[2026-04-22T05:24:46-0600]   вњ— Kai SICQ ERR: 6 error categories repeated 3+ times вЂ” no recall (+0)
40/100
[2026-04-22T05:24:46-0600]   SICQ kai (exec-compliance): [2026-04-22T05:24:46-0600]   вњ“ Kai SICQ HC: KAI_BRIEF.md updated 1h ago (+20)
[2026-04-22T05:24:46-0600]   вњ— Kai SICQ RDC: research has 0 external URLs (need в‰Ґ6) (+0)
[2026-04-22T05:24:46-0600]   вњ— Kai SICQ QGC: 12 queue-violation errors in past 7 days (+0)
[2026-04-22T05:24:46-0600]   вњ“ Kai SICQ DMW: KNOWLEDGE.md 0d, KAI_TASKS 1h (+20)
[2026-04-22T05:24:46-0600]   вњ— Kai SICQ ERR: 6 error categories repeated 3+ times вЂ” no recall (+0)
40/100
/Users/kai/Documents/Projects/Hyo/bin/flywheel-doctor.sh: line 608: [[: [2026-04-22T05:24:46-0600]   вњ“ Kai SICQ HC: KAI_BRIEF.md updated 1h ago (+20)
[2026-04-22T05:24:46-0600]   вњ— Kai SICQ RDC: research has 0 external URLs (need в‰Ґ6) (+0)
[2026-04-22T05:24:46-0600]   вњ— Kai SICQ QGC: 12 queue-violation errors in past 7 days (+0)
[2026-04-22T05:24:46-0600]   вњ“ Kai SICQ DMW: KNOWLEDGE.md 0d, KAI_TASKS 1h (+20)
[2026-04-22T05:24:46-0600]   вњ— Kai SICQ ERR: 6 error categories repeated 3+ times вЂ” no recall (+0)
40: syntax error: operand expected (error token is "[2026-04-22T05:24:46-0600]   вњ“ Kai SICQ HC: KAI_BRIEF.md updated 1h ago (+20)
[2026-04-22T05:24:46-0600]   вњ— Kai SICQ RDC: research has 0 external URLs (need в‰Ґ6) (+0)
[2026-04-22T05:24:46-0600]   вњ— Kai SICQ QGC: 12 queue-violation errors in past 7 days (+0)
[2026-04-22T05:24:46-0600]   вњ“ Kai SICQ DMW: KNOWLEDGE.md 0d, KAI_TASKS 1h (+20)
[2026-04-22T05:24:46-0600]   вњ— Kai SICQ ERR: 6 error categories repeated 3+ times вЂ” no recall (+0)
40")
/Users/kai/Documents/Projects/Hyo/bin/flywheel-doctor.sh: line 611: [[: [2026-04-22T05:24:46-0600]   вњ“ Kai SICQ HC: KAI_BRIEF.md updated 1h ago (+20)
[2026-04-22T05:24:46-0600]   вњ— Kai SICQ RDC: research has 0 external URLs (need в‰Ґ6) (+0)
[2026-04-22T05:24:46-0600]   вњ— Kai SICQ QGC: 12 queue-violation errors in past 7 days (+0)
[2026-04-22T05:24:46-0600]   вњ“ Kai SICQ DMW: KNOWLEDGE.md 0d, KAI_TASKS 1h (+20)
[2026-04-22T05:24:46-0600]   вњ— Kai SICQ ERR: 6 error categories repeated 3+ times вЂ” no recall (+0)
40: syntax error: operand expected (error token is "[2026-04-22T05:24:46-0600]   вњ“ Kai SICQ HC: KAI_BRIEF.md updated 1h ago (+20)
[2026-04-22T05:24:46-0600]   вњ— Kai SICQ RDC: research has 0 external URLs (need в‰Ґ6) (+0)
[2026-04-22T05:24:46-0600]   вњ— Kai SICQ QGC: 12 queue-violation errors in past 7 days (+0)
[2026-04-22T05:24:46-0600]   вњ“ Kai SICQ DMW: KNOWLEDGE.md 0d, KAI_TASKS 1h (+20)
[2026-04-22T05:24:46-0600]   вњ— Kai SICQ ERR: 6 error categories repeated 3+ times вЂ” no recall (+0)
40")
Traceback (most recent call last):
  File "<stdin>", line 3, in <module>
  File "/opt/homebrew/Cellar/python@3.14/3.14.3_1/Frameworks/Python.framework/Versions/3.14/lib/python3.14/json/__init__.py", line 352, in loads
    return _default_decoder.decode(s)
           ~~~~~~~~~~~~~~~~~~~~~~~^^^
  File "/opt/homebrew/Cellar/python@3.14/3.14.3_1/Frameworks/Python.framework/Versions/3.14/lib/python3.14/json/decoder.py", line 345, in decode
    obj, end = self.raw_decode(s, idx=_w(s, 0).end())
               ~~~~~~~~~~~~~~~^^^^^^^^^^^^^^^^^^^^^^^
  File "/opt/homebrew/Cellar/python@3.14/3.14.3_1/Frameworks/Python.framework/Versions/3.14/lib/python3.14/json/decoder.py", line 361, in raw_decode
    obj, end = self.scan_once(s, idx)
               ~~~~~~~~~~~~~~^^^^^^^^
json.decoder.JSONDecodeError: Expecting ',' delimiter: line 1 column 57 (char 56)

в•ђв•ђ CHECK 9: Resolution stagnation (14d window) в•ђв•ђ
в•ђв•ђ CHECK 9: Resolution stagnation (14d window) в•ђв•ђ
[2026-04-22T05:24:46-0600]   вњ“ 1 resolution(s) in the last 14 days
[2026-04-22T05:24:46-0600]   вњ“ 1 resolution(s) in the last 14 days

в•ђв•ђ DOCTOR REPORT в•ђв•ђ
в•ђв•ђ DOCTOR REPORT в•ђв•ђ
[2026-04-22T05:24:46-0600]   Issues found: 7
[2026-04-22T05:24:46-0600]   Issues found: 7
[2026-04-22T05:24:46-0600]   Fixes applied: 2
[2026-04-22T05:24:46-0600]   Fixes applied: 2
[2026-04-22T05:24:46-0600]   Escalations: 0
[2026-04-22T05:24:46-0600]   Escalations: 0
Doctor report written
Report: flywheel-doctor-2026-04-22 в†’ completed

в•ђв•ђ FLYWHEEL DOCTOR COMPLETE в•ђв•ђ
в•ђв•ђ FLYWHEEL DOCTOR COMPLETE в•ђв•ђ
[2026-04-22T05:24:46-0600]   Issues: 7 | Fixes: 2 | Escalations: 0
[2026-04-22T05:24:46-0600]   Issues: 7 | Fixes: 2 | Escalations: 0

в•ђв•ђ FLYWHEEL DOCTOR START вЂ” 2026-04-22 в•ђв•ђ
в•ђв•ђ FLYWHEEL DOCTOR START вЂ” 2026-04-22 в•ђв•ђ
[2026-04-22T16:55:26-0600]   Checking 6 agents: nel sam aether ra dex kai
[2026-04-22T16:55:26-0600]   Checking 6 agents: nel sam aether ra dex kai

в•ђв•ђ CHECK 1: State JSON integrity в•ђв•ђ
в•ђв•ђ CHECK 1: State JSON integrity в•ђв•ђ
[2026-04-22T16:55:26-0600]   вњ“ nel state.json valid
[2026-04-22T16:55:26-0600]   вњ“ nel state.json valid
[2026-04-22T16:55:26-0600]   вњ“ aether state.json valid
[2026-04-22T16:55:26-0600]   вњ“ aether state.json valid
[2026-04-22T16:55:26-0600]   вњ“ kai state.json valid
[2026-04-22T16:55:26-0600]   вњ“ kai state.json valid

в•ђв•ђ CHECK 2: GROWTH.md presence and parseability в•ђв•ђ
в•ђв•ђ CHECK 2: GROWTH.md presence and parseability в•ђв•ђ
[2026-04-22T16:55:26-0600]   вњ“ nel GROWTH.md: 3 W/E items
[2026-04-22T16:55:26-0600]   вњ“ nel GROWTH.md: 3 W/E items
[2026-04-22T16:55:26-0600]   вњ“ sam GROWTH.md: 3 W/E items
[2026-04-22T16:55:26-0600]   вњ“ sam GROWTH.md: 3 W/E items
[2026-04-22T16:55:26-0600]   вњ“ aether GROWTH.md: 3 W/E items
[2026-04-22T16:55:26-0600]   вњ“ aether GROWTH.md: 3 W/E items
[2026-04-22T16:55:26-0600]   вњ“ ra GROWTH.md: 3 W/E items
[2026-04-22T16:55:26-0600]   вњ“ ra GROWTH.md: 3 W/E items
[2026-04-22T16:55:26-0600]   вњ“ dex GROWTH.md: 3 W/E items
[2026-04-22T16:55:26-0600]   вњ“ dex GROWTH.md: 3 W/E items
[2026-04-22T16:55:26-0600]   вњ“ kai GROWTH.md: 7 W/E items
[2026-04-22T16:55:26-0600]   вњ“ kai GROWTH.md: 7 W/E items

в•ђв•ђ CHECK 3: Stuck weakness detection в•ђв•ђ
в•ђв•ђ CHECK 3: Stuck weakness detection в•ђв•ђ

в•ђв•ђ CHECK 4: Research/implement stage mismatch в•ђв•ђ
в•ђв•ђ CHECK 4: Research/implement stage mismatch в•ђв•ђ

в•ђв•ђ CHECK 5: Knowledge stagnation в•ђв•ђ
в•ђв•ђ CHECK 5: Knowledge stagnation в•ђв•ђ
[2026-04-22T16:55:26-0600]   вњ“ KNOWLEDGE.md updated 0d ago
[2026-04-22T16:55:26-0600]   вњ“ KNOWLEDGE.md updated 0d ago

в•ђв•ђ CHECK 6: Flywheel log freshness в•ђв•ђ
в•ђв•ђ CHECK 6: Flywheel log freshness в•ђв•ђ
[2026-04-22T16:55:26-0600]   вњ“ Flywheel log updated 0h ago
[2026-04-22T16:55:26-0600]   вњ“ Flywheel log updated 0h ago

в•ђв•ђ CHECK 7: Weakness aging index (WAI) в•ђв•ђ
в•ђв•ђ CHECK 7: Weakness aging index (WAI) в•ђв•ђ
  вњ“ nel/W3: 1d (threshold 14d)
  вњ“ sam/W3: 1d (threshold 14d)
  вњ“ ra/W3: 1d (threshold 30d)
  вњ“ dex/W3: 1d (threshold 14d)

в•ђв•ђ CHECK 8: SICQ quality scores в•ђв•ђ
в•ђв•ђ CHECK 8: SICQ quality scores в•ђв•ђ
[2026-04-22T16:55:26-0600]   SICQ nel: 20/100
[2026-04-22T16:55:26-0600]   SICQ nel: 20/100
[0;32m[ticket][0m Created TASK-20260422-nel-001 (P1) в†’ nel: Doctor: SICQ critically low for nel (20/100) вЂ” self-improve cycle degraded
TASK-20260422-nel-001
[2026-04-22T16:55:26-0600]   SICQ sam: 0/100
[2026-04-22T16:55:26-0600]   SICQ sam: 0/100
[0;32m[ticket][0m Created TASK-20260422-sam-001 (P1) в†’ sam: Doctor: SICQ critically low for sam (0/100) вЂ” self-improve cycle degraded
TASK-20260422-sam-001
/Users/kai/Documents/Projects/Hyo/bin/flywheel-doctor.sh: line 561: [[: 0
0: syntax error in expression (error token is "0")
[2026-04-22T16:55:26-0600]   SICQ aether: 40/100
[2026-04-22T16:55:26-0600]   SICQ aether: 40/100
[0;32m[ticket][0m Created TASK-20260422-aether-001 (P1) в†’ aether: Doctor: SICQ critically low for aether (40/100) вЂ” self-improve cycle degraded
TASK-20260422-aether-001
[2026-04-22T16:55:26-0600]   SICQ ra: 0/100
[2026-04-22T16:55:26-0600]   SICQ ra: 0/100
[0;32m[ticket][0m Created TASK-20260422-ra-001 (P1) в†’ ra: Doctor: SICQ critically low for ra (0/100) вЂ” self-improve cycle degraded
TASK-20260422-ra-001
[2026-04-22T16:55:26-0600]   SICQ dex: 0/100
[2026-04-22T16:55:26-0600]   SICQ dex: 0/100
[0;32m[ticket][0m Created TASK-20260422-dex-001 (P1) в†’ dex: Doctor: SICQ critically low for dex (0/100) вЂ” self-improve cycle degraded
TASK-20260422-dex-001
[2026-04-22T16:55:26-0600]   вњ“ Kai SICQ HC: KAI_BRIEF.md updated 0h ago (+20)
[2026-04-22T16:55:26-0600]   вњ— Kai SICQ RDC: research has 0 external URLs (need в‰Ґ6) (+0)
[2026-04-22T16:55:26-0600]   вњ— Kai SICQ QGC: 12 queue-violation errors in past 7 days (+0)
[2026-04-22T16:55:26-0600]   вњ“ Kai SICQ DMW: KNOWLEDGE.md 0d, KAI_TASKS 12h (+20)
[2026-04-22T16:55:26-0600]   вњ— Kai SICQ ERR: 6 error categories repeated 3+ times вЂ” no recall (+0)
[2026-04-22T16:55:26-0600]   SICQ kai (exec-compliance): [2026-04-22T16:55:26-0600]   вњ“ Kai SICQ HC: KAI_BRIEF.md updated 0h ago (+20)
[2026-04-22T16:55:26-0600]   вњ— Kai SICQ RDC: research has 0 external URLs (need в‰Ґ6) (+0)
[2026-04-22T16:55:26-0600]   вњ— Kai SICQ QGC: 12 queue-violation errors in past 7 days (+0)
[2026-04-22T16:55:26-0600]   вњ“ Kai SICQ DMW: KNOWLEDGE.md 0d, KAI_TASKS 12h (+20)
[2026-04-22T16:55:26-0600]   вњ— Kai SICQ ERR: 6 error categories repeated 3+ times вЂ” no recall (+0)
40/100
[2026-04-22T16:55:26-0600]   SICQ kai (exec-compliance): [2026-04-22T16:55:26-0600]   вњ“ Kai SICQ HC: KAI_BRIEF.md updated 0h ago (+20)
[2026-04-22T16:55:26-0600]   вњ— Kai SICQ RDC: research has 0 external URLs (need в‰Ґ6) (+0)
[2026-04-22T16:55:26-0600]   вњ— Kai SICQ QGC: 12 queue-violation errors in past 7 days (+0)
[2026-04-22T16:55:26-0600]   вњ“ Kai SICQ DMW: KNOWLEDGE.md 0d, KAI_TASKS 12h (+20)
[2026-04-22T16:55:26-0600]   вњ— Kai SICQ ERR: 6 error categories repeated 3+ times вЂ” no recall (+0)
40/100
/Users/kai/Documents/Projects/Hyo/bin/flywheel-doctor.sh: line 608: [[: [2026-04-22T16:55:26-0600]   вњ“ Kai SICQ HC: KAI_BRIEF.md updated 0h ago (+20)
[2026-04-22T16:55:26-0600]   вњ— Kai SICQ RDC: research has 0 external URLs (need в‰Ґ6) (+0)
[2026-04-22T16:55:26-0600]   вњ— Kai SICQ QGC: 12 queue-violation errors in past 7 days (+0)
[2026-04-22T16:55:26-0600]   вњ“ Kai SICQ DMW: KNOWLEDGE.md 0d, KAI_TASKS 12h (+20)
[2026-04-22T16:55:26-0600]   вњ— Kai SICQ ERR: 6 error categories repeated 3+ times вЂ” no recall (+0)
40: syntax error: operand expected (error token is "[2026-04-22T16:55:26-0600]   вњ“ Kai SICQ HC: KAI_BRIEF.md updated 0h ago (+20)
[2026-04-22T16:55:26-0600]   вњ— Kai SICQ RDC: research has 0 external URLs (need в‰Ґ6) (+0)
[2026-04-22T16:55:26-0600]   вњ— Kai SICQ QGC: 12 queue-violation errors in past 7 days (+0)
[2026-04-22T16:55:26-0600]   вњ“ Kai SICQ DMW: KNOWLEDGE.md 0d, KAI_TASKS 12h (+20)
[2026-04-22T16:55:26-0600]   вњ— Kai SICQ ERR: 6 error categories repeated 3+ times вЂ” no recall (+0)
40")
/Users/kai/Documents/Projects/Hyo/bin/flywheel-doctor.sh: line 611: [[: [2026-04-22T16:55:26-0600]   вњ“ Kai SICQ HC: KAI_BRIEF.md updated 0h ago (+20)
[2026-04-22T16:55:26-0600]   вњ— Kai SICQ RDC: research has 0 external URLs (need в‰Ґ6) (+0)
[2026-04-22T16:55:26-0600]   вњ— Kai SICQ QGC: 12 queue-violation errors in past 7 days (+0)
[2026-04-22T16:55:26-0600]   вњ“ Kai SICQ DMW: KNOWLEDGE.md 0d, KAI_TASKS 12h (+20)
[2026-04-22T16:55:26-0600]   вњ— Kai SICQ ERR: 6 error categories repeated 3+ times вЂ” no recall (+0)
40: syntax error: operand expected (error token is "[2026-04-22T16:55:26-0600]   вњ“ Kai SICQ HC: KAI_BRIEF.md updated 0h ago (+20)
[2026-04-22T16:55:26-0600]   вњ— Kai SICQ RDC: research has 0 external URLs (need в‰Ґ6) (+0)
[2026-04-22T16:55:26-0600]   вњ— Kai SICQ QGC: 12 queue-violation errors in past 7 days (+0)
[2026-04-22T16:55:26-0600]   вњ“ Kai SICQ DMW: KNOWLEDGE.md 0d, KAI_TASKS 12h (+20)
[2026-04-22T16:55:26-0600]   вњ— Kai SICQ ERR: 6 error categories repeated 3+ times вЂ” no recall (+0)
40")
Traceback (most recent call last):
  File "<stdin>", line 3, in <module>
  File "/opt/homebrew/Cellar/python@3.14/3.14.3_1/Frameworks/Python.framework/Versions/3.14/lib/python3.14/json/__init__.py", line 352, in loads
    return _default_decoder.decode(s)
           ~~~~~~~~~~~~~~~~~~~~~~~^^^
  File "/opt/homebrew/Cellar/python@3.14/3.14.3_1/Frameworks/Python.framework/Versions/3.14/lib/python3.14/json/decoder.py", line 345, in decode
    obj, end = self.raw_decode(s, idx=_w(s, 0).end())
               ~~~~~~~~~~~~~~~^^^^^^^^^^^^^^^^^^^^^^^
  File "/opt/homebrew/Cellar/python@3.14/3.14.3_1/Frameworks/Python.framework/Versions/3.14/lib/python3.14/json/decoder.py", line 361, in raw_decode
    obj, end = self.scan_once(s, idx)
               ~~~~~~~~~~~~~~^^^^^^^^
json.decoder.JSONDecodeError: Expecting ',' delimiter: line 1 column 57 (char 56)

в•ђв•ђ CHECK 9: Resolution stagnation (14d window) в•ђв•ђ
в•ђв•ђ CHECK 9: Resolution stagnation (14d window) в•ђв•ђ
[2026-04-22T16:55:26-0600]   вњ“ 1 resolution(s) in the last 14 days
[2026-04-22T16:55:26-0600]   вњ“ 1 resolution(s) in the last 14 days

в•ђв•ђ DOCTOR REPORT в•ђв•ђ
в•ђв•ђ DOCTOR REPORT в•ђв•ђ
[2026-04-22T16:55:26-0600]   Issues found: 5
[2026-04-22T16:55:26-0600]   Issues found: 5
[2026-04-22T16:55:26-0600]   Fixes applied: 0
[2026-04-22T16:55:26-0600]   Fixes applied: 0
[2026-04-22T16:55:26-0600]   Escalations: 0
[2026-04-22T16:55:26-0600]   Escalations: 0
Doctor report written
Report: flywheel-doctor-2026-04-22 в†’ completed

в•ђв•ђ FLYWHEEL DOCTOR COMPLETE в•ђв•ђ
в•ђв•ђ FLYWHEEL DOCTOR COMPLETE в•ђв•ђ
[2026-04-22T16:55:26-0600]   Issues: 5 | Fixes: 0 | Escalations: 0
[2026-04-22T16:55:26-0600]   Issues: 5 | Fixes: 0 | Escalations: 0
