
══ PHASE 1: AGENT FRESHNESS ══
══ PHASE 1: AGENT FRESHNESS ══
[2026-04-21T12:02:08-0600] ✓ nel — 3h ago (within 26h threshold)
[2026-04-21T12:02:08-0600] ✓ nel — 3h ago (within 26h threshold)
[2026-04-21T12:02:08-0600] ✓ ra — 0h ago (within 26h threshold)
[2026-04-21T12:02:08-0600] ✓ ra — 0h ago (within 26h threshold)
[2026-04-21T12:02:08-0600] ✓ sam — 0h ago (within 26h threshold)
[2026-04-21T12:02:08-0600] ✓ sam — 0h ago (within 26h threshold)
[2026-04-21T12:02:08-0600] ✓ aether — 0h ago (within 1h threshold)
[2026-04-21T12:02:08-0600] ✓ aether — 0h ago (within 1h threshold)
[2026-04-21T12:02:08-0600] ✓ dex — 11h ago (within 26h threshold)
[2026-04-21T12:02:08-0600] ✓ dex — 11h ago (within 26h threshold)
[2026-04-21T12:02:08-0600] ✓ hyo — 1h ago (within 26h threshold)
[2026-04-21T12:02:08-0600] ✓ hyo — 1h ago (within 26h threshold)

══ PHASE 2: NEWSLETTER FRESHNESS ══
══ PHASE 2: NEWSLETTER FRESHNESS ══
[2026-04-21T12:02:08-0600] ✗ Newsletter: missing for 2026-04-21
[2026-04-21T12:02:08-0600] ✗ Newsletter: missing for 2026-04-21
[0;32m[ticket][0m Created TASK-20260421-ra-001 (P0) → ra: Newsletter missing for 2026-04-21 (after 06:00 MT)
TASK-20260421-ra-001
[2026-04-21T12:02:08-0600]   → Opened ticket: [P0] ra: Newsletter missing for 2026-04-21 (after 06:00 MT)
[2026-04-21T12:02:08-0600]   → Opened ticket: [P0] ra: Newsletter missing for 2026-04-21 (after 06:00 MT)
[2026-04-21T12:02:08-0600]   → Queued: 9187a19a-6ca7-4389-82c3-7c964ee4f1fa
[2026-04-21T12:02:08-0600]   → Queued: 9187a19a-6ca7-4389-82c3-7c964ee4f1fa
[2026-04-21T12:02:08-0600]   → Newsletter pipeline re-queued
[2026-04-21T12:02:08-0600]   → Newsletter pipeline re-queued
[2026-04-21T12:02:08-0600]   → Paged Hyo: Newsletter still missing at 12:02 MT. Ra pipeline re-queued. May need API keys check.
[2026-04-21T12:02:08-0600]   → Paged Hyo: Newsletter still missing at 12:02 MT. Ra pipeline re-queued. May need API keys check.

══ PHASE 3: HQ REPORT COMPLETENESS ══
══ PHASE 3: HQ REPORT COMPLETENESS ══
[2026-04-21T12:02:08-0600] ✓ Report: morning-report published today
[2026-04-21T12:02:08-0600] ✓ Report: morning-report published today
[2026-04-21T12:02:08-0600] ✗ Report: nel-daily NOT published today
[2026-04-21T12:02:08-0600] ✗ Report: nel-daily NOT published today
[2026-04-21T12:02:08-0600] ✗ Report: ra-daily NOT published today
[2026-04-21T12:02:08-0600] ✗ Report: ra-daily NOT published today
[2026-04-21T12:02:08-0600] ✗ Report: sam-daily NOT published today
[2026-04-21T12:02:08-0600] ✗ Report: sam-daily NOT published today
[2026-04-21T12:02:08-0600] ✗ Report: aether-daily NOT published today
[2026-04-21T12:02:08-0600] ✗ Report: aether-daily NOT published today

══ PHASE 4: TICKET SLA COMPLIANCE ══
══ PHASE 4: TICKET SLA COMPLIANCE ══
[2026-04-21T12:02:08-0600] Ticket SLA: 61% within SLA | P0 open: 21 | score: 0/15
[2026-04-21T12:02:08-0600] Ticket SLA: 61% within SLA | P0 open: 21 | score: 0/15
[2026-04-21T12:02:08-0600] ⚠️ P0 tickets open: 21 — ticket-sla-enforcer will handle escalation
[2026-04-21T12:02:08-0600] ⚠️ P0 tickets open: 21 — ticket-sla-enforcer will handle escalation

══ PHASE 5: QUALITY METRICS ══
══ PHASE 5: QUALITY METRICS ══
[2026-04-21T12:02:08-0600] ✗ Queue hygiene: 1123 items — triggering cleanup
[2026-04-21T12:02:08-0600] ✗ Queue hygiene: 1123 items — triggering cleanup
[2026-04-21T12:02:08-0600]   → Queued: 3c572aa7-e4ae-4f56-b1b3-cc43ef4bfe79
[2026-04-21T12:02:08-0600]   → Queued: 3c572aa7-e4ae-4f56-b1b3-cc43ef4bfe79
[2026-04-21T12:02:08-0600] ✓ Recurring patterns: 0 (threshold: 20)
[2026-04-21T12:02:08-0600] ✓ Recurring patterns: 0 (threshold: 20)

══ PHASE 6: SCHEDULED DISPATCH ══
══ PHASE 6: SCHEDULED DISPATCH ══

══ PHASE 7: HEALTH SCORE ══
══ PHASE 7: HEALTH SCORE ══
[2026-04-21T12:02:08-0600]   → Paged Hyo: System health: RED (score: 28/100). Check kai-autonomous.log for details.
[2026-04-21T12:02:08-0600]   → Paged Hyo: System health: RED (score: 28/100). Check kai-autonomous.log for details.
[2026-04-21T12:02:08-0600] System health: RED (28/100)
[2026-04-21T12:02:08-0600] System health: RED (28/100)
[2026-04-21T12:02:08-0600] Agents online: 6/6 | Newsletter: 0 | Queue: 1123 items | Recurring: 0 patterns
[2026-04-21T12:02:08-0600] Agents online: 6/6 | Newsletter: 0 | Queue: 1123 items | Recurring: 0 patterns

══ PHASE 1: AGENT FRESHNESS ══
══ PHASE 1: AGENT FRESHNESS ══
[2026-04-21T12:17:09-0600] ✓ nel — 0h ago (within 26h threshold)
[2026-04-21T12:17:09-0600] ✓ nel — 0h ago (within 26h threshold)
[2026-04-21T12:17:09-0600] ✓ ra — 0h ago (within 26h threshold)
[2026-04-21T12:17:09-0600] ✓ ra — 0h ago (within 26h threshold)
[2026-04-21T12:17:09-0600] ✓ sam — 0h ago (within 26h threshold)
[2026-04-21T12:17:09-0600] ✓ sam — 0h ago (within 26h threshold)
[2026-04-21T12:17:09-0600] ✓ aether — 0h ago (within 1h threshold)
[2026-04-21T12:17:09-0600] ✓ aether — 0h ago (within 1h threshold)
[2026-04-21T12:17:09-0600] ✓ dex — 11h ago (within 26h threshold)
[2026-04-21T12:17:09-0600] ✓ dex — 11h ago (within 26h threshold)
[2026-04-21T12:17:09-0600] ✓ hyo — 1h ago (within 26h threshold)
[2026-04-21T12:17:09-0600] ✓ hyo — 1h ago (within 26h threshold)

══ PHASE 2: NEWSLETTER FRESHNESS ══
══ PHASE 2: NEWSLETTER FRESHNESS ══
[2026-04-21T12:17:09-0600] ✗ Newsletter: missing for 2026-04-21
[2026-04-21T12:17:09-0600] ✗ Newsletter: missing for 2026-04-21
[2026-04-21T12:17:09-0600]   → Queued: b50dd9a6-c794-4921-922c-a0c1916f5922
[2026-04-21T12:17:09-0600]   → Queued: b50dd9a6-c794-4921-922c-a0c1916f5922
[2026-04-21T12:17:09-0600]   → Newsletter pipeline re-queued
[2026-04-21T12:17:09-0600]   → Newsletter pipeline re-queued
[2026-04-21T12:17:09-0600]   → Paged Hyo: Newsletter still missing at 12:17 MT. Ra pipeline re-queued. May need API keys check.
[2026-04-21T12:17:09-0600]   → Paged Hyo: Newsletter still missing at 12:17 MT. Ra pipeline re-queued. May need API keys check.

══ PHASE 3: HQ REPORT COMPLETENESS ══
══ PHASE 3: HQ REPORT COMPLETENESS ══
[2026-04-21T12:17:09-0600] ✓ Report: morning-report published today
[2026-04-21T12:17:09-0600] ✓ Report: morning-report published today
[2026-04-21T12:17:09-0600] ✗ Report: nel-daily NOT published today
[2026-04-21T12:17:09-0600] ✗ Report: nel-daily NOT published today
[2026-04-21T12:17:09-0600] ✗ Report: ra-daily NOT published today
[2026-04-21T12:17:09-0600] ✗ Report: ra-daily NOT published today
[2026-04-21T12:17:09-0600] ✗ Report: sam-daily NOT published today
[2026-04-21T12:17:09-0600] ✗ Report: sam-daily NOT published today
[2026-04-21T12:17:09-0600] ✗ Report: aether-daily NOT published today
[2026-04-21T12:17:09-0600] ✗ Report: aether-daily NOT published today

══ PHASE 4: TICKET SLA COMPLIANCE ══
══ PHASE 4: TICKET SLA COMPLIANCE ══
[2026-04-21T12:17:09-0600] Ticket SLA: 61% within SLA | P0 open: 21 | score: 0/15
[2026-04-21T12:17:09-0600] Ticket SLA: 61% within SLA | P0 open: 21 | score: 0/15
[2026-04-21T12:17:09-0600] ⚠️ P0 tickets open: 21 — ticket-sla-enforcer will handle escalation
[2026-04-21T12:17:09-0600] ⚠️ P0 tickets open: 21 — ticket-sla-enforcer will handle escalation

══ PHASE 5: QUALITY METRICS ══
══ PHASE 5: QUALITY METRICS ══
[2026-04-21T12:17:09-0600] ✗ Queue hygiene: 1144 items — triggering cleanup
[2026-04-21T12:17:09-0600] ✗ Queue hygiene: 1144 items — triggering cleanup
[2026-04-21T12:17:09-0600]   → Queued: 3d468637-4c23-41b3-8cae-a0b4fb4f3ca7
[2026-04-21T12:17:09-0600]   → Queued: 3d468637-4c23-41b3-8cae-a0b4fb4f3ca7
[2026-04-21T12:17:09-0600] ✓ Recurring patterns: 0 (threshold: 20)
[2026-04-21T12:17:09-0600] ✓ Recurring patterns: 0 (threshold: 20)

══ PHASE 6: SCHEDULED DISPATCH ══
══ PHASE 6: SCHEDULED DISPATCH ══

══ PHASE 7: HEALTH SCORE ══
══ PHASE 7: HEALTH SCORE ══
[2026-04-21T12:17:09-0600]   → Paged Hyo: System health: RED (score: 28/100). Check kai-autonomous.log for details.
[2026-04-21T12:17:09-0600]   → Paged Hyo: System health: RED (score: 28/100). Check kai-autonomous.log for details.
[2026-04-21T12:17:09-0600] System health: RED (28/100)
[2026-04-21T12:17:09-0600] System health: RED (28/100)
[2026-04-21T12:17:09-0600] Agents online: 6/6 | Newsletter: 0 | Queue: 1144 items | Recurring: 0 patterns
[2026-04-21T12:17:09-0600] Agents online: 6/6 | Newsletter: 0 | Queue: 1144 items | Recurring: 0 patterns

══ PHASE 1: AGENT FRESHNESS ══
══ PHASE 1: AGENT FRESHNESS ══
[2026-04-21T12:23:51-0600] ✓ nel — 0h ago (within 26h threshold)
[2026-04-21T12:23:51-0600] ✓ nel — 0h ago (within 26h threshold)
[2026-04-21T12:23:51-0600] ✓ ra — 0h ago (within 26h threshold)
[2026-04-21T12:23:51-0600] ✓ ra — 0h ago (within 26h threshold)
[2026-04-21T12:23:51-0600] ✓ sam — 0h ago (within 26h threshold)
[2026-04-21T12:23:51-0600] ✓ sam — 0h ago (within 26h threshold)
[2026-04-21T12:23:51-0600] ✓ aether — 0h ago (within 1h threshold)
[2026-04-21T12:23:51-0600] ✓ aether — 0h ago (within 1h threshold)
[2026-04-21T12:23:51-0600] ✓ dex — 12h ago (within 26h threshold)
[2026-04-21T12:23:51-0600] ✓ dex — 12h ago (within 26h threshold)
[2026-04-21T12:23:51-0600] ✓ hyo — 1h ago (within 26h threshold)
[2026-04-21T12:23:51-0600] ✓ hyo — 1h ago (within 26h threshold)

══ PHASE 2: NEWSLETTER FRESHNESS ══
══ PHASE 2: NEWSLETTER FRESHNESS ══
[2026-04-21T12:23:51-0600] ✗ Newsletter: missing for 2026-04-21
[2026-04-21T12:23:51-0600] ✗ Newsletter: missing for 2026-04-21
[2026-04-21T12:23:51-0600]   → Queued: 4553185f-de4f-4abc-8037-221c4a5e7623
[2026-04-21T12:23:51-0600]   → Queued: 4553185f-de4f-4abc-8037-221c4a5e7623
[2026-04-21T12:23:51-0600]   → Newsletter pipeline re-queued
[2026-04-21T12:23:51-0600]   → Newsletter pipeline re-queued
[2026-04-21T12:23:51-0600]   → Paged Hyo: Newsletter still missing at 12:23 MT. Ra pipeline re-queued. May need API keys check.
[2026-04-21T12:23:51-0600]   → Paged Hyo: Newsletter still missing at 12:23 MT. Ra pipeline re-queued. May need API keys check.

══ PHASE 3: HQ REPORT COMPLETENESS ══
══ PHASE 3: HQ REPORT COMPLETENESS ══
[2026-04-21T12:23:51-0600] ✓ Report: morning-report published today
[2026-04-21T12:23:51-0600] ✓ Report: morning-report published today
[2026-04-21T12:23:51-0600] ✗ Report: nel-daily NOT published today
[2026-04-21T12:23:51-0600] ✗ Report: nel-daily NOT published today
[2026-04-21T12:23:51-0600] ✗ Report: ra-daily NOT published today
[2026-04-21T12:23:51-0600] ✗ Report: ra-daily NOT published today
[2026-04-21T12:23:51-0600] ✗ Report: sam-daily NOT published today
[2026-04-21T12:23:51-0600] ✗ Report: sam-daily NOT published today
[2026-04-21T12:23:51-0600] ✗ Report: aether-daily NOT published today
[2026-04-21T12:23:51-0600] ✗ Report: aether-daily NOT published today

══ PHASE 4: TICKET SLA COMPLIANCE ══
══ PHASE 4: TICKET SLA COMPLIANCE ══
[2026-04-21T12:23:51-0600] Ticket SLA: 61% within SLA | P0 open: 28 | score: 0/15
[2026-04-21T12:23:51-0600] Ticket SLA: 61% within SLA | P0 open: 28 | score: 0/15
[2026-04-21T12:23:51-0600] ⚠️ P0 tickets open: 28 — ticket-sla-enforcer will handle escalation
[2026-04-21T12:23:51-0600] ⚠️ P0 tickets open: 28 — ticket-sla-enforcer will handle escalation

══ PHASE 5: QUALITY METRICS ══
══ PHASE 5: QUALITY METRICS ══
[2026-04-21T12:23:51-0600] ✗ Queue hygiene: 1150 items — triggering cleanup
[2026-04-21T12:23:51-0600] ✗ Queue hygiene: 1150 items — triggering cleanup
[2026-04-21T12:23:51-0600]   → Queued: f41866c8-ee62-4fb1-9e91-9ac051ce7e0d
[2026-04-21T12:23:51-0600]   → Queued: f41866c8-ee62-4fb1-9e91-9ac051ce7e0d
[2026-04-21T12:23:51-0600] ✓ Recurring patterns: 0 (threshold: 20)
[2026-04-21T12:23:51-0600] ✓ Recurring patterns: 0 (threshold: 20)

══ PHASE 6: SCHEDULED DISPATCH ══
══ PHASE 6: SCHEDULED DISPATCH ══

══ PHASE 7: HEALTH SCORE ══
══ PHASE 7: HEALTH SCORE ══
[2026-04-21T12:23:51-0600]   → Paged Hyo: System health: RED (score: 28/100). Check kai-autonomous.log for details.
[2026-04-21T12:23:51-0600]   → Paged Hyo: System health: RED (score: 28/100). Check kai-autonomous.log for details.
[2026-04-21T12:23:51-0600] System health: RED (28/100)
[2026-04-21T12:23:51-0600] System health: RED (28/100)
[2026-04-21T12:23:51-0600] Agents online: 6/6 | Newsletter: 0 | Queue: 1150 items | Recurring: 0 patterns
[2026-04-21T12:23:51-0600] Agents online: 6/6 | Newsletter: 0 | Queue: 1150 items | Recurring: 0 patterns

══ PHASE 1: AGENT FRESHNESS ══
══ PHASE 1: AGENT FRESHNESS ══
[2026-04-21T12:38:52-0600] ✓ nel — 0h ago (within 26h threshold)
[2026-04-21T12:38:52-0600] ✓ nel — 0h ago (within 26h threshold)
[2026-04-21T12:38:52-0600] ✓ ra — 0h ago (within 26h threshold)
[2026-04-21T12:38:52-0600] ✓ ra — 0h ago (within 26h threshold)
[2026-04-21T12:38:52-0600] ✓ sam — 0h ago (within 26h threshold)
[2026-04-21T12:38:52-0600] ✓ sam — 0h ago (within 26h threshold)
[2026-04-21T12:38:52-0600] ✓ aether — 0h ago (within 1h threshold)
[2026-04-21T12:38:52-0600] ✓ aether — 0h ago (within 1h threshold)
[2026-04-21T12:38:52-0600] ✓ dex — 12h ago (within 26h threshold)
[2026-04-21T12:38:52-0600] ✓ dex — 12h ago (within 26h threshold)
[2026-04-21T12:38:52-0600] ✓ hyo — 1h ago (within 26h threshold)
[2026-04-21T12:38:52-0600] ✓ hyo — 1h ago (within 26h threshold)

══ PHASE 2: NEWSLETTER FRESHNESS ══
══ PHASE 2: NEWSLETTER FRESHNESS ══
[2026-04-21T12:38:52-0600] ✗ Newsletter: missing for 2026-04-21
[2026-04-21T12:38:52-0600] ✗ Newsletter: missing for 2026-04-21
[2026-04-21T12:38:52-0600]   → Queued: 33fc0ebd-d4e2-4bbd-94b2-50b0c7fc807c
[2026-04-21T12:38:52-0600]   → Queued: 33fc0ebd-d4e2-4bbd-94b2-50b0c7fc807c
[2026-04-21T12:38:52-0600]   → Newsletter pipeline re-queued
[2026-04-21T12:38:52-0600]   → Newsletter pipeline re-queued
[2026-04-21T12:38:52-0600]   → Paged Hyo: Newsletter still missing at 12:38 MT. Ra pipeline re-queued. May need API keys check.
[2026-04-21T12:38:52-0600]   → Paged Hyo: Newsletter still missing at 12:38 MT. Ra pipeline re-queued. May need API keys check.

══ PHASE 3: HQ REPORT COMPLETENESS ══
══ PHASE 3: HQ REPORT COMPLETENESS ══
[2026-04-21T12:38:52-0600] ✓ Report: morning-report published today
[2026-04-21T12:38:52-0600] ✓ Report: morning-report published today
[2026-04-21T12:38:52-0600] ✗ Report: nel-daily NOT published today
[2026-04-21T12:38:52-0600] ✗ Report: nel-daily NOT published today
[2026-04-21T12:38:52-0600] ✗ Report: ra-daily NOT published today
[2026-04-21T12:38:52-0600] ✗ Report: ra-daily NOT published today
[2026-04-21T12:38:52-0600] ✗ Report: sam-daily NOT published today
[2026-04-21T12:38:52-0600] ✗ Report: sam-daily NOT published today
[2026-04-21T12:38:52-0600] ✗ Report: aether-daily NOT published today
[2026-04-21T12:38:52-0600] ✗ Report: aether-daily NOT published today

══ PHASE 4: TICKET SLA COMPLIANCE ══
══ PHASE 4: TICKET SLA COMPLIANCE ══
[2026-04-21T12:38:52-0600] Ticket SLA: 60% within SLA | P0 open: 28 | score: 0/15
[2026-04-21T12:38:52-0600] Ticket SLA: 60% within SLA | P0 open: 28 | score: 0/15
[2026-04-21T12:38:52-0600] ⚠️ P0 tickets open: 28 — ticket-sla-enforcer will handle escalation
[2026-04-21T12:38:52-0600] ⚠️ P0 tickets open: 28 — ticket-sla-enforcer will handle escalation

══ PHASE 5: QUALITY METRICS ══
══ PHASE 5: QUALITY METRICS ══
[2026-04-21T12:38:52-0600] ✗ Queue hygiene: 1156 items — triggering cleanup
[2026-04-21T12:38:52-0600] ✗ Queue hygiene: 1156 items — triggering cleanup
[2026-04-21T12:38:52-0600]   → Queued: b345b18c-3700-4ff6-87bf-15cfec524890
[2026-04-21T12:38:52-0600]   → Queued: b345b18c-3700-4ff6-87bf-15cfec524890
[2026-04-21T12:38:52-0600] ✓ Recurring patterns: 0 (threshold: 20)
[2026-04-21T12:38:52-0600] ✓ Recurring patterns: 0 (threshold: 20)

══ PHASE 6: SCHEDULED DISPATCH ══
══ PHASE 6: SCHEDULED DISPATCH ══

══ PHASE 7: HEALTH SCORE ══
══ PHASE 7: HEALTH SCORE ══
[2026-04-21T12:38:52-0600]   → Paged Hyo: System health: RED (score: 28/100). Check kai-autonomous.log for details.
[2026-04-21T12:38:52-0600]   → Paged Hyo: System health: RED (score: 28/100). Check kai-autonomous.log for details.
[2026-04-21T12:38:52-0600] System health: RED (28/100)
[2026-04-21T12:38:52-0600] System health: RED (28/100)
[2026-04-21T12:38:52-0600] Agents online: 6/6 | Newsletter: 0 | Queue: 1156 items | Recurring: 0 patterns
[2026-04-21T12:38:52-0600] Agents online: 6/6 | Newsletter: 0 | Queue: 1156 items | Recurring: 0 patterns

══ PHASE 1: AGENT FRESHNESS ══
══ PHASE 1: AGENT FRESHNESS ══
[2026-04-21T12:53:52-0600] ✓ nel — 0h ago (within 26h threshold)
[2026-04-21T12:53:52-0600] ✓ nel — 0h ago (within 26h threshold)
[2026-04-21T12:53:52-0600] ✓ ra — 0h ago (within 26h threshold)
[2026-04-21T12:53:52-0600] ✓ ra — 0h ago (within 26h threshold)
[2026-04-21T12:53:52-0600] ✓ sam — 0h ago (within 26h threshold)
[2026-04-21T12:53:52-0600] ✓ sam — 0h ago (within 26h threshold)
[2026-04-21T12:53:52-0600] ✓ aether — 0h ago (within 1h threshold)
[2026-04-21T12:53:52-0600] ✓ aether — 0h ago (within 1h threshold)
[2026-04-21T12:53:52-0600] ✓ dex — 12h ago (within 26h threshold)
[2026-04-21T12:53:52-0600] ✓ dex — 12h ago (within 26h threshold)
[2026-04-21T12:53:52-0600] ✓ hyo — 1h ago (within 26h threshold)
[2026-04-21T12:53:52-0600] ✓ hyo — 1h ago (within 26h threshold)

══ PHASE 2: NEWSLETTER FRESHNESS ══
══ PHASE 2: NEWSLETTER FRESHNESS ══
[2026-04-21T12:53:52-0600] ✗ Newsletter: missing for 2026-04-21
[2026-04-21T12:53:52-0600] ✗ Newsletter: missing for 2026-04-21
[2026-04-21T12:53:52-0600]   → Queued: 91c23471-2e31-488b-8226-481220149247
[2026-04-21T12:53:52-0600]   → Queued: 91c23471-2e31-488b-8226-481220149247
[2026-04-21T12:53:52-0600]   → Newsletter pipeline re-queued
[2026-04-21T12:53:52-0600]   → Newsletter pipeline re-queued
[2026-04-21T12:53:52-0600]   → Paged Hyo: Newsletter still missing at 12:53 MT. Ra pipeline re-queued. May need API keys check.
[2026-04-21T12:53:52-0600]   → Paged Hyo: Newsletter still missing at 12:53 MT. Ra pipeline re-queued. May need API keys check.

══ PHASE 3: HQ REPORT COMPLETENESS ══
══ PHASE 3: HQ REPORT COMPLETENESS ══
[2026-04-21T12:53:52-0600] ✓ Report: morning-report published today
[2026-04-21T12:53:52-0600] ✓ Report: morning-report published today
[2026-04-21T12:53:52-0600] ✗ Report: nel-daily NOT published today
[2026-04-21T12:53:52-0600] ✗ Report: nel-daily NOT published today
[2026-04-21T12:53:52-0600] ✗ Report: ra-daily NOT published today
[2026-04-21T12:53:52-0600] ✗ Report: ra-daily NOT published today
[2026-04-21T12:53:52-0600] ✗ Report: sam-daily NOT published today
[2026-04-21T12:53:52-0600] ✗ Report: sam-daily NOT published today
[2026-04-21T12:53:52-0600] ✗ Report: aether-daily NOT published today
[2026-04-21T12:53:52-0600] ✗ Report: aether-daily NOT published today

══ PHASE 4: TICKET SLA COMPLIANCE ══
══ PHASE 4: TICKET SLA COMPLIANCE ══
[2026-04-21T12:53:52-0600] Ticket SLA: 60% within SLA | P0 open: 30 | score: 0/15
[2026-04-21T12:53:52-0600] Ticket SLA: 60% within SLA | P0 open: 30 | score: 0/15
[2026-04-21T12:53:52-0600] ⚠️ P0 tickets open: 30 — ticket-sla-enforcer will handle escalation
[2026-04-21T12:53:52-0600] ⚠️ P0 tickets open: 30 — ticket-sla-enforcer will handle escalation

══ PHASE 5: QUALITY METRICS ══
══ PHASE 5: QUALITY METRICS ══
[2026-04-21T12:53:52-0600] ✗ Queue hygiene: 1158 items — triggering cleanup
[2026-04-21T12:53:52-0600] ✗ Queue hygiene: 1158 items — triggering cleanup
[2026-04-21T12:53:52-0600]   → Queued: ef1f7540-ba59-44aa-a19f-dff62780f16c
[2026-04-21T12:53:52-0600]   → Queued: ef1f7540-ba59-44aa-a19f-dff62780f16c
[2026-04-21T12:53:52-0600] ✓ Recurring patterns: 0 (threshold: 20)
[2026-04-21T12:53:52-0600] ✓ Recurring patterns: 0 (threshold: 20)

══ PHASE 6: SCHEDULED DISPATCH ══
══ PHASE 6: SCHEDULED DISPATCH ══

══ PHASE 7: HEALTH SCORE ══
══ PHASE 7: HEALTH SCORE ══
[2026-04-21T12:53:52-0600]   → Paged Hyo: System health: RED (score: 28/100). Check kai-autonomous.log for details.
[2026-04-21T12:53:52-0600]   → Paged Hyo: System health: RED (score: 28/100). Check kai-autonomous.log for details.
[2026-04-21T12:53:52-0600] System health: RED (28/100)
[2026-04-21T12:53:52-0600] System health: RED (28/100)
[2026-04-21T12:53:52-0600] Agents online: 6/6 | Newsletter: 0 | Queue: 1158 items | Recurring: 0 patterns
[2026-04-21T12:53:52-0600] Agents online: 6/6 | Newsletter: 0 | Queue: 1158 items | Recurring: 0 patterns
