[morning-report-v4] 06:55:42 Generating morning report v4 (growth-driven) for 2026-04-22
✓ JSON report written: /Users/kai/Documents/Projects/Hyo/website/data/morning-report.json

================================================================================
MORNING REPORT — 2026-04-22
================================================================================

System is healthy — the queue is active and all agents ran overnight.
Biggest win: nel: Shipped Build dependency vulnerability scanner — cross-reference CVEs against our packag (commit 23dbbec).
Watch: kai: no active novel work.

Nel (security & QA) shipped a real improvement overnight: Build dependency vulnerability scanner — cross-reference CVEs against our packag.

Ra (newsletter) shipped a real improvement overnight: Editorial Feedback Loop Phase 1 (I1) — tracking pixel + link wrapping in render.py, Vercel tracking API. Before: Newsletter engagement: 0% visibility (zero opens/clicks data). After: Newsletter engagement: tracking active — open events fire on render, click events fire on link visit. Engagement logged to agents/ra/ledger/engagement.jsonl. — a measurable change.

Sam (engineering) is working on a structural weakness: No Automated Regression Detection — Performance Baselines Missing, Regressions Undetected. No code has changed yet — the research is done, execution is next.

Aether (trading bot) shipped a real improvement overnight: aggregate-weekly.py — cross-session strategy aggregator: per-strategy edge, window P&L trends, concentration risk, health flags. Before: Analysis quality: 0% automated checking — sub-par analyses publish silently. After: Analysis quality: 12-point gate runs before every HQ publish. GPT cross-check (QC05) and recommendation (QC09) are hard blocks. — a measurable change.

Dex (pattern detection) is working on a structural weakness: Detection Without Remediation — Dex Finds Issues But Only Flags Them, Never Fixes Them. No code has changed yet — the research is done, execution is next.

Kai (CEO orchestrator) has no active improvement work this cycle. Known weakness not yet worked: Session Continuity Drift. Research cycle did not complete — no data to work from.

────────────────────────────────────────────────────────────────────────────────
🔧 SELF-IMPROVEMENT CYCLE (reported by each agent to Kai)
────────────────────────────────────────────────────────────────────────────────

Nel: Researched W2 — Zero Dependency Vulnerability Scanning — Cipher Ignores Supply Chain Risk.
Ra: Researched W1 — Zero Editorial Feedback Loop — Newsletter Quality Is a Black Box.
Sam: Researched W1 — No Automated Regression Detection — Performance Baselines Missing, Regressions Undetected.
Aether: Researched W1 — Macro Data Coverage Inadequate — No Real-Time Fed/CPI Signal Monitoring.
Dex: Researched W1 — Detection Without Remediation — Dex Finds Issues But Only Flags Them, Never Fixes Them.
Kai (orchestrator): Researched W1 — Session Continuity Drift.

Kai Research: Researched W1 — Session Continuity Drift.
  Published research drop to HQ — see Research tab for full findings.

Kai synthesis: 5/5 agents reported. All cycles in progress — no weaknesses fully resolved yet today. Expected completions: next overnight cycle.

================================================================================
[morning-report-v4] 06:55:42 Mirror synced: /Users/kai/Documents/Projects/Hyo/agents/sam/website/data/morning-report.json
[morning-report-v4] 06:55:42 Adding morning report to feed.json...
Morning report added to feed.json for 2026-04-22
[morning-report-v4] 06:55:42 Feed entry created
[DUAL-PATH GATE] BLOCKED: website/data/feed.json staged but agents/sam/website/data/feed.json is NOT staged.
  Fix: git add agents/sam/website/data/feed.json

[DUAL-PATH GATE] Commit blocked. Mirror the files above, then retry.
[morning-report-v4] 06:55:42 ERROR: git commit failed — morning report NOT published.
[morning-report-v4] 06:55:42 Done — v4 morning report generated
