[2026-04-22T05:54:47-0600] === OMP Measurement Run — 2026-04-22 ===
[2026-04-22T05:54:47-0600] === OMP Measurement Run — 2026-04-22 ===
[2026-04-22T05:54:47-0600]   Measuring nel...
[2026-04-22T05:54:47-0600]   Measuring nel...
/Users/kai/Documents/Projects/Hyo/bin/omp-measure.sh: line 314: 0
0: syntax error in expression (error token is "0")
/Users/kai/Documents/Projects/Hyo/bin/omp-measure.sh: line 892: declare: -A: invalid option
declare: usage: declare [-afFirtx] [-p] [name[=value] ...]
/Users/kai/Documents/Projects/Hyo/bin/omp-measure.sh: line 900: nel: unbound variable
[2026-04-23T05:58:22-0600] === OMP Measurement Run — 2026-04-23 ===
[2026-04-23T05:58:22-0600] === OMP Measurement Run — 2026-04-23 ===
[2026-04-23T05:58:22-0600]   Measuring nel...
[2026-04-23T05:58:22-0600]   Measuring nel...
/Users/kai/Documents/Projects/Hyo/bin/omp-measure.sh: line 314: 0
0: syntax error in expression (error token is "0")
/Users/kai/Documents/Projects/Hyo/bin/omp-measure.sh: line 892: declare: -A: invalid option
declare: usage: declare [-afFirtx] [-p] [name[=value] ...]
/Users/kai/Documents/Projects/Hyo/bin/omp-measure.sh: line 900: nel: unbound variable
[2026-04-24T05:47:13-0600] === OMP Measurement Run — 2026-04-24 ===
[2026-04-24T05:47:13-0600] === OMP Measurement Run — 2026-04-24 ===
[2026-04-24T05:47:13-0600]   Measuring nel...
[2026-04-24T05:47:13-0600]   Measuring nel...
/Users/kai/Documents/Projects/Hyo/bin/omp-measure.sh: line 314: 0
0: syntax error in expression (error token is "0")
/Users/kai/Documents/Projects/Hyo/bin/omp-measure.sh: line 892: declare: -A: invalid option
declare: usage: declare [-afFirtx] [-p] [name[=value] ...]
/Users/kai/Documents/Projects/Hyo/bin/omp-measure.sh: line 900: nel: unbound variable
[2026-04-25T05:48:54-0600] === OMP Measurement Run — 2026-04-25 ===
[2026-04-25T05:48:54-0600] === OMP Measurement Run — 2026-04-25 ===
[2026-04-25T05:48:54-0600]   Measuring nel...
[2026-04-25T05:48:54-0600]   Measuring nel...
/Users/kai/Documents/Projects/Hyo/bin/omp-measure.sh: line 314: 0
0: syntax error in expression (error token is "0")
/Users/kai/Documents/Projects/Hyo/bin/omp-measure.sh: line 892: declare: -A: invalid option
declare: usage: declare [-afFirtx] [-p] [name[=value] ...]
/Users/kai/Documents/Projects/Hyo/bin/omp-measure.sh: line 900: nel: unbound variable
[2026-04-26T05:50:40-0600] === OMP Measurement Run — 2026-04-26 ===
[2026-04-26T05:50:40-0600] === OMP Measurement Run — 2026-04-26 ===
[2026-04-26T05:50:40-0600]   Measuring nel...
[2026-04-26T05:50:40-0600]   Measuring nel...
/Users/kai/Documents/Projects/Hyo/bin/omp-measure.sh: line 314: 0
0: syntax error in expression (error token is "0")
/Users/kai/Documents/Projects/Hyo/bin/omp-measure.sh: line 892: declare: -A: invalid option
declare: usage: declare [-afFirtx] [-p] [name[=value] ...]
/Users/kai/Documents/Projects/Hyo/bin/omp-measure.sh: line 900: nel: unbound variable
[2026-04-27T05:52:21-0600] === OMP Measurement Run — 2026-04-27 ===
[2026-04-27T05:52:21-0600] === OMP Measurement Run — 2026-04-27 ===
[2026-04-27T05:52:21-0600]   Measuring nel...
[2026-04-27T05:52:21-0600]   Measuring nel...
/Users/kai/Documents/Projects/Hyo/bin/omp-measure.sh: line 314: 0
0: syntax error in expression (error token is "0")
/Users/kai/Documents/Projects/Hyo/bin/omp-measure.sh: line 892: declare: -A: invalid option
declare: usage: declare [-afFirtx] [-p] [name[=value] ...]
/Users/kai/Documents/Projects/Hyo/bin/omp-measure.sh: line 900: nel: unbound variable
