[2026-04-23T08:00:10-0600] === Agent Outcome Check — 2026-04-23 ===
[2026-04-23T08:00:10-0600]   ✓ nel: daily log (    5700B)
[2026-04-23T08:00:10-0600]   ✓ sam: self-review (    1947B)
[2026-04-23T08:00:10-0600]   ✓ kai: verified-state.json fresh (0min old)
[2026-04-23T08:00:10-0600] === Outcome Check: 3 checked, 0 failures ===
[2026-04-23T08:15:12-0600] === Agent Outcome Check — 2026-04-23 ===
[2026-04-23T08:15:12-0600]   ✓ nel: daily log (    5700B)
[2026-04-23T08:15:12-0600]   ✓ sam: self-review (    1947B)
[2026-04-23T08:15:12-0600]   ✓ kai: verified-state.json fresh (0min old)
[2026-04-23T08:15:12-0600] === Outcome Check: 3 checked, 0 failures ===
[2026-04-23T08:30:14-0600] === Agent Outcome Check — 2026-04-23 ===
[2026-04-23T08:30:14-0600]   ✓ nel: daily log (    5700B)
[2026-04-23T08:30:14-0600]   ✓ sam: self-review (    1947B)
[2026-04-23T08:30:14-0600]   ✓ kai: verified-state.json fresh (0min old)
[2026-04-23T08:30:14-0600] === Outcome Check: 3 checked, 0 failures ===
[2026-04-23T08:45:17-0600] === Agent Outcome Check — 2026-04-23 ===
[2026-04-23T08:45:17-0600]   ✓ nel: daily log (    5700B)
[2026-04-23T08:45:17-0600]   ✓ sam: self-review (    1947B)
[2026-04-23T08:45:17-0600]   ✓ kai: verified-state.json fresh (0min old)
[2026-04-23T08:45:17-0600] === Outcome Check: 3 checked, 0 failures ===
[2026-04-23T09:00:18-0600] === Agent Outcome Check — 2026-04-23 ===
[2026-04-23T09:00:18-0600]   ✓ nel: daily log (    5700B)
[2026-04-23T09:00:18-0600]   ✓ sam: self-review (    1947B)
[2026-04-23T09:00:18-0600]   ✓ kai: verified-state.json fresh (0min old)
[2026-04-23T09:00:18-0600] === Outcome Check: 3 checked, 0 failures ===
[2026-04-23T09:15:21-0600] === Agent Outcome Check — 2026-04-23 ===
[2026-04-23T09:15:21-0600]   ✓ nel: daily log (    5708B)
[2026-04-23T09:15:21-0600]   ✓ sam: self-review (    1947B)
[2026-04-23T09:15:21-0600]   ✓ kai: verified-state.json fresh (0min old)
[2026-04-23T09:15:21-0600] === Outcome Check: 3 checked, 0 failures ===
[2026-04-23T09:30:23-0600] === Agent Outcome Check — 2026-04-23 ===
[2026-04-23T09:30:23-0600]   ✓ nel: daily log (    5708B)
[2026-04-23T09:30:23-0600]   ✓ sam: self-review (    1947B)
[2026-04-23T09:30:23-0600]   ✓ kai: verified-state.json fresh (0min old)
[2026-04-23T09:30:23-0600] === Outcome Check: 3 checked, 0 failures ===
[2026-04-23T09:45:24-0600] === Agent Outcome Check — 2026-04-23 ===
[2026-04-23T09:45:24-0600]   ✓ nel: daily log (    5708B)
[2026-04-23T09:45:24-0600]   ✓ sam: self-review (    1947B)
[2026-04-23T09:45:24-0600]   ✓ kai: verified-state.json fresh (0min old)
[2026-04-23T09:45:24-0600] === Outcome Check: 3 checked, 0 failures ===
[2026-04-23T10:00:25-0600] === Agent Outcome Check — 2026-04-23 ===
[2026-04-23T10:00:25-0600]   ✓ kai: morning-report present (morning-report-kai-2026-04-23-080004)
[2026-04-23T10:00:25-0600]   ✓ ra: newsletter HTML (    9280B)
[2026-04-23T10:00:25-0600]   ✓ ra: newsletter MD (    3319B)
[2026-04-23T10:00:25-0600]   ✓ nel: daily log (    5708B)
[2026-04-23T10:00:25-0600]   ✓ sam: self-review (    1947B)
[2026-04-23T10:00:25-0600]   ✓ kai: verified-state.json fresh (0min old)
[2026-04-23T10:00:25-0600] === Outcome Check: 6 checked, 0 failures ===
[2026-04-23T10:15:27-0600] === Agent Outcome Check — 2026-04-23 ===
[2026-04-23T10:15:27-0600]   ✓ kai: morning-report present (morning-report-kai-2026-04-23-080004)
[2026-04-23T10:15:27-0600]   ✓ ra: newsletter HTML (   10083B)
[2026-04-23T10:15:27-0600]   ✓ ra: newsletter MD (    4106B)
[2026-04-23T10:15:27-0600]   ✓ nel: daily log (    5708B)
[2026-04-23T10:15:27-0600]   ✓ sam: self-review (    1947B)
[2026-04-23T10:15:27-0600]   ✓ kai: verified-state.json fresh (0min old)
[2026-04-23T10:15:27-0600] === Outcome Check: 6 checked, 0 failures ===
[2026-04-23T10:30:31-0600] === Agent Outcome Check — 2026-04-23 ===
[2026-04-23T10:30:31-0600]   ✓ kai: morning-report present (morning-report-kai-2026-04-23-080004)
[2026-04-23T10:30:31-0600]   ✓ ra: newsletter HTML (    9543B)
[2026-04-23T10:30:31-0600]   ✓ ra: newsletter MD (    3658B)
[2026-04-23T10:30:31-0600]   ✓ nel: daily log (    5708B)
[2026-04-23T10:30:31-0600]   ✓ sam: self-review (    1947B)
[2026-04-23T10:30:31-0600]   ✓ kai: verified-state.json fresh (0min old)
[2026-04-23T10:30:31-0600] === Outcome Check: 6 checked, 0 failures ===
[2026-04-23T10:45:32-0600] === Agent Outcome Check — 2026-04-23 ===
[2026-04-23T10:45:32-0600]   ✓ kai: morning-report present (morning-report-kai-2026-04-23-080004)
[2026-04-23T10:45:32-0600]   ✓ ra: newsletter HTML (    9715B)
[2026-04-23T10:45:32-0600]   ✓ ra: newsletter MD (    3836B)
[2026-04-23T10:45:32-0600]   ✓ nel: daily log (    5708B)
[2026-04-23T10:45:32-0600]   ✓ sam: self-review (    1947B)
[2026-04-23T10:45:32-0600]   ✓ kai: verified-state.json fresh (0min old)
[2026-04-23T10:45:32-0600] === Outcome Check: 6 checked, 0 failures ===
[2026-04-23T11:00:33-0600] === Agent Outcome Check — 2026-04-23 ===
[2026-04-23T11:00:33-0600]   ✓ kai: morning-report present (morning-report-kai-2026-04-23-080004)
[2026-04-23T11:00:33-0600]   ✓ ra: newsletter HTML (    9781B)
[2026-04-23T11:00:33-0600]   ✓ ra: newsletter MD (    3909B)
[2026-04-23T11:00:33-0600]   ✓ nel: daily log (    5708B)
[2026-04-23T11:00:33-0600]   ✓ sam: self-review (    1947B)
[2026-04-23T11:00:33-0600]   ✓ kai: verified-state.json fresh (0min old)
[2026-04-23T11:00:33-0600] === Outcome Check: 6 checked, 0 failures ===
[2026-04-23T11:15:35-0600] === Agent Outcome Check — 2026-04-23 ===
[2026-04-23T11:15:35-0600]   ✓ kai: morning-report present (morning-report-kai-2026-04-23-080004)
[2026-04-23T11:15:35-0600]   ✓ ra: newsletter HTML (    9749B)
[2026-04-23T11:15:35-0600]   ✓ ra: newsletter MD (    3858B)
[2026-04-23T11:15:35-0600]   ✓ nel: daily log (    5708B)
[2026-04-23T11:15:35-0600]   ✓ sam: self-review (    1947B)
[2026-04-23T11:15:35-0600]   ✓ kai: verified-state.json fresh (0min old)
[2026-04-23T11:15:35-0600] === Outcome Check: 6 checked, 0 failures ===
[2026-04-23T11:30:36-0600] === Agent Outcome Check — 2026-04-23 ===
[2026-04-23T11:30:36-0600]   ✓ kai: morning-report present (morning-report-kai-2026-04-23-080004)
[2026-04-23T11:30:36-0600]   ✓ ra: newsletter HTML (    9508B)
[2026-04-23T11:30:36-0600]   ✓ ra: newsletter MD (    3624B)
[2026-04-23T11:30:36-0600]   ✓ nel: daily log (    5708B)
[2026-04-23T11:30:36-0600]   ✓ sam: self-review (    1947B)
[2026-04-23T11:30:36-0600]   ✓ kai: verified-state.json fresh (0min old)
[2026-04-23T11:30:36-0600] === Outcome Check: 6 checked, 0 failures ===
[2026-04-23T11:45:38-0600] === Agent Outcome Check — 2026-04-23 ===
[2026-04-23T11:45:38-0600]   ✓ kai: morning-report present (morning-report-kai-2026-04-23-080004)
[2026-04-23T11:45:38-0600]   ✓ ra: newsletter HTML (   10208B)
[2026-04-23T11:45:38-0600]   ✓ ra: newsletter MD (    4305B)
[2026-04-23T11:45:38-0600]   ✓ nel: daily log (    5708B)
[2026-04-23T11:45:38-0600]   ✓ sam: self-review (    1947B)
[2026-04-23T11:45:38-0600]   ✓ kai: verified-state.json fresh (0min old)
[2026-04-23T11:45:38-0600] === Outcome Check: 6 checked, 0 failures ===
[2026-04-23T12:00:39-0600] === Agent Outcome Check — 2026-04-23 ===
[2026-04-23T12:00:39-0600]   ✓ kai: morning-report present (morning-report-kai-2026-04-23-080004)
[2026-04-23T12:00:39-0600]   ✓ ra: newsletter HTML (    8922B)
[2026-04-23T12:00:39-0600]   ✓ ra: newsletter MD (    3056B)
[2026-04-23T12:00:39-0600]   ✓ nel: daily log (    5708B)
[2026-04-23T12:00:39-0600]   ✓ sam: self-review (    1947B)
[2026-04-23T12:00:39-0600]   ✓ kai: verified-state.json fresh (0min old)
[2026-04-23T12:00:39-0600] === Outcome Check: 6 checked, 0 failures ===
[2026-04-23T12:15:40-0600] === Agent Outcome Check — 2026-04-23 ===
[2026-04-23T12:15:40-0600]   ✓ kai: morning-report present (morning-report-kai-2026-04-23-080004)
[2026-04-23T12:15:40-0600]   ✓ ra: newsletter HTML (    9741B)
[2026-04-23T12:15:40-0600]   ✓ ra: newsletter MD (    3871B)
[2026-04-23T12:15:40-0600]   ✓ nel: daily log (    5708B)
[2026-04-23T12:15:40-0600]   ✓ sam: self-review (    1947B)
[2026-04-23T12:15:40-0600]   ✓ kai: verified-state.json fresh (0min old)
[2026-04-23T12:15:40-0600] === Outcome Check: 6 checked, 0 failures ===
[2026-04-23T12:30:42-0600] === Agent Outcome Check — 2026-04-23 ===
[2026-04-23T12:30:42-0600]   ✓ kai: morning-report present (morning-report-kai-2026-04-23-080004)
[2026-04-23T12:30:42-0600]   ✓ ra: newsletter HTML (    9377B)
[2026-04-23T12:30:42-0600]   ✓ ra: newsletter MD (    3494B)
[2026-04-23T12:30:42-0600]   ✓ nel: daily log (    5708B)
[2026-04-23T12:30:42-0600]   ✓ sam: self-review (    1947B)
[2026-04-23T12:30:42-0600]   ✓ kai: verified-state.json fresh (0min old)
[2026-04-23T12:30:42-0600] === Outcome Check: 6 checked, 0 failures ===
[2026-04-23T12:45:43-0600] === Agent Outcome Check — 2026-04-23 ===
[2026-04-23T12:45:43-0600]   ✓ kai: morning-report present (morning-report-kai-2026-04-23-080004)
[2026-04-23T12:45:43-0600]   ✓ ra: newsletter HTML (   11113B)
[2026-04-23T12:45:43-0600]   ✓ ra: newsletter MD (    5359B)
[2026-04-23T12:45:43-0600]   ✓ nel: daily log (    5708B)
[2026-04-23T12:45:43-0600]   ✓ sam: self-review (    1947B)
[2026-04-23T12:45:43-0600]   ✓ kai: verified-state.json fresh (0min old)
[2026-04-23T12:45:43-0600] === Outcome Check: 6 checked, 0 failures ===
[2026-04-23T13:00:44-0600] === Agent Outcome Check — 2026-04-23 ===
[2026-04-23T13:00:44-0600]   ✓ kai: morning-report present (morning-report-kai-2026-04-23-080004)
[2026-04-23T13:00:44-0600]   ✓ ra: newsletter HTML (   11604B)
[2026-04-23T13:00:44-0600]   ✓ ra: newsletter MD (    5783B)
[2026-04-23T13:00:44-0600]   ✓ nel: daily log (    5708B)
[2026-04-23T13:00:44-0600]   ✓ sam: self-review (    1947B)
[2026-04-23T13:00:44-0600]   ✓ kai: verified-state.json fresh (0min old)
[2026-04-23T13:00:44-0600] === Outcome Check: 6 checked, 0 failures ===
[2026-04-23T13:15:46-0600] === Agent Outcome Check — 2026-04-23 ===
[2026-04-23T13:15:46-0600]   ✓ kai: morning-report present (morning-report-kai-2026-04-23-080004)
[2026-04-23T13:15:46-0600]   ✓ ra: newsletter HTML (    9659B)
[2026-04-23T13:15:46-0600]   ✓ ra: newsletter MD (    3686B)
[2026-04-23T13:15:46-0600]   ✓ nel: daily log (    5708B)
[2026-04-23T13:15:46-0600]   ✓ sam: self-review (    1947B)
[2026-04-23T13:15:46-0600]   ✓ kai: verified-state.json fresh (0min old)
[2026-04-23T13:15:46-0600] === Outcome Check: 6 checked, 0 failures ===
[2026-04-23T13:30:47-0600] === Agent Outcome Check — 2026-04-23 ===
[2026-04-23T13:30:47-0600]   ✓ kai: morning-report present (morning-report-kai-2026-04-23-080004)
[2026-04-23T13:30:47-0600]   ✓ ra: newsletter HTML (    9931B)
[2026-04-23T13:30:47-0600]   ✓ ra: newsletter MD (    4040B)
[2026-04-23T13:30:47-0600]   ✓ nel: daily log (    5708B)
[2026-04-23T13:30:47-0600]   ✓ sam: self-review (    1947B)
[2026-04-23T13:30:47-0600]   ✓ kai: verified-state.json fresh (0min old)
[2026-04-23T13:30:47-0600] === Outcome Check: 6 checked, 0 failures ===
[2026-04-23T13:45:49-0600] === Agent Outcome Check — 2026-04-23 ===
[2026-04-23T13:45:49-0600]   ✓ kai: morning-report present (morning-report-kai-2026-04-23-080004)
[2026-04-23T13:45:49-0600]   ✓ ra: newsletter HTML (    9901B)
[2026-04-23T13:45:49-0600]   ✓ ra: newsletter MD (    4010B)
[2026-04-23T13:45:49-0600]   ✓ nel: daily log (    5708B)
[2026-04-23T13:45:49-0600]   ✓ sam: self-review (    1947B)
[2026-04-23T13:45:49-0600]   ✓ kai: verified-state.json fresh (0min old)
[2026-04-23T13:45:49-0600] === Outcome Check: 6 checked, 0 failures ===
[2026-04-23T14:00:50-0600] === Agent Outcome Check — 2026-04-23 ===
[2026-04-23T14:00:50-0600]   ✓ kai: morning-report present (morning-report-kai-2026-04-23-080004)
[2026-04-23T14:00:50-0600]   ✓ ra: newsletter HTML (    9905B)
[2026-04-23T14:00:50-0600]   ✓ ra: newsletter MD (    3919B)
[2026-04-23T14:00:50-0600]   ✓ nel: daily log (    5708B)
[2026-04-23T14:00:50-0600]   ✓ sam: self-review (    1947B)
[2026-04-23T14:00:50-0600]   ✓ kai: verified-state.json fresh (0min old)
[2026-04-23T14:00:50-0600] === Outcome Check: 6 checked, 0 failures ===
[2026-04-23T14:15:52-0600] === Agent Outcome Check — 2026-04-23 ===
[2026-04-23T14:15:52-0600]   ✓ kai: morning-report present (morning-report-kai-2026-04-23-080004)
[2026-04-23T14:15:52-0600]   ✓ ra: newsletter HTML (   10115B)
[2026-04-23T14:15:52-0600]   ✓ ra: newsletter MD (    4129B)
[2026-04-23T14:15:52-0600]   ✓ nel: daily log (    5708B)
[2026-04-23T14:15:52-0600]   ✓ sam: self-review (    1947B)
[2026-04-23T14:15:52-0600]   ✓ kai: verified-state.json fresh (0min old)
[2026-04-23T14:15:52-0600] === Outcome Check: 6 checked, 0 failures ===
[2026-04-23T14:30:53-0600] === Agent Outcome Check — 2026-04-23 ===
[2026-04-23T14:30:53-0600]   ✓ kai: morning-report present (morning-report-kai-2026-04-23-080004)
[2026-04-23T14:30:53-0600]   ✓ ra: newsletter HTML (    9790B)
[2026-04-23T14:30:53-0600]   ✓ ra: newsletter MD (    3804B)
[2026-04-23T14:30:53-0600]   ✓ nel: daily log (    5708B)
[2026-04-23T14:30:53-0600]   ✓ sam: self-review (    1947B)
[2026-04-23T14:30:53-0600]   ✓ kai: verified-state.json fresh (0min old)
[2026-04-23T14:30:53-0600] === Outcome Check: 6 checked, 0 failures ===
[2026-04-23T14:45:55-0600] === Agent Outcome Check — 2026-04-23 ===
[2026-04-23T14:45:55-0600]   ✓ kai: morning-report present (morning-report-kai-2026-04-23-080004)
[2026-04-23T14:45:55-0600]   ✓ ra: newsletter HTML (   10021B)
[2026-04-23T14:45:55-0600]   ✓ ra: newsletter MD (    4047B)
[2026-04-23T14:45:55-0600]   ✓ nel: daily log (    5113B)
[2026-04-23T14:45:55-0600]   ✓ sam: self-review (    1947B)
[2026-04-23T14:45:55-0600]   ✓ kai: verified-state.json fresh (0min old)
[2026-04-23T14:45:55-0600] === Outcome Check: 6 checked, 0 failures ===
[2026-04-23T15:00:56-0600] === Agent Outcome Check — 2026-04-23 ===
[2026-04-23T15:00:56-0600]   ✓ kai: morning-report present (morning-report-kai-2026-04-23-080004)
[2026-04-23T15:00:56-0600]   ✓ ra: newsletter HTML (    9260B)
[2026-04-23T15:00:56-0600]   ✓ ra: newsletter MD (    3388B)
[2026-04-23T15:00:56-0600]   ✓ nel: daily log (    5708B)
[2026-04-23T15:00:56-0600]   ✓ sam: self-review (    1947B)
[2026-04-23T15:00:56-0600]   ✓ kai: verified-state.json fresh (0min old)
[2026-04-23T15:00:56-0600] === Outcome Check: 6 checked, 0 failures ===
[2026-04-23T15:15:58-0600] === Agent Outcome Check — 2026-04-23 ===
[2026-04-23T15:15:58-0600]   ✓ kai: morning-report present (morning-report-kai-2026-04-23-080004)
[2026-04-23T15:15:58-0600]   ✓ ra: newsletter HTML (    9957B)
[2026-04-23T15:15:58-0600]   ✓ ra: newsletter MD (    4066B)
[2026-04-23T15:15:58-0600]   ✓ nel: daily log (    5708B)
[2026-04-23T15:15:58-0600]   ✓ sam: self-review (    1947B)
[2026-04-23T15:15:58-0600]   ✓ kai: verified-state.json fresh (0min old)
[2026-04-23T15:15:58-0600] === Outcome Check: 6 checked, 0 failures ===
[2026-04-23T15:30:59-0600] === Agent Outcome Check — 2026-04-23 ===
[2026-04-23T15:30:59-0600]   ✓ kai: morning-report present (morning-report-kai-2026-04-23-080004)
[2026-04-23T15:30:59-0600]   ✓ ra: newsletter HTML (   11519B)
[2026-04-23T15:30:59-0600]   ✓ ra: newsletter MD (    5758B)
[2026-04-23T15:30:59-0600]   ✓ nel: daily log (    5708B)
[2026-04-23T15:30:59-0600]   ✓ sam: self-review (    1947B)
[2026-04-23T15:30:59-0600]   ✓ kai: verified-state.json fresh (0min old)
[2026-04-23T15:30:59-0600] === Outcome Check: 6 checked, 0 failures ===
[2026-04-23T15:46:01-0600] === Agent Outcome Check — 2026-04-23 ===
[2026-04-23T15:46:01-0600]   ✓ kai: morning-report present (morning-report-kai-2026-04-23-080004)
[2026-04-23T15:46:01-0600]   ✓ ra: newsletter HTML (   10577B)
[2026-04-23T15:46:01-0600]   ✓ ra: newsletter MD (    4675B)
[2026-04-23T15:46:01-0600]   ✓ nel: daily log (    5708B)
[2026-04-23T15:46:01-0600]   ✓ sam: self-review (    1947B)
[2026-04-23T15:46:01-0600]   ✓ kai: verified-state.json fresh (0min old)
[2026-04-23T15:46:01-0600] === Outcome Check: 6 checked, 0 failures ===
[2026-04-23T16:01:02-0600] === Agent Outcome Check — 2026-04-23 ===
[2026-04-23T16:01:02-0600]   ✓ kai: morning-report present (morning-report-kai-2026-04-23-080004)
[2026-04-23T16:01:02-0600]   ✓ ra: newsletter HTML (    9490B)
[2026-04-23T16:01:02-0600]   ✓ ra: newsletter MD (    3513B)
[2026-04-23T16:01:02-0600]   ✓ nel: daily log (    5708B)
[2026-04-23T16:01:02-0600]   ✓ sam: self-review (    1947B)
[2026-04-23T16:01:02-0600]   ✓ kai: verified-state.json fresh (0min old)
[2026-04-23T16:01:02-0600] === Outcome Check: 6 checked, 0 failures ===
[2026-04-23T16:16:03-0600] === Agent Outcome Check — 2026-04-23 ===
[2026-04-23T16:16:03-0600]   ✓ kai: morning-report present (morning-report-kai-2026-04-23-080004)
[2026-04-23T16:16:03-0600]   ✓ ra: newsletter HTML (   11354B)
[2026-04-23T16:16:03-0600]   ✓ ra: newsletter MD (    5510B)
[2026-04-23T16:16:03-0600]   ✓ nel: daily log (    5708B)
[2026-04-23T16:16:03-0600]   ✓ sam: self-review (    1947B)
[2026-04-23T16:16:03-0600]   ✓ kai: verified-state.json fresh (0min old)
[2026-04-23T16:16:03-0600] === Outcome Check: 6 checked, 0 failures ===
[2026-04-23T16:31:05-0600] === Agent Outcome Check — 2026-04-23 ===
[2026-04-23T16:31:05-0600]   ✓ kai: morning-report present (morning-report-kai-2026-04-23-080004)
[2026-04-23T16:31:05-0600]   ✓ ra: newsletter HTML (   12318B)
[2026-04-23T16:31:05-0600]   ✓ ra: newsletter MD (    6573B)
[2026-04-23T16:31:05-0600]   ✓ nel: daily log (    5708B)
[2026-04-23T16:31:05-0600]   ✓ sam: self-review (    1947B)
[2026-04-23T16:31:05-0600]   ✓ kai: verified-state.json fresh (0min old)
[2026-04-23T16:31:05-0600] === Outcome Check: 6 checked, 0 failures ===
[2026-04-23T16:46:06-0600] === Agent Outcome Check — 2026-04-23 ===
[2026-04-23T16:46:06-0600]   ✓ kai: morning-report present (morning-report-kai-2026-04-23-080004)
[2026-04-23T16:46:06-0600]   ✓ ra: newsletter HTML (    9242B)
[2026-04-23T16:46:06-0600]   ✓ ra: newsletter MD (    3376B)
[2026-04-23T16:46:06-0600]   ✓ nel: daily log (    5708B)
[2026-04-23T16:46:06-0600]   ✓ sam: self-review (    1947B)
[2026-04-23T16:46:06-0600]   ✓ kai: verified-state.json fresh (0min old)
[2026-04-23T16:46:06-0600] === Outcome Check: 6 checked, 0 failures ===
[2026-04-23T17:01:08-0600] === Agent Outcome Check — 2026-04-23 ===
[2026-04-23T17:01:08-0600]   ✓ kai: morning-report present (morning-report-kai-2026-04-23-080004)
[2026-04-23T17:01:08-0600]   ✓ ra: newsletter HTML (   10024B)
[2026-04-23T17:01:08-0600]   ✓ ra: newsletter MD (    3935B)
[2026-04-23T17:01:08-0600]   ✓ nel: daily log (    5708B)
[2026-04-23T17:01:08-0600]   ✓ sam: self-review (    1947B)
[2026-04-23T17:01:08-0600]   ✓ kai: verified-state.json fresh (0min old)
[2026-04-23T17:01:08-0600] === Outcome Check: 6 checked, 0 failures ===
[2026-04-23T17:16:09-0600] === Agent Outcome Check — 2026-04-23 ===
[2026-04-23T17:16:09-0600]   ✓ kai: morning-report present (morning-report-kai-2026-04-23-080004)
[2026-04-23T17:16:09-0600]   ✓ ra: newsletter HTML (   10014B)
[2026-04-23T17:16:09-0600]   ✓ ra: newsletter MD (    4130B)
[2026-04-23T17:16:09-0600]   ✓ nel: daily log (    5708B)
[2026-04-23T17:16:09-0600]   ✓ sam: self-review (    1947B)
[2026-04-23T17:16:09-0600]   ✓ kai: verified-state.json fresh (0min old)
[2026-04-23T17:16:09-0600] === Outcome Check: 6 checked, 0 failures ===
[2026-04-23T17:31:10-0600] === Agent Outcome Check — 2026-04-23 ===
[2026-04-23T17:31:10-0600]   ✓ kai: morning-report present (morning-report-kai-2026-04-23-080004)
[2026-04-23T17:31:10-0600]   ✓ ra: newsletter HTML (   11531B)
[2026-04-23T17:31:10-0600]   ✓ ra: newsletter MD (    5777B)
[2026-04-23T17:31:10-0600]   ✓ nel: daily log (    5708B)
[2026-04-23T17:31:10-0600]   ✓ sam: self-review (    1947B)
[2026-04-23T17:31:10-0600]   ✓ kai: verified-state.json fresh (0min old)
[2026-04-23T17:31:10-0600] === Outcome Check: 6 checked, 0 failures ===
[2026-04-23T17:46:12-0600] === Agent Outcome Check — 2026-04-23 ===
[2026-04-23T17:46:12-0600]   ✓ kai: morning-report present (morning-report-kai-2026-04-23-080004)
[2026-04-23T17:46:12-0600]   ✓ ra: newsletter HTML (    9628B)
[2026-04-23T17:46:12-0600]   ✓ ra: newsletter MD (    3734B)
[2026-04-23T17:46:12-0600]   ✓ nel: daily log (    5708B)
[2026-04-23T17:46:12-0600]   ✓ sam: self-review (    1947B)
[2026-04-23T17:46:12-0600]   ✓ kai: verified-state.json fresh (0min old)
[2026-04-23T17:46:12-0600] === Outcome Check: 6 checked, 0 failures ===
[2026-04-23T18:01:13-0600] === Agent Outcome Check — 2026-04-23 ===
[2026-04-23T18:01:13-0600]   ✓ kai: morning-report present (morning-report-kai-2026-04-23-080004)
[2026-04-23T18:01:13-0600]   ✓ ra: newsletter HTML (   10287B)
[2026-04-23T18:01:13-0600]   ✓ ra: newsletter MD (    4390B)
[2026-04-23T18:01:13-0600]   ✓ nel: daily log (    5708B)
[2026-04-23T18:01:13-0600]   ✓ sam: self-review (    1947B)
[2026-04-23T18:01:13-0600]   ✓ kai: verified-state.json fresh (0min old)
[2026-04-23T18:01:13-0600] === Outcome Check: 6 checked, 0 failures ===
[2026-04-23T18:16:15-0600] === Agent Outcome Check — 2026-04-23 ===
[2026-04-23T18:16:15-0600]   ✓ kai: morning-report present (morning-report-kai-2026-04-23-080004)
[2026-04-23T18:16:15-0600]   ✓ ra: newsletter HTML (   12494B)
[2026-04-23T18:16:15-0600]   ✓ ra: newsletter MD (    6741B)
[2026-04-23T18:16:15-0600]   ✓ nel: daily log (    5708B)
[2026-04-23T18:16:15-0600]   ✓ sam: self-review (    1947B)
[2026-04-23T18:16:15-0600]   ✓ kai: verified-state.json fresh (0min old)
[2026-04-23T18:16:15-0600] === Outcome Check: 6 checked, 0 failures ===
[2026-04-23T18:31:16-0600] === Agent Outcome Check — 2026-04-23 ===
[2026-04-23T18:31:16-0600]   ✓ kai: morning-report present (morning-report-kai-2026-04-23-080004)
[2026-04-23T18:31:16-0600]   ✓ ra: newsletter HTML (    9834B)
[2026-04-23T18:31:16-0600]   ✓ ra: newsletter MD (    3962B)
[2026-04-23T18:31:16-0600]   ✓ nel: daily log (    5708B)
[2026-04-23T18:31:16-0600]   ✓ sam: self-review (    1947B)
[2026-04-23T18:31:16-0600]   ✓ kai: verified-state.json fresh (0min old)
[2026-04-23T18:31:16-0600] === Outcome Check: 6 checked, 0 failures ===
[2026-04-23T18:46:17-0600] === Agent Outcome Check — 2026-04-23 ===
[2026-04-23T18:46:17-0600]   ✓ kai: morning-report present (morning-report-kai-2026-04-23-080004)
[2026-04-23T18:46:17-0600]   ✓ ra: newsletter HTML (   10122B)
[2026-04-23T18:46:17-0600]   ✓ ra: newsletter MD (    4221B)
[2026-04-23T18:46:17-0600]   ✓ nel: daily log (    5708B)
[2026-04-23T18:46:17-0600]   ✓ sam: self-review (    1947B)
[2026-04-23T18:46:17-0600]   ✓ kai: verified-state.json fresh (0min old)
[2026-04-23T18:46:17-0600] === Outcome Check: 6 checked, 0 failures ===
[2026-04-23T19:01:19-0600] === Agent Outcome Check — 2026-04-23 ===
[2026-04-23T19:01:19-0600]   ✓ kai: morning-report present (morning-report-kai-2026-04-23-080004)
[2026-04-23T19:01:19-0600]   ✓ ra: newsletter HTML (    9883B)
[2026-04-23T19:01:19-0600]   ✓ ra: newsletter MD (    3992B)
[2026-04-23T19:01:19-0600]   ✓ nel: daily log (    5708B)
[2026-04-23T19:01:19-0600]   ✓ sam: self-review (    1947B)
[2026-04-23T19:01:19-0600]   ✓ kai: verified-state.json fresh (0min old)
[2026-04-23T19:01:19-0600] === Outcome Check: 6 checked, 0 failures ===
[2026-04-23T19:16:20-0600] === Agent Outcome Check — 2026-04-23 ===
[2026-04-23T19:16:20-0600]   ✓ kai: morning-report present (morning-report-kai-2026-04-23-080004)
[2026-04-23T19:16:20-0600]   ✓ ra: newsletter HTML (   12537B)
[2026-04-23T19:16:20-0600]   ✓ ra: newsletter MD (    6565B)
[2026-04-23T19:16:20-0600]   ✓ nel: daily log (    5708B)
[2026-04-23T19:16:20-0600]   ✓ sam: self-review (    1947B)
[2026-04-23T19:16:20-0600]   ✓ kai: verified-state.json fresh (0min old)
[2026-04-23T19:16:20-0600] === Outcome Check: 6 checked, 0 failures ===
[2026-04-23T19:31:21-0600] === Agent Outcome Check — 2026-04-23 ===
[2026-04-23T19:31:21-0600]   ✓ kai: morning-report present (morning-report-kai-2026-04-23-080004)
[2026-04-23T19:31:21-0600]   ✓ ra: newsletter HTML (   10569B)
[2026-04-23T19:31:21-0600]   ✓ ra: newsletter MD (    4666B)
[2026-04-23T19:31:21-0600]   ✓ nel: daily log (    5708B)
[2026-04-23T19:31:21-0600]   ✓ sam: self-review (    1947B)
[2026-04-23T19:31:21-0600]   ✓ kai: verified-state.json fresh (0min old)
[2026-04-23T19:31:21-0600] === Outcome Check: 6 checked, 0 failures ===
[2026-04-23T19:46:23-0600] === Agent Outcome Check — 2026-04-23 ===
[2026-04-23T19:46:23-0600]   ✓ kai: morning-report present (morning-report-kai-2026-04-23-080004)
[2026-04-23T19:46:23-0600]   ✓ ra: newsletter HTML (   10014B)
[2026-04-23T19:46:23-0600]   ✓ ra: newsletter MD (    4117B)
[2026-04-23T19:46:23-0600]   ✓ nel: daily log (    5708B)
[2026-04-23T19:46:23-0600]   ✓ sam: self-review (    1947B)
[2026-04-23T19:46:23-0600]   ✓ kai: verified-state.json fresh (0min old)
[2026-04-23T19:46:23-0600] === Outcome Check: 6 checked, 0 failures ===
[2026-04-23T20:01:24-0600] === Agent Outcome Check — 2026-04-23 ===
[2026-04-23T20:01:24-0600]   ✓ kai: morning-report present (morning-report-kai-2026-04-23-080004)
[2026-04-23T20:01:24-0600]   ✓ ra: newsletter HTML (   10209B)
[2026-04-23T20:01:24-0600]   ✓ ra: newsletter MD (    4227B)
[2026-04-23T20:01:24-0600]   ✓ nel: daily log (    5708B)
[2026-04-23T20:01:24-0600]   ✓ sam: self-review (    1947B)
[2026-04-23T20:01:24-0600]   ✓ kai: verified-state.json fresh (0min old)
[2026-04-23T20:01:24-0600] === Outcome Check: 6 checked, 0 failures ===
[2026-04-23T20:16:25-0600] === Agent Outcome Check — 2026-04-23 ===
[2026-04-23T20:16:25-0600]   ✓ kai: morning-report present (morning-report-kai-2026-04-23-080004)
[2026-04-23T20:16:25-0600]   ✓ ra: newsletter HTML (    9059B)
[2026-04-23T20:16:25-0600]   ✓ ra: newsletter MD (    3188B)
[2026-04-23T20:16:25-0600]   ✓ nel: daily log (    5708B)
[2026-04-23T20:16:25-0600]   ✓ sam: self-review (    1947B)
[2026-04-23T20:16:25-0600]   ✓ kai: verified-state.json fresh (0min old)
[2026-04-23T20:16:25-0600] === Outcome Check: 6 checked, 0 failures ===
[2026-04-23T20:31:27-0600] === Agent Outcome Check — 2026-04-23 ===
[2026-04-23T20:31:27-0600]   ✓ kai: morning-report present (morning-report-kai-2026-04-23-080004)
[2026-04-23T20:31:27-0600]   ✓ ra: newsletter HTML (   11345B)
[2026-04-23T20:31:27-0600]   ✓ ra: newsletter MD (    5610B)
[2026-04-23T20:31:27-0600]   ✓ nel: daily log (    5708B)
[2026-04-23T20:31:27-0600]   ✓ sam: self-review (    1947B)
[2026-04-23T20:31:27-0600]   ✓ kai: verified-state.json fresh (0min old)
[2026-04-23T20:31:27-0600] === Outcome Check: 6 checked, 0 failures ===
[2026-04-23T20:46:28-0600] === Agent Outcome Check — 2026-04-23 ===
[2026-04-23T20:46:28-0600]   ✓ kai: morning-report present (morning-report-kai-2026-04-23-080004)
[2026-04-23T20:46:28-0600]   ✓ ra: newsletter HTML (   11985B)
[2026-04-23T20:46:28-0600]   ✓ ra: newsletter MD (    6217B)
[2026-04-23T20:46:28-0600]   ✓ nel: daily log (    5708B)
[2026-04-23T20:46:28-0600]   ✓ sam: self-review (    1947B)
[2026-04-23T20:46:28-0600]   ✓ kai: verified-state.json fresh (0min old)
[2026-04-23T20:46:28-0600] === Outcome Check: 6 checked, 0 failures ===
[2026-04-23T21:01:30-0600] === Agent Outcome Check — 2026-04-23 ===
[2026-04-23T21:01:30-0600]   ✓ kai: morning-report present (morning-report-kai-2026-04-23-080004)
[2026-04-23T21:01:30-0600]   ✓ ra: newsletter HTML (   11407B)
[2026-04-23T21:01:30-0600]   ✓ ra: newsletter MD (    5551B)
[2026-04-23T21:01:30-0600]   ✓ nel: daily log (    5708B)
[2026-04-23T21:01:30-0600]   ✓ sam: self-review (    1947B)
[2026-04-23T21:01:30-0600]   ✓ kai: verified-state.json fresh (0min old)
[2026-04-23T21:01:30-0600] === Outcome Check: 6 checked, 0 failures ===
[2026-04-23T21:16:31-0600] === Agent Outcome Check — 2026-04-23 ===
[2026-04-23T21:16:31-0600]   ✓ kai: morning-report present (morning-report-kai-2026-04-23-080004)
[2026-04-23T21:16:31-0600]   ✓ ra: newsletter HTML (   11158B)
[2026-04-23T21:16:31-0600]   ✓ ra: newsletter MD (    5397B)
[2026-04-23T21:16:31-0600]   ✓ nel: daily log (    5708B)
[2026-04-23T21:16:31-0600]   ✓ sam: self-review (    1947B)
[2026-04-23T21:16:31-0600]   ✓ kai: verified-state.json fresh (0min old)
[2026-04-23T21:16:31-0600] === Outcome Check: 6 checked, 0 failures ===
[2026-04-23T21:31:32-0600] === Agent Outcome Check — 2026-04-23 ===
[2026-04-23T21:31:32-0600]   ✓ kai: morning-report present (morning-report-kai-2026-04-23-080004)
[2026-04-23T21:31:32-0600]   ✓ ra: newsletter HTML (   11318B)
[2026-04-23T21:31:32-0600]   ✓ ra: newsletter MD (    5547B)
[2026-04-23T21:31:32-0600]   ✓ nel: daily log (    5708B)
[2026-04-23T21:31:32-0600]   ✓ sam: self-review (    1947B)
[2026-04-23T21:31:32-0600]   ✓ kai: verified-state.json fresh (0min old)
[2026-04-23T21:31:32-0600] === Outcome Check: 6 checked, 0 failures ===
[2026-04-23T21:46:34-0600] === Agent Outcome Check — 2026-04-23 ===
[2026-04-23T21:46:34-0600]   ✓ kai: morning-report present (morning-report-kai-2026-04-23-080004)
[2026-04-23T21:46:34-0600]   ✓ ra: newsletter HTML (   11701B)
[2026-04-23T21:46:34-0600]   ✓ ra: newsletter MD (    5838B)
[2026-04-23T21:46:34-0600]   ✓ nel: daily log (    5708B)
[2026-04-23T21:46:34-0600]   ✓ sam: self-review (    1947B)
[2026-04-23T21:46:34-0600]   ✓ kai: verified-state.json fresh (0min old)
[2026-04-23T21:46:34-0600] === Outcome Check: 6 checked, 0 failures ===
[2026-04-23T22:01:35-0600] === Agent Outcome Check — 2026-04-23 ===
[2026-04-23T22:01:35-0600]   ✓ kai: morning-report present (morning-report-kai-2026-04-23-080004)
[2026-04-23T22:01:35-0600]   ✓ ra: newsletter HTML (    9323B)
[2026-04-23T22:01:35-0600]   ✓ ra: newsletter MD (    3453B)
[2026-04-23T22:01:35-0600]   ✓ nel: daily log (    5708B)
[2026-04-23T22:01:35-0600]   ✓ sam: self-review (    1947B)
[2026-04-23T22:01:35-0600]   ✓ kai: verified-state.json fresh (0min old)
[2026-04-23T22:01:35-0600] === Outcome Check: 6 checked, 0 failures ===
[2026-04-23T22:16:36-0600] === Agent Outcome Check — 2026-04-23 ===
[2026-04-23T22:16:36-0600]   ✓ kai: morning-report present (morning-report-kai-2026-04-23-080004)
[2026-04-23T22:16:36-0600]   ✓ ra: newsletter HTML (    9437B)
[2026-04-23T22:16:36-0600]   ✓ ra: newsletter MD (    3481B)
[2026-04-23T22:16:36-0600]   ✓ nel: daily log (    5708B)
[2026-04-23T22:16:36-0600]   ✓ sam: self-review (    1947B)
[2026-04-23T22:16:36-0600]   ✓ kai: verified-state.json fresh (0min old)
[2026-04-23T22:16:36-0600] === Outcome Check: 6 checked, 0 failures ===
[2026-04-23T22:31:38-0600] === Agent Outcome Check — 2026-04-23 ===
[2026-04-23T22:31:38-0600]   ✓ kai: morning-report present (morning-report-kai-2026-04-23-080004)
[2026-04-23T22:31:38-0600]   ✓ ra: newsletter HTML (    9940B)
[2026-04-23T22:31:38-0600]   ✓ ra: newsletter MD (    3985B)
[2026-04-23T22:31:38-0600]   ✓ nel: daily log (    5708B)
[2026-04-23T22:31:38-0600]   ✓ sam: self-review (    1947B)
[2026-04-23T22:31:38-0600]   ✓ kai: verified-state.json fresh (0min old)
[2026-04-23T22:31:38-0600] === Outcome Check: 6 checked, 0 failures ===
[2026-04-23T22:46:39-0600] === Agent Outcome Check — 2026-04-23 ===
[2026-04-23T22:46:39-0600]   ✓ kai: morning-report present (morning-report-kai-2026-04-23-080004)
[2026-04-23T22:46:39-0600]   ✓ ra: newsletter HTML (   10379B)
[2026-04-23T22:46:39-0600]   ✓ ra: newsletter MD (    4400B)
[2026-04-23T22:46:39-0600]   ✓ nel: daily log (    5708B)
[2026-04-23T22:46:39-0600]   ✓ sam: self-review (    1947B)
[2026-04-23T22:46:39-0600]   ✓ kai: verified-state.json fresh (0min old)
[2026-04-23T22:46:39-0600] === Outcome Check: 6 checked, 0 failures ===
[2026-04-23T23:01:41-0600] === Agent Outcome Check — 2026-04-23 ===
[2026-04-23T23:01:41-0600]   ✓ kai: morning-report present (morning-report-kai-2026-04-23-080004)
[2026-04-23T23:01:41-0600]   ✓ ra: newsletter HTML (   11949B)
[2026-04-23T23:01:41-0600]   ✓ ra: newsletter MD (    6031B)
[2026-04-23T23:01:41-0600]   ✓ nel: daily log (    5708B)
[2026-04-23T23:01:41-0600]   ✓ sam: self-review (    1947B)
[2026-04-23T23:01:41-0600]   ✓ kai: verified-state.json fresh (0min old)
[2026-04-23T23:01:41-0600] === Outcome Check: 6 checked, 0 failures ===
[2026-04-23T23:16:42-0600] === Agent Outcome Check — 2026-04-23 ===
[2026-04-23T23:16:42-0600]   ✓ kai: morning-report present (morning-report-kai-2026-04-23-080004)
[2026-04-23T23:16:42-0600]   ✓ ra: newsletter HTML (   11667B)
[2026-04-23T23:16:42-0600]   ✓ ra: newsletter MD (    5915B)
[2026-04-23T23:16:42-0600]   ✓ nel: daily log (    5708B)
[2026-04-23T23:16:42-0600]   ✓ sam: self-review (    1947B)
[2026-04-23T23:16:42-0600]   ✓ kai: verified-state.json fresh (0min old)
[2026-04-23T23:16:42-0600] === Outcome Check: 6 checked, 0 failures ===
[2026-04-23T23:31:44-0600] === Agent Outcome Check — 2026-04-23 ===
[2026-04-23T23:31:44-0600]   ✓ kai: morning-report present (morning-report-kai-2026-04-23-080004)
[2026-04-23T23:31:44-0600]   ✓ ra: newsletter HTML (    9643B)
[2026-04-23T23:31:44-0600]   ✓ ra: newsletter MD (    3656B)
[2026-04-23T23:31:44-0600]   ✓ nel: daily log (    5708B)
[2026-04-23T23:31:44-0600]   ✓ sam: self-review (    1947B)
[2026-04-23T23:31:44-0600]   ✓ kai: verified-state.json fresh (0min old)
[2026-04-23T23:31:44-0600] === Outcome Check: 6 checked, 0 failures ===
[2026-04-23T23:46:46-0600] === Agent Outcome Check — 2026-04-23 ===
[2026-04-23T23:46:46-0600]   ✓ kai: morning-report present (morning-report-kai-2026-04-23-080004)
[2026-04-23T23:46:46-0600]   ✓ ra: newsletter HTML (    9619B)
[2026-04-23T23:46:46-0600]   ✓ ra: newsletter MD (    3735B)
[2026-04-23T23:46:46-0600]   ✓ nel: daily log (    5708B)
[2026-04-23T23:46:46-0600]   ✓ sam: self-review (    1947B)
[2026-04-23T23:46:46-0600]   ✓ kai: verified-state.json fresh (0min old)
[2026-04-23T23:46:46-0600] === Outcome Check: 6 checked, 0 failures ===
[2026-04-24T00:01:47-0600] === Agent Outcome Check — 2026-04-24 ===
[2026-04-24T00:01:47-0600]   ✓ nel: daily log (    3159B)
[2026-04-24T00:01:47-0600]   ✗ sam: MISSING self-review — expected at /Users/kai/Documents/Projects/Hyo/agents/sam/logs/self-review-2026-04-24.md
[2026-04-24T00:01:47-0600]   ✓ aether: daily analysis (   13104B)
[2026-04-24T00:01:47-0600]   ✓ kai: verified-state.json fresh (0min old)
[2026-04-24T00:01:47-0600] === Outcome Check: 4 checked, 1 failures ===
[2026-04-24T00:16:49-0600] === Agent Outcome Check — 2026-04-24 ===
[2026-04-24T00:16:49-0600]   ✓ nel: daily log (    3085B)
[2026-04-24T00:16:49-0600]   ✗ sam: MISSING self-review — expected at /Users/kai/Documents/Projects/Hyo/agents/sam/logs/self-review-2026-04-24.md
[2026-04-24T00:16:49-0600]   ✓ aether: daily analysis (   13104B)
[2026-04-24T00:16:49-0600]   ✓ kai: verified-state.json fresh (0min old)
[2026-04-24T00:16:49-0600] === Outcome Check: 4 checked, 1 failures ===
[2026-04-24T00:31:50-0600] === Agent Outcome Check — 2026-04-24 ===
[2026-04-24T00:31:50-0600]   ✓ nel: daily log (    5677B)
[2026-04-24T00:31:50-0600]   ✗ sam: MISSING self-review — expected at /Users/kai/Documents/Projects/Hyo/agents/sam/logs/self-review-2026-04-24.md
[2026-04-24T00:31:50-0600]   ✓ aether: daily analysis (   13104B)
[2026-04-24T00:31:50-0600]   ✓ kai: verified-state.json fresh (0min old)
[2026-04-24T00:31:50-0600] === Outcome Check: 4 checked, 1 failures ===
[2026-04-24T00:46:51-0600] === Agent Outcome Check — 2026-04-24 ===
[2026-04-24T00:46:51-0600]   ✓ nel: daily log (    5677B)
[2026-04-24T00:46:51-0600]   ✗ sam: MISSING self-review — expected at /Users/kai/Documents/Projects/Hyo/agents/sam/logs/self-review-2026-04-24.md
[2026-04-24T00:46:51-0600]   ✓ aether: daily analysis (   13104B)
[2026-04-24T00:46:51-0600]   ✓ kai: verified-state.json fresh (0min old)
[2026-04-24T00:46:51-0600] === Outcome Check: 4 checked, 1 failures ===
[2026-04-24T01:01:52-0600] === Agent Outcome Check — 2026-04-24 ===
[2026-04-24T01:01:52-0600]   ✓ nel: daily log (    5677B)
[2026-04-24T01:01:52-0600]   ✗ sam: MISSING self-review — expected at /Users/kai/Documents/Projects/Hyo/agents/sam/logs/self-review-2026-04-24.md
[2026-04-24T01:01:52-0600]   ✓ aether: daily analysis (   13104B)
[2026-04-24T01:01:52-0600]   ✓ kai: verified-state.json fresh (0min old)
[2026-04-24T01:01:52-0600] === Outcome Check: 4 checked, 1 failures ===
[2026-04-24T01:16:54-0600] === Agent Outcome Check — 2026-04-24 ===
[2026-04-24T01:16:54-0600]   ✓ nel: daily log (    5677B)
[2026-04-24T01:16:54-0600]   ✗ sam: MISSING self-review — expected at /Users/kai/Documents/Projects/Hyo/agents/sam/logs/self-review-2026-04-24.md
[2026-04-24T01:16:54-0600]   ✓ aether: daily analysis (   13104B)
[2026-04-24T01:16:54-0600]   ✓ kai: verified-state.json fresh (0min old)
[2026-04-24T01:16:54-0600] === Outcome Check: 4 checked, 1 failures ===
[2026-04-24T01:31:55-0600] === Agent Outcome Check — 2026-04-24 ===
[2026-04-24T01:31:55-0600]   ✓ nel: daily log (    5677B)
[2026-04-24T01:31:55-0600]   ✗ sam: MISSING self-review — expected at /Users/kai/Documents/Projects/Hyo/agents/sam/logs/self-review-2026-04-24.md
[2026-04-24T01:31:55-0600]   ✓ aether: daily analysis (   13104B)
[2026-04-24T01:31:55-0600]   ✓ kai: verified-state.json fresh (0min old)
[2026-04-24T01:31:55-0600] === Outcome Check: 4 checked, 1 failures ===
[2026-04-24T01:46:56-0600] === Agent Outcome Check — 2026-04-24 ===
[2026-04-24T01:46:56-0600]   ✓ nel: daily log (    5677B)
[2026-04-24T01:46:56-0600]   ✗ sam: MISSING self-review — expected at /Users/kai/Documents/Projects/Hyo/agents/sam/logs/self-review-2026-04-24.md
[2026-04-24T01:46:56-0600]   ✓ aether: daily analysis (   13104B)
[2026-04-24T01:46:56-0600]   ✓ kai: verified-state.json fresh (0min old)
[2026-04-24T01:46:56-0600] === Outcome Check: 4 checked, 1 failures ===
[2026-04-24T02:01:57-0600] === Agent Outcome Check — 2026-04-24 ===
[2026-04-24T02:01:57-0600]   ✓ nel: daily log (    5811B)
[2026-04-24T02:01:57-0600]   ✗ sam: MISSING self-review — expected at /Users/kai/Documents/Projects/Hyo/agents/sam/logs/self-review-2026-04-24.md
[2026-04-24T02:01:57-0600]   ✓ aether: daily analysis (   13104B)
[2026-04-24T02:01:57-0600]   ✓ kai: verified-state.json fresh (0min old)
[2026-04-24T02:01:57-0600] === Outcome Check: 4 checked, 1 failures ===
[2026-04-24T02:16:58-0600] === Agent Outcome Check — 2026-04-24 ===
[2026-04-24T02:16:58-0600]   ✓ nel: daily log (    5811B)
[2026-04-24T02:16:58-0600]   ✗ sam: MISSING self-review — expected at /Users/kai/Documents/Projects/Hyo/agents/sam/logs/self-review-2026-04-24.md
[2026-04-24T02:16:58-0600]   ✓ aether: daily analysis (   13104B)
[2026-04-24T02:16:58-0600]   ✓ kai: verified-state.json fresh (0min old)
[2026-04-24T02:16:58-0600] === Outcome Check: 4 checked, 1 failures ===
[2026-04-24T02:31:59-0600] === Agent Outcome Check — 2026-04-24 ===
[2026-04-24T02:31:59-0600]   ✓ nel: daily log (    5811B)
[2026-04-24T02:31:59-0600]   ✗ sam: MISSING self-review — expected at /Users/kai/Documents/Projects/Hyo/agents/sam/logs/self-review-2026-04-24.md
[2026-04-24T02:31:59-0600]   ✓ aether: daily analysis (   13104B)
[2026-04-24T02:31:59-0600]   ✓ kai: verified-state.json fresh (0min old)
[2026-04-24T02:31:59-0600] === Outcome Check: 4 checked, 1 failures ===
[2026-04-24T05:17:09-0600] === Agent Outcome Check — 2026-04-24 ===
[2026-04-24T05:17:09-0600]   ✓ nel: daily log (    5811B)
[2026-04-24T05:17:09-0600]   ✗ sam: MISSING self-review — expected at /Users/kai/Documents/Projects/Hyo/agents/sam/logs/self-review-2026-04-24.md
[2026-04-24T05:17:09-0600]   ✓ aether: daily analysis (   13104B)
[2026-04-24T05:17:09-0600]   ✓ kai: verified-state.json fresh (0min old)
[2026-04-24T05:17:09-0600] === Outcome Check: 4 checked, 1 failures ===
[2026-04-24T05:32:10-0600] === Agent Outcome Check — 2026-04-24 ===
[2026-04-24T05:32:10-0600]   ✓ nel: daily log (    5811B)
[2026-04-24T05:32:10-0600]   ✓ sam: self-review (    1660B)
[2026-04-24T05:32:10-0600]   ✓ aether: daily analysis (   13104B)
[2026-04-24T05:32:10-0600]   ✓ kai: verified-state.json fresh (0min old)
[2026-04-24T05:32:10-0600] === Outcome Check: 4 checked, 0 failures ===
[2026-04-24T05:47:11-0600] === Agent Outcome Check — 2026-04-24 ===
[2026-04-24T05:47:11-0600]   ✓ nel: daily log (    5811B)
[2026-04-24T05:47:11-0600]   ✓ sam: self-review (    1660B)
[2026-04-24T05:47:11-0600]   ✓ aether: daily analysis (   13104B)
[2026-04-24T05:47:11-0600]   ✓ kai: verified-state.json fresh (0min old)
[2026-04-24T05:47:11-0600] === Outcome Check: 4 checked, 0 failures ===
[2026-04-24T06:02:12-0600] === Agent Outcome Check — 2026-04-24 ===
[2026-04-24T06:02:12-0600]   ✓ ra: newsletter HTML (    9166B)
[2026-04-24T06:02:12-0600]   ✓ ra: newsletter MD (    3189B)
[2026-04-24T06:02:12-0600]   ✓ nel: daily log (    5811B)
[2026-04-24T06:02:12-0600]   ✓ sam: self-review (    1660B)
[2026-04-24T06:02:12-0600]   ✓ aether: daily analysis (   13104B)
[2026-04-24T06:02:12-0600]   ✓ kai: verified-state.json fresh (0min old)
[2026-04-24T06:02:12-0600] === Outcome Check: 6 checked, 0 failures ===
[2026-04-24T06:17:13-0600] === Agent Outcome Check — 2026-04-24 ===
[2026-04-24T06:17:13-0600]   ✓ ra: newsletter HTML (   12405B)
[2026-04-24T06:17:13-0600]   ✓ ra: newsletter MD (    6653B)
[2026-04-24T06:17:13-0600]   ✓ nel: daily log (    5811B)
[2026-04-24T06:17:13-0600]   ✓ sam: self-review (    1660B)
[2026-04-24T06:17:13-0600]   ✓ aether: daily analysis (   13104B)
[2026-04-24T06:17:13-0600]   ✓ kai: verified-state.json fresh (0min old)
[2026-04-24T06:17:13-0600] === Outcome Check: 6 checked, 0 failures ===
[2026-04-24T06:32:14-0600] === Agent Outcome Check — 2026-04-24 ===
[2026-04-24T06:32:14-0600]   ✓ ra: newsletter HTML (   10201B)
[2026-04-24T06:32:14-0600]   ✓ ra: newsletter MD (    4214B)
[2026-04-24T06:32:14-0600]   ✓ nel: daily log (    5811B)
[2026-04-24T06:32:14-0600]   ✓ sam: self-review (    1660B)
[2026-04-24T06:32:14-0600]   ✓ aether: daily analysis (   13104B)
[2026-04-24T06:32:14-0600]   ✓ kai: verified-state.json fresh (0min old)
[2026-04-24T06:32:14-0600] === Outcome Check: 6 checked, 0 failures ===
[2026-04-24T06:47:15-0600] === Agent Outcome Check — 2026-04-24 ===
[2026-04-24T06:47:15-0600]   ✓ ra: newsletter HTML (   11735B)
[2026-04-24T06:47:15-0600]   ✓ ra: newsletter MD (    5968B)
[2026-04-24T06:47:15-0600]   ✓ nel: daily log (    5811B)
[2026-04-24T06:47:15-0600]   ✓ sam: self-review (    1660B)
[2026-04-24T06:47:15-0600]   ✓ aether: daily analysis (   13104B)
[2026-04-24T06:47:15-0600]   ✓ kai: verified-state.json fresh (0min old)
[2026-04-24T06:47:15-0600] === Outcome Check: 6 checked, 0 failures ===
[2026-04-24T07:02:16-0600] === Agent Outcome Check — 2026-04-24 ===
[2026-04-24T07:02:16-0600]   ✓ kai: morning-report present (morning-report-kai-2026-04-24-050853)
[2026-04-24T07:02:16-0600]   ✓ ra: newsletter HTML (   12175B)
[2026-04-24T07:02:16-0600]   ✓ ra: newsletter MD (    6320B)
[2026-04-24T07:02:16-0600]   ✓ nel: daily log (    5811B)
[2026-04-24T07:02:16-0600]   ✓ sam: self-review (    1660B)
[2026-04-24T07:02:16-0600]   ✓ aether: daily analysis (   13104B)
[2026-04-24T07:02:16-0600]   ✓ kai: verified-state.json fresh (0min old)
[2026-04-24T07:02:16-0600] === Outcome Check: 7 checked, 0 failures ===
[2026-04-24T07:17:17-0600] === Agent Outcome Check — 2026-04-24 ===
[2026-04-24T07:17:17-0600]   ✓ kai: morning-report present (morning-report-kai-2026-04-24-050853)
[2026-04-24T07:17:17-0600]   ✓ ra: newsletter HTML (    9696B)
[2026-04-24T07:17:17-0600]   ✓ ra: newsletter MD (    3811B)
[2026-04-24T07:17:17-0600]   ✓ nel: daily log (    5811B)
[2026-04-24T07:17:17-0600]   ✓ sam: self-review (    1660B)
[2026-04-24T07:17:17-0600]   ✓ aether: daily analysis (   13104B)
[2026-04-24T07:17:17-0600]   ✓ kai: verified-state.json fresh (0min old)
[2026-04-24T07:17:17-0600] === Outcome Check: 7 checked, 0 failures ===
[2026-04-24T07:32:19-0600] === Agent Outcome Check — 2026-04-24 ===
[2026-04-24T07:32:19-0600]   ✓ kai: morning-report present (morning-report-kai-2026-04-24-050853)
[2026-04-24T07:32:19-0600]   ✓ ra: newsletter HTML (   10854B)
[2026-04-24T07:32:19-0600]   ✓ ra: newsletter MD (    5095B)
[2026-04-24T07:32:19-0600]   ✓ nel: daily log (    5811B)
[2026-04-24T07:32:19-0600]   ✓ sam: self-review (    1660B)
[2026-04-24T07:32:19-0600]   ✓ aether: daily analysis (   13104B)
[2026-04-24T07:32:19-0600]   ✓ kai: verified-state.json fresh (0min old)
[2026-04-24T07:32:19-0600] === Outcome Check: 7 checked, 0 failures ===
[2026-04-24T07:47:20-0600] === Agent Outcome Check — 2026-04-24 ===
[2026-04-24T07:47:20-0600]   ✓ kai: morning-report present (morning-report-kai-2026-04-24-050853)
[2026-04-24T07:47:20-0600]   ✓ ra: newsletter HTML (   11114B)
[2026-04-24T07:47:20-0600]   ✓ ra: newsletter MD (    5290B)
[2026-04-24T07:47:20-0600]   ✓ nel: daily log (    5811B)
[2026-04-24T07:47:20-0600]   ✓ sam: self-review (    1660B)
[2026-04-24T07:47:20-0600]   ✓ aether: daily analysis (   13104B)
[2026-04-24T07:47:20-0600]   ✓ kai: verified-state.json fresh (0min old)
[2026-04-24T07:47:20-0600] === Outcome Check: 7 checked, 0 failures ===
[2026-04-24T08:02:21-0600] === Agent Outcome Check — 2026-04-24 ===
[2026-04-24T08:02:21-0600]   ✓ nel: daily log (    5811B)
[2026-04-24T08:02:21-0600]   ✓ sam: self-review (    1660B)
[2026-04-24T08:02:21-0600]   ✓ kai: verified-state.json fresh (0min old)
[2026-04-24T08:02:21-0600] === Outcome Check: 3 checked, 0 failures ===
[2026-04-24T08:17:22-0600] === Agent Outcome Check — 2026-04-24 ===
[2026-04-24T08:17:22-0600]   ✓ nel: daily log (    3067B)
[2026-04-24T08:17:22-0600]   ✓ sam: self-review (    1660B)
[2026-04-24T08:17:22-0600]   ✓ kai: verified-state.json fresh (0min old)
[2026-04-24T08:17:22-0600] === Outcome Check: 3 checked, 0 failures ===
[2026-04-24T08:32:22-0600] === Agent Outcome Check — 2026-04-24 ===
[2026-04-24T08:32:22-0600]   ✓ nel: daily log (    3067B)
[2026-04-24T08:32:22-0600]   ✓ sam: self-review (    1660B)
[2026-04-24T08:32:22-0600]   ✓ kai: verified-state.json fresh (0min old)
[2026-04-24T08:32:22-0600] === Outcome Check: 3 checked, 0 failures ===
[2026-04-24T08:47:23-0600] === Agent Outcome Check — 2026-04-24 ===
[2026-04-24T08:47:23-0600]   ✓ nel: daily log (    3067B)
[2026-04-24T08:47:23-0600]   ✓ sam: self-review (    1660B)
[2026-04-24T08:47:23-0600]   ✓ kai: verified-state.json fresh (0min old)
[2026-04-24T08:47:23-0600] === Outcome Check: 3 checked, 0 failures ===
[2026-04-24T09:02:24-0600] === Agent Outcome Check — 2026-04-24 ===
[2026-04-24T09:02:24-0600]   ✓ nel: daily log (    5708B)
[2026-04-24T09:02:24-0600]   ✓ sam: self-review (    1660B)
[2026-04-24T09:02:24-0600]   ✓ kai: verified-state.json fresh (0min old)
[2026-04-24T09:02:24-0600] === Outcome Check: 3 checked, 0 failures ===
[2026-04-24T09:17:25-0600] === Agent Outcome Check — 2026-04-24 ===
[2026-04-24T09:17:25-0600]   ✓ nel: daily log (    5708B)
[2026-04-24T09:17:25-0600]   ✓ sam: self-review (    1660B)
[2026-04-24T09:17:25-0600]   ✓ kai: verified-state.json fresh (0min old)
[2026-04-24T09:17:25-0600] === Outcome Check: 3 checked, 0 failures ===
[2026-04-24T09:32:26-0600] === Agent Outcome Check — 2026-04-24 ===
[2026-04-24T09:32:26-0600]   ✓ nel: daily log (    5708B)
[2026-04-24T09:32:26-0600]   ✓ sam: self-review (    1660B)
[2026-04-24T09:32:26-0600]   ✓ kai: verified-state.json fresh (0min old)
[2026-04-24T09:32:26-0600] === Outcome Check: 3 checked, 0 failures ===
[2026-04-24T09:47:27-0600] === Agent Outcome Check — 2026-04-24 ===
[2026-04-24T09:47:27-0600]   ✓ nel: daily log (    5708B)
[2026-04-24T09:47:27-0600]   ✓ sam: self-review (    1660B)
[2026-04-24T09:47:27-0600]   ✓ kai: verified-state.json fresh (0min old)
[2026-04-24T09:47:27-0600] === Outcome Check: 3 checked, 0 failures ===
[2026-04-24T10:02:28-0600] === Agent Outcome Check — 2026-04-24 ===
[2026-04-24T10:02:28-0600]   ✓ kai: morning-report present (morning-report-kai-2026-04-24-050853)
[2026-04-24T10:02:28-0600]   ✓ ra: newsletter HTML (    9669B)
[2026-04-24T10:02:28-0600]   ✓ ra: newsletter MD (    3677B)
[2026-04-24T10:02:28-0600]   ✓ nel: daily log (    5708B)
[2026-04-24T10:02:28-0600]   ✓ sam: self-review (    1660B)
[2026-04-24T10:02:28-0600]   ✓ kai: verified-state.json fresh (0min old)
[2026-04-24T10:02:28-0600] === Outcome Check: 6 checked, 0 failures ===
[2026-04-24T10:17:29-0600] === Agent Outcome Check — 2026-04-24 ===
[2026-04-24T10:17:29-0600]   ✓ kai: morning-report present (morning-report-kai-2026-04-24-050853)
[2026-04-24T10:17:29-0600]   ✓ ra: newsletter HTML (    9296B)
[2026-04-24T10:17:29-0600]   ✓ ra: newsletter MD (    3411B)
[2026-04-24T10:17:29-0600]   ✓ nel: daily log (    5708B)
[2026-04-24T10:17:29-0600]   ✓ sam: self-review (    1660B)
[2026-04-24T10:17:29-0600]   ✓ kai: verified-state.json fresh (0min old)
[2026-04-24T10:17:29-0600] === Outcome Check: 6 checked, 0 failures ===
[2026-04-24T10:32:30-0600] === Agent Outcome Check — 2026-04-24 ===
[2026-04-24T10:32:30-0600]   ✓ kai: morning-report present (morning-report-kai-2026-04-24-050853)
[2026-04-24T10:32:30-0600]   ✓ ra: newsletter HTML (   10077B)
[2026-04-24T10:32:30-0600]   ✓ ra: newsletter MD (    4098B)
[2026-04-24T10:32:30-0600]   ✓ nel: daily log (    5708B)
[2026-04-24T10:32:30-0600]   ✓ sam: self-review (    1660B)
[2026-04-24T10:32:30-0600]   ✓ kai: verified-state.json fresh (0min old)
[2026-04-24T10:32:30-0600] === Outcome Check: 6 checked, 0 failures ===
[2026-04-24T10:47:31-0600] === Agent Outcome Check — 2026-04-24 ===
[2026-04-24T10:47:31-0600]   ✓ kai: morning-report present (morning-report-kai-2026-04-24-050853)
[2026-04-24T10:47:31-0600]   ✓ ra: newsletter HTML (    9801B)
[2026-04-24T10:47:31-0600]   ✓ ra: newsletter MD (    3910B)
[2026-04-24T10:47:31-0600]   ✓ nel: daily log (    5708B)
[2026-04-24T10:47:31-0600]   ✓ sam: self-review (    1660B)
[2026-04-24T10:47:31-0600]   ✓ kai: verified-state.json fresh (0min old)
[2026-04-24T10:47:31-0600] === Outcome Check: 6 checked, 0 failures ===
[2026-04-24T11:02:32-0600] === Agent Outcome Check — 2026-04-24 ===
[2026-04-24T11:02:32-0600]   ✓ kai: morning-report present (morning-report-kai-2026-04-24-050853)
[2026-04-24T11:02:32-0600]   ✓ ra: newsletter HTML (    9572B)
[2026-04-24T11:02:32-0600]   ✓ ra: newsletter MD (    3599B)
[2026-04-24T11:02:32-0600]   ✓ nel: daily log (    5708B)
[2026-04-24T11:02:32-0600]   ✓ sam: self-review (    1660B)
[2026-04-24T11:02:32-0600]   ✓ kai: verified-state.json fresh (0min old)
[2026-04-24T11:02:32-0600] === Outcome Check: 6 checked, 0 failures ===
[2026-04-24T11:17:34-0600] === Agent Outcome Check — 2026-04-24 ===
[2026-04-24T11:17:34-0600]   ✓ kai: morning-report present (morning-report-kai-2026-04-24-050853)
[2026-04-24T11:17:34-0600]   ✓ ra: newsletter HTML (    9413B)
[2026-04-24T11:17:34-0600]   ✓ ra: newsletter MD (    3457B)
[2026-04-24T11:17:34-0600]   ✓ nel: daily log (    5708B)
[2026-04-24T11:17:34-0600]   ✓ sam: self-review (    1660B)
[2026-04-24T11:17:34-0600]   ✓ kai: verified-state.json fresh (0min old)
[2026-04-24T11:17:34-0600] === Outcome Check: 6 checked, 0 failures ===
[2026-04-24T11:32:35-0600] === Agent Outcome Check — 2026-04-24 ===
[2026-04-24T11:32:35-0600]   ✓ kai: morning-report present (morning-report-kai-2026-04-24-050853)
[2026-04-24T11:32:35-0600]   ✓ ra: newsletter HTML (    9768B)
[2026-04-24T11:32:35-0600]   ✓ ra: newsletter MD (    3877B)
[2026-04-24T11:32:35-0600]   ✓ nel: daily log (    5708B)
[2026-04-24T11:32:35-0600]   ✓ sam: self-review (    1660B)
[2026-04-24T11:32:35-0600]   ✓ kai: verified-state.json fresh (0min old)
[2026-04-24T11:32:35-0600] === Outcome Check: 6 checked, 0 failures ===
[2026-04-24T11:47:36-0600] === Agent Outcome Check — 2026-04-24 ===
[2026-04-24T11:47:36-0600]   ✓ kai: morning-report present (morning-report-kai-2026-04-24-050853)
[2026-04-24T11:47:36-0600]   ✓ ra: newsletter HTML (   10175B)
[2026-04-24T11:47:36-0600]   ✓ ra: newsletter MD (    4202B)
[2026-04-24T11:47:36-0600]   ✓ nel: daily log (    5708B)
[2026-04-24T11:47:36-0600]   ✓ sam: self-review (    1660B)
[2026-04-24T11:47:36-0600]   ✓ kai: verified-state.json fresh (0min old)
[2026-04-24T11:47:36-0600] === Outcome Check: 6 checked, 0 failures ===
[2026-04-24T12:02:37-0600] === Agent Outcome Check — 2026-04-24 ===
[2026-04-24T12:02:37-0600]   ✓ kai: morning-report present (morning-report-kai-2026-04-24-050853)
[2026-04-24T12:02:37-0600]   ✓ ra: newsletter HTML (   10102B)
[2026-04-24T12:02:37-0600]   ✓ ra: newsletter MD (    4212B)
[2026-04-24T12:02:37-0600]   ✓ nel: daily log (    5708B)
[2026-04-24T12:02:37-0600]   ✓ sam: self-review (    1660B)
[2026-04-24T12:02:37-0600]   ✓ kai: verified-state.json fresh (0min old)
[2026-04-24T12:02:37-0600] === Outcome Check: 6 checked, 0 failures ===
[2026-04-24T12:17:38-0600] === Agent Outcome Check — 2026-04-24 ===
[2026-04-24T12:17:38-0600]   ✓ kai: morning-report present (morning-report-kai-2026-04-24-050853)
[2026-04-24T12:17:38-0600]   ✓ ra: newsletter HTML (   12146B)
[2026-04-24T12:17:38-0600]   ✓ ra: newsletter MD (    6302B)
[2026-04-24T12:17:38-0600]   ✓ nel: daily log (    3025B)
[2026-04-24T12:17:38-0600]   ✓ sam: self-review (    1660B)
[2026-04-24T12:17:38-0600]   ✓ kai: verified-state.json fresh (0min old)
[2026-04-24T12:17:38-0600] === Outcome Check: 6 checked, 0 failures ===
[2026-04-24T12:32:39-0600] === Agent Outcome Check — 2026-04-24 ===
[2026-04-24T12:32:39-0600]   ✓ kai: morning-report present (morning-report-kai-2026-04-24-050853)
[2026-04-24T12:32:39-0600]   ✓ ra: newsletter HTML (   11746B)
[2026-04-24T12:32:39-0600]   ✓ ra: newsletter MD (    5897B)
[2026-04-24T12:32:39-0600]   ✓ nel: daily log (    3025B)
[2026-04-24T12:32:39-0600]   ✓ sam: self-review (    1660B)
[2026-04-24T12:32:39-0600]   ✓ kai: verified-state.json fresh (0min old)
[2026-04-24T12:32:39-0600] === Outcome Check: 6 checked, 0 failures ===
[2026-04-24T12:47:40-0600] === Agent Outcome Check — 2026-04-24 ===
[2026-04-24T12:47:40-0600]   ✓ kai: morning-report present (morning-report-kai-2026-04-24-050853)
[2026-04-24T12:47:40-0600]   ✓ ra: newsletter HTML (   10021B)
[2026-04-24T12:47:40-0600]   ✓ ra: newsletter MD (    4130B)
[2026-04-24T12:47:40-0600]   ✓ nel: daily log (    3025B)
[2026-04-24T12:47:40-0600]   ✓ sam: self-review (    1660B)
[2026-04-24T12:47:40-0600]   ✓ kai: verified-state.json fresh (0min old)
[2026-04-24T12:47:40-0600] === Outcome Check: 6 checked, 0 failures ===
[2026-04-24T13:02:41-0600] === Agent Outcome Check — 2026-04-24 ===
[2026-04-24T13:02:41-0600]   ✓ kai: morning-report present (morning-report-kai-2026-04-24-050853)
[2026-04-24T13:02:41-0600]   ✓ ra: newsletter HTML (    9416B)
[2026-04-24T13:02:41-0600]   ✓ ra: newsletter MD (    3550B)
[2026-04-24T13:02:41-0600]   ✓ nel: daily log (    3025B)
[2026-04-24T13:02:41-0600]   ✓ sam: self-review (    1660B)
[2026-04-24T13:02:41-0600]   ✓ kai: verified-state.json fresh (0min old)
[2026-04-24T13:02:41-0600] === Outcome Check: 6 checked, 0 failures ===
[2026-04-24T13:17:42-0600] === Agent Outcome Check — 2026-04-24 ===
[2026-04-24T13:17:42-0600]   ✓ kai: morning-report present (morning-report-kai-2026-04-24-050853)
[2026-04-24T13:17:42-0600]   ✓ ra: newsletter HTML (    9798B)
[2026-04-24T13:17:42-0600]   ✓ ra: newsletter MD (    3726B)
[2026-04-24T13:17:42-0600]   ✓ nel: daily log (    3025B)
[2026-04-24T13:17:42-0600]   ✓ sam: self-review (    1660B)
[2026-04-24T13:17:42-0600]   ✓ kai: verified-state.json fresh (0min old)
[2026-04-24T13:17:42-0600] === Outcome Check: 6 checked, 0 failures ===
[2026-04-24T13:32:43-0600] === Agent Outcome Check — 2026-04-24 ===
[2026-04-24T13:32:43-0600]   ✓ kai: morning-report present (morning-report-kai-2026-04-24-050853)
[2026-04-24T13:32:43-0600]   ✓ ra: newsletter HTML (    9062B)
[2026-04-24T13:32:43-0600]   ✓ ra: newsletter MD (    3190B)
[2026-04-24T13:32:43-0600]   ✓ nel: daily log (    3025B)
[2026-04-24T13:32:43-0600]   ✓ sam: self-review (    1660B)
[2026-04-24T13:32:43-0600]   ✓ kai: verified-state.json fresh (0min old)
[2026-04-24T13:32:43-0600] === Outcome Check: 6 checked, 0 failures ===
[2026-04-24T13:47:44-0600] === Agent Outcome Check — 2026-04-24 ===
[2026-04-24T13:47:44-0600]   ✓ kai: morning-report present (morning-report-kai-2026-04-24-050853)
[2026-04-24T13:47:44-0600]   ✓ ra: newsletter HTML (   11794B)
[2026-04-24T13:47:44-0600]   ✓ ra: newsletter MD (    6025B)
[2026-04-24T13:47:44-0600]   ✓ nel: daily log (    3025B)
[2026-04-24T13:47:44-0600]   ✓ sam: self-review (    1660B)
[2026-04-24T13:47:44-0600]   ✓ kai: verified-state.json fresh (0min old)
[2026-04-24T13:47:44-0600] === Outcome Check: 6 checked, 0 failures ===
[2026-04-24T14:02:45-0600] === Agent Outcome Check — 2026-04-24 ===
[2026-04-24T14:02:45-0600]   ✓ kai: morning-report present (morning-report-kai-2026-04-24-050853)
[2026-04-24T14:02:45-0600]   ✓ ra: newsletter HTML (   11456B)
[2026-04-24T14:02:45-0600]   ✓ ra: newsletter MD (    5686B)
[2026-04-24T14:02:45-0600]   ✓ nel: daily log (    3025B)
[2026-04-24T14:02:45-0600]   ✓ sam: self-review (    1660B)
[2026-04-24T14:02:45-0600]   ✓ kai: verified-state.json fresh (0min old)
[2026-04-24T14:02:45-0600] === Outcome Check: 6 checked, 0 failures ===
[2026-04-24T14:17:46-0600] === Agent Outcome Check — 2026-04-24 ===
[2026-04-24T14:17:46-0600]   ✓ kai: morning-report present (morning-report-kai-2026-04-24-050853)
[2026-04-24T14:17:46-0600]   ✓ ra: newsletter HTML (   11761B)
[2026-04-24T14:17:46-0600]   ✓ ra: newsletter MD (    5999B)
[2026-04-24T14:17:46-0600]   ✓ nel: daily log (    3025B)
[2026-04-24T14:17:46-0600]   ✓ sam: self-review (    1660B)
[2026-04-24T14:17:46-0600]   ✓ kai: verified-state.json fresh (0min old)
[2026-04-24T14:17:46-0600] === Outcome Check: 6 checked, 0 failures ===
[2026-04-24T14:32:47-0600] === Agent Outcome Check — 2026-04-24 ===
[2026-04-24T14:32:47-0600]   ✓ kai: morning-report present (morning-report-kai-2026-04-24-050853)
[2026-04-24T14:32:47-0600]   ✓ ra: newsletter HTML (    9573B)
[2026-04-24T14:32:47-0600]   ✓ ra: newsletter MD (    3617B)
[2026-04-24T14:32:47-0600]   ✓ nel: daily log (    3025B)
[2026-04-24T14:32:47-0600]   ✓ sam: self-review (    1660B)
[2026-04-24T14:32:47-0600]   ✓ kai: verified-state.json fresh (0min old)
[2026-04-24T14:32:47-0600] === Outcome Check: 6 checked, 0 failures ===
[2026-04-24T14:47:49-0600] === Agent Outcome Check — 2026-04-24 ===
[2026-04-24T14:47:49-0600]   ✓ kai: morning-report present (morning-report-kai-2026-04-24-050853)
[2026-04-24T14:47:49-0600]   ✓ ra: newsletter HTML (   11479B)
[2026-04-24T14:47:49-0600]   ✓ ra: newsletter MD (    5724B)
[2026-04-24T14:47:49-0600]   ✓ nel: daily log (    3025B)
[2026-04-24T14:47:49-0600]   ✓ sam: self-review (    1660B)
[2026-04-24T14:47:49-0600]   ✓ kai: verified-state.json fresh (0min old)
[2026-04-24T14:47:49-0600] === Outcome Check: 6 checked, 0 failures ===
[2026-04-24T15:02:50-0600] === Agent Outcome Check — 2026-04-24 ===
[2026-04-24T15:02:50-0600]   ✓ kai: morning-report present (morning-report-kai-2026-04-24-050853)
[2026-04-24T15:02:50-0600]   ✓ ra: newsletter HTML (    9719B)
[2026-04-24T15:02:50-0600]   ✓ ra: newsletter MD (    3834B)
[2026-04-24T15:02:50-0600]   ✓ nel: daily log (    5708B)
[2026-04-24T15:02:50-0600]   ✓ sam: self-review (    1660B)
[2026-04-24T15:02:50-0600]   ✓ kai: verified-state.json fresh (0min old)
[2026-04-24T15:02:50-0600] === Outcome Check: 6 checked, 0 failures ===
[2026-04-24T15:17:51-0600] === Agent Outcome Check — 2026-04-24 ===
[2026-04-24T15:17:51-0600]   ✓ kai: morning-report present (morning-report-kai-2026-04-24-050853)
[2026-04-24T15:17:51-0600]   ✓ ra: newsletter HTML (   10265B)
[2026-04-24T15:17:51-0600]   ✓ ra: newsletter MD (    4292B)
[2026-04-24T15:17:51-0600]   ✓ nel: daily log (    5708B)
[2026-04-24T15:17:51-0600]   ✓ sam: self-review (    1660B)
[2026-04-24T15:17:51-0600]   ✓ kai: verified-state.json fresh (0min old)
[2026-04-24T15:17:51-0600] === Outcome Check: 6 checked, 0 failures ===
[2026-04-24T15:32:52-0600] === Agent Outcome Check — 2026-04-24 ===
[2026-04-24T15:32:52-0600]   ✓ kai: morning-report present (morning-report-kai-2026-04-24-050853)
[2026-04-24T15:32:52-0600]   ✓ ra: newsletter HTML (   10136B)
[2026-04-24T15:32:52-0600]   ✓ ra: newsletter MD (    4146B)
[2026-04-24T15:32:52-0600]   ✓ nel: daily log (    5708B)
[2026-04-24T15:32:52-0600]   ✓ sam: self-review (    1660B)
[2026-04-24T15:32:52-0600]   ✓ kai: verified-state.json fresh (0min old)
[2026-04-24T15:32:52-0600] === Outcome Check: 6 checked, 0 failures ===
[2026-04-24T15:47:53-0600] === Agent Outcome Check — 2026-04-24 ===
[2026-04-24T15:47:53-0600]   ✓ kai: morning-report present (morning-report-kai-2026-04-24-050853)
[2026-04-24T15:47:53-0600]   ✓ ra: newsletter HTML (    9923B)
[2026-04-24T15:47:53-0600]   ✓ ra: newsletter MD (    3861B)
[2026-04-24T15:47:53-0600]   ✓ nel: daily log (    5708B)
[2026-04-24T15:47:53-0600]   ✓ sam: self-review (    1660B)
[2026-04-24T15:47:53-0600]   ✓ kai: verified-state.json fresh (0min old)
[2026-04-24T15:47:53-0600] === Outcome Check: 6 checked, 0 failures ===
[2026-04-24T16:02:54-0600] === Agent Outcome Check — 2026-04-24 ===
[2026-04-24T16:02:54-0600]   ✓ kai: morning-report present (morning-report-kai-2026-04-24-050853)
[2026-04-24T16:02:54-0600]   ✓ ra: newsletter HTML (   10954B)
[2026-04-24T16:02:54-0600]   ✓ ra: newsletter MD (    5181B)
[2026-04-24T16:02:54-0600]   ✓ nel: daily log (    5708B)
[2026-04-24T16:02:54-0600]   ✓ sam: self-review (    1660B)
[2026-04-24T16:02:54-0600]   ✓ kai: verified-state.json fresh (0min old)
[2026-04-24T16:02:54-0600] === Outcome Check: 6 checked, 0 failures ===
[2026-04-24T16:17:55-0600] === Agent Outcome Check — 2026-04-24 ===
[2026-04-24T16:17:55-0600]   ✓ kai: morning-report present (morning-report-kai-2026-04-24-050853)
[2026-04-24T16:17:55-0600]   ✓ ra: newsletter HTML (   10325B)
[2026-04-24T16:17:55-0600]   ✓ ra: newsletter MD (    4553B)
[2026-04-24T16:17:55-0600]   ✓ nel: daily log (    3091B)
[2026-04-24T16:17:55-0600]   ✓ sam: self-review (    1660B)
[2026-04-24T16:17:55-0600]   ✓ kai: verified-state.json fresh (0min old)
[2026-04-24T16:17:55-0600] === Outcome Check: 6 checked, 0 failures ===
[2026-04-24T16:32:56-0600] === Agent Outcome Check — 2026-04-24 ===
[2026-04-24T16:32:56-0600]   ✓ kai: morning-report present (morning-report-kai-2026-04-24-050853)
[2026-04-24T16:32:56-0600]   ✓ ra: newsletter HTML (   10338B)
[2026-04-24T16:32:56-0600]   ✓ ra: newsletter MD (    4441B)
[2026-04-24T16:32:56-0600]   ✓ nel: daily log (    3091B)
[2026-04-24T16:32:56-0600]   ✓ sam: self-review (    1660B)
[2026-04-24T16:32:56-0600]   ✓ kai: verified-state.json fresh (0min old)
[2026-04-24T16:32:56-0600] === Outcome Check: 6 checked, 0 failures ===
[2026-04-24T16:47:57-0600] === Agent Outcome Check — 2026-04-24 ===
[2026-04-24T16:47:57-0600]   ✓ kai: morning-report present (morning-report-kai-2026-04-24-050853)
[2026-04-24T16:47:57-0600]   ✓ ra: newsletter HTML (    9896B)
[2026-04-24T16:47:57-0600]   ✓ ra: newsletter MD (    4005B)
[2026-04-24T16:47:57-0600]   ✓ nel: daily log (    3091B)
[2026-04-24T16:47:57-0600]   ✓ sam: self-review (    1660B)
[2026-04-24T16:47:57-0600]   ✓ kai: verified-state.json fresh (0min old)
[2026-04-24T16:47:57-0600] === Outcome Check: 6 checked, 0 failures ===
[2026-04-24T17:02:58-0600] === Agent Outcome Check — 2026-04-24 ===
[2026-04-24T17:02:58-0600]   ✓ kai: morning-report present (morning-report-kai-2026-04-24-050853)
[2026-04-24T17:02:58-0600]   ✓ ra: newsletter HTML (    9936B)
[2026-04-24T17:02:58-0600]   ✓ ra: newsletter MD (    3996B)
[2026-04-24T17:02:58-0600]   ✓ nel: daily log (    3091B)
[2026-04-24T17:02:58-0600]   ✓ sam: self-review (    1660B)
[2026-04-24T17:02:58-0600]   ✓ kai: verified-state.json fresh (0min old)
[2026-04-24T17:02:58-0600] === Outcome Check: 6 checked, 0 failures ===
[2026-04-24T17:17:59-0600] === Agent Outcome Check — 2026-04-24 ===
[2026-04-24T17:17:59-0600]   ✓ kai: morning-report present (morning-report-kai-2026-04-24-050853)
[2026-04-24T17:17:59-0600]   ✓ ra: newsletter HTML (    9191B)
[2026-04-24T17:17:59-0600]   ✓ ra: newsletter MD (    3306B)
[2026-04-24T17:17:59-0600]   ✓ nel: daily log (    3091B)
[2026-04-24T17:17:59-0600]   ✓ sam: self-review (    1660B)
[2026-04-24T17:17:59-0600]   ✓ kai: verified-state.json fresh (0min old)
[2026-04-24T17:17:59-0600] === Outcome Check: 6 checked, 0 failures ===
[2026-04-24T17:33:00-0600] === Agent Outcome Check — 2026-04-24 ===
[2026-04-24T17:33:00-0600]   ✓ kai: morning-report present (morning-report-kai-2026-04-24-050853)
[2026-04-24T17:33:00-0600]   ✓ ra: newsletter HTML (    9990B)
[2026-04-24T17:33:00-0600]   ✓ ra: newsletter MD (    4102B)
[2026-04-24T17:33:00-0600]   ✓ nel: daily log (    3091B)
[2026-04-24T17:33:00-0600]   ✓ sam: self-review (    1660B)
[2026-04-24T17:33:00-0600]   ✓ kai: verified-state.json fresh (0min old)
[2026-04-24T17:33:00-0600] === Outcome Check: 6 checked, 0 failures ===
[2026-04-24T17:48:01-0600] === Agent Outcome Check — 2026-04-24 ===
[2026-04-24T17:48:01-0600]   ✓ kai: morning-report present (morning-report-kai-2026-04-24-050853)
[2026-04-24T17:48:01-0600]   ✓ ra: newsletter HTML (   10064B)
[2026-04-24T17:48:01-0600]   ✓ ra: newsletter MD (    4169B)
[2026-04-24T17:48:01-0600]   ✓ nel: daily log (    3091B)
[2026-04-24T17:48:01-0600]   ✓ sam: self-review (    1660B)
[2026-04-24T17:48:01-0600]   ✓ kai: verified-state.json fresh (0min old)
[2026-04-24T17:48:01-0600] === Outcome Check: 6 checked, 0 failures ===
[2026-04-24T18:03:03-0600] === Agent Outcome Check — 2026-04-24 ===
[2026-04-24T18:03:03-0600]   ✓ kai: morning-report present (morning-report-kai-2026-04-24-050853)
[2026-04-24T18:03:03-0600]   ✓ ra: newsletter HTML (    9851B)
[2026-04-24T18:03:03-0600]   ✓ ra: newsletter MD (    3962B)
[2026-04-24T18:03:03-0600]   ✓ nel: daily log (    3091B)
[2026-04-24T18:03:03-0600]   ✓ sam: self-review (    1660B)
[2026-04-24T18:03:03-0600]   ✓ kai: verified-state.json fresh (0min old)
[2026-04-24T18:03:03-0600] === Outcome Check: 6 checked, 0 failures ===
[2026-04-24T18:18:04-0600] === Agent Outcome Check — 2026-04-24 ===
[2026-04-24T18:18:04-0600]   ✓ kai: morning-report present (morning-report-kai-2026-04-24-050853)
[2026-04-24T18:18:04-0600]   ✓ ra: newsletter HTML (   10244B)
[2026-04-24T18:18:04-0600]   ✓ ra: newsletter MD (    4265B)
[2026-04-24T18:18:04-0600]   ✓ nel: daily log (    3091B)
[2026-04-24T18:18:04-0600]   ✓ sam: self-review (    1660B)
[2026-04-24T18:18:04-0600]   ✓ kai: verified-state.json fresh (0min old)
[2026-04-24T18:18:04-0600] === Outcome Check: 6 checked, 0 failures ===
[2026-04-24T18:33:05-0600] === Agent Outcome Check — 2026-04-24 ===
[2026-04-24T18:33:05-0600]   ✓ kai: morning-report present (morning-report-kai-2026-04-24-050853)
[2026-04-24T18:33:05-0600]   ✓ ra: newsletter HTML (    9459B)
[2026-04-24T18:33:05-0600]   ✓ ra: newsletter MD (    3491B)
[2026-04-24T18:33:05-0600]   ✓ nel: daily log (    3091B)
[2026-04-24T18:33:05-0600]   ✓ sam: self-review (    1660B)
[2026-04-24T18:33:05-0600]   ✓ kai: verified-state.json fresh (0min old)
[2026-04-24T18:33:05-0600] === Outcome Check: 6 checked, 0 failures ===
[2026-04-24T18:48:06-0600] === Agent Outcome Check — 2026-04-24 ===
[2026-04-24T18:48:06-0600]   ✓ kai: morning-report present (morning-report-kai-2026-04-24-050853)
[2026-04-24T18:48:06-0600]   ✓ ra: newsletter HTML (    9500B)
[2026-04-24T18:48:06-0600]   ✓ ra: newsletter MD (    3560B)
[2026-04-24T18:48:06-0600]   ✓ nel: daily log (    3091B)
[2026-04-24T18:48:06-0600]   ✓ sam: self-review (    1660B)
[2026-04-24T18:48:06-0600]   ✓ kai: verified-state.json fresh (0min old)
[2026-04-24T18:48:06-0600] === Outcome Check: 6 checked, 0 failures ===
[2026-04-24T19:03:07-0600] === Agent Outcome Check — 2026-04-24 ===
[2026-04-24T19:03:07-0600]   ✓ kai: morning-report present (morning-report-kai-2026-04-24-050853)
[2026-04-24T19:03:07-0600]   ✓ ra: newsletter HTML (   11919B)
[2026-04-24T19:03:07-0600]   ✓ ra: newsletter MD (    6148B)
[2026-04-24T19:03:07-0600]   ✓ nel: daily log (    3091B)
[2026-04-24T19:03:07-0600]   ✓ sam: self-review (    1660B)
[2026-04-24T19:03:07-0600]   ✓ kai: verified-state.json fresh (0min old)
[2026-04-24T19:03:07-0600] === Outcome Check: 6 checked, 0 failures ===
[2026-04-24T19:18:08-0600] === Agent Outcome Check — 2026-04-24 ===
[2026-04-24T19:18:08-0600]   ✓ kai: morning-report present (morning-report-kai-2026-04-24-050853)
[2026-04-24T19:18:08-0600]   ✓ ra: newsletter HTML (    9638B)
[2026-04-24T19:18:08-0600]   ✓ ra: newsletter MD (    3738B)
[2026-04-24T19:18:08-0600]   ✓ nel: daily log (    3091B)
[2026-04-24T19:18:08-0600]   ✓ sam: self-review (    1660B)
[2026-04-24T19:18:08-0600]   ✓ kai: verified-state.json fresh (0min old)
[2026-04-24T19:18:08-0600] === Outcome Check: 6 checked, 0 failures ===
[2026-04-24T19:33:09-0600] === Agent Outcome Check — 2026-04-24 ===
[2026-04-24T19:33:09-0600]   ✓ kai: morning-report present (morning-report-kai-2026-04-24-050853)
[2026-04-24T19:33:09-0600]   ✓ ra: newsletter HTML (    9434B)
[2026-04-24T19:33:09-0600]   ✓ ra: newsletter MD (    3479B)
[2026-04-24T19:33:09-0600]   ✓ nel: daily log (    3091B)
[2026-04-24T19:33:09-0600]   ✓ sam: self-review (    1660B)
[2026-04-24T19:33:09-0600]   ✓ kai: verified-state.json fresh (0min old)
[2026-04-24T19:33:09-0600] === Outcome Check: 6 checked, 0 failures ===
[2026-04-24T19:48:10-0600] === Agent Outcome Check — 2026-04-24 ===
[2026-04-24T19:48:10-0600]   ✓ kai: morning-report present (morning-report-kai-2026-04-24-050853)
[2026-04-24T19:48:10-0600]   ✓ ra: newsletter HTML (    9707B)
[2026-04-24T19:48:10-0600]   ✓ ra: newsletter MD (    3739B)
[2026-04-24T19:48:10-0600]   ✓ nel: daily log (    3091B)
[2026-04-24T19:48:10-0600]   ✓ sam: self-review (    1660B)
[2026-04-24T19:48:10-0600]   ✓ kai: verified-state.json fresh (0min old)
[2026-04-24T19:48:10-0600] === Outcome Check: 6 checked, 0 failures ===
[2026-04-24T20:03:11-0600] === Agent Outcome Check — 2026-04-24 ===
[2026-04-24T20:03:11-0600]   ✓ kai: morning-report present (morning-report-kai-2026-04-24-050853)
[2026-04-24T20:03:11-0600]   ✓ ra: newsletter HTML (   10280B)
[2026-04-24T20:03:11-0600]   ✓ ra: newsletter MD (    4367B)
[2026-04-24T20:03:11-0600]   ✓ nel: daily log (    3091B)
[2026-04-24T20:03:11-0600]   ✓ sam: self-review (    1660B)
[2026-04-24T20:03:11-0600]   ✓ kai: verified-state.json fresh (0min old)
[2026-04-24T20:03:11-0600] === Outcome Check: 6 checked, 0 failures ===
[2026-04-24T20:18:12-0600] === Agent Outcome Check — 2026-04-24 ===
[2026-04-24T20:18:12-0600]   ✓ kai: morning-report present (morning-report-kai-2026-04-24-050853)
[2026-04-24T20:18:12-0600]   ✓ ra: newsletter HTML (    9708B)
[2026-04-24T20:18:12-0600]   ✓ ra: newsletter MD (    3819B)
[2026-04-24T20:18:12-0600]   ✓ nel: daily log (    3091B)
[2026-04-24T20:18:12-0600]   ✓ sam: self-review (    1660B)
[2026-04-24T20:18:12-0600]   ✓ kai: verified-state.json fresh (0min old)
[2026-04-24T20:18:12-0600] === Outcome Check: 6 checked, 0 failures ===
[2026-04-24T20:33:13-0600] === Agent Outcome Check — 2026-04-24 ===
[2026-04-24T20:33:13-0600]   ✓ kai: morning-report present (morning-report-kai-2026-04-24-050853)
[2026-04-24T20:33:13-0600]   ✓ ra: newsletter HTML (    9739B)
[2026-04-24T20:33:13-0600]   ✓ ra: newsletter MD (    3760B)
[2026-04-24T20:33:13-0600]   ✓ nel: daily log (    3091B)
[2026-04-24T20:33:13-0600]   ✓ sam: self-review (    1660B)
[2026-04-24T20:33:13-0600]   ✓ kai: verified-state.json fresh (0min old)
[2026-04-24T20:33:13-0600] === Outcome Check: 6 checked, 0 failures ===
[2026-04-24T20:48:14-0600] === Agent Outcome Check — 2026-04-24 ===
[2026-04-24T20:48:14-0600]   ✓ kai: morning-report present (morning-report-kai-2026-04-24-050853)
[2026-04-24T20:48:14-0600]   ✓ ra: newsletter HTML (    9108B)
[2026-04-24T20:48:14-0600]   ✓ ra: newsletter MD (    3137B)
[2026-04-24T20:48:14-0600]   ✓ nel: daily log (    3091B)
[2026-04-24T20:48:14-0600]   ✓ sam: self-review (    1660B)
[2026-04-24T20:48:14-0600]   ✓ kai: verified-state.json fresh (0min old)
[2026-04-24T20:48:14-0600] === Outcome Check: 6 checked, 0 failures ===
[2026-04-24T21:03:15-0600] === Agent Outcome Check — 2026-04-24 ===
[2026-04-24T21:03:15-0600]   ✓ kai: morning-report present (morning-report-kai-2026-04-24-050853)
[2026-04-24T21:03:15-0600]   ✓ ra: newsletter HTML (   10184B)
[2026-04-24T21:03:15-0600]   ✓ ra: newsletter MD (    4204B)
[2026-04-24T21:03:15-0600]   ✓ nel: daily log (    5708B)
[2026-04-24T21:03:15-0600]   ✓ sam: self-review (    1660B)
[2026-04-24T21:03:15-0600]   ✓ kai: verified-state.json fresh (0min old)
[2026-04-24T21:03:15-0600] === Outcome Check: 6 checked, 0 failures ===
[2026-04-24T21:18:16-0600] === Agent Outcome Check — 2026-04-24 ===
[2026-04-24T21:18:16-0600]   ✓ kai: morning-report present (morning-report-kai-2026-04-24-050853)
[2026-04-24T21:18:16-0600]   ✓ ra: newsletter HTML (   11212B)
[2026-04-24T21:18:16-0600]   ✓ ra: newsletter MD (    5457B)
[2026-04-24T21:18:16-0600]   ✓ nel: daily log (    5708B)
[2026-04-24T21:18:16-0600]   ✓ sam: self-review (    1660B)
[2026-04-24T21:18:16-0600]   ✓ kai: verified-state.json fresh (0min old)
[2026-04-24T21:18:16-0600] === Outcome Check: 6 checked, 0 failures ===
[2026-04-24T21:33:17-0600] === Agent Outcome Check — 2026-04-24 ===
[2026-04-24T21:33:17-0600]   ✓ kai: morning-report present (morning-report-kai-2026-04-24-050853)
[2026-04-24T21:33:17-0600]   ✓ ra: newsletter HTML (    9417B)
[2026-04-24T21:33:17-0600]   ✓ ra: newsletter MD (    3538B)
[2026-04-24T21:33:17-0600]   ✓ nel: daily log (    5708B)
[2026-04-24T21:33:17-0600]   ✓ sam: self-review (    1660B)
[2026-04-24T21:33:17-0600]   ✓ kai: verified-state.json fresh (0min old)
[2026-04-24T21:33:17-0600] === Outcome Check: 6 checked, 0 failures ===
[2026-04-24T21:48:19-0600] === Agent Outcome Check — 2026-04-24 ===
[2026-04-24T21:48:19-0600]   ✓ kai: morning-report present (morning-report-kai-2026-04-24-050853)
[2026-04-24T21:48:19-0600]   ✓ ra: newsletter HTML (    9930B)
[2026-04-24T21:48:19-0600]   ✓ ra: newsletter MD (    3856B)
[2026-04-24T21:48:19-0600]   ✓ nel: daily log (    5708B)
[2026-04-24T21:48:19-0600]   ✓ sam: self-review (    1660B)
[2026-04-24T21:48:19-0600]   ✓ kai: verified-state.json fresh (0min old)
[2026-04-24T21:48:19-0600] === Outcome Check: 6 checked, 0 failures ===
[2026-04-24T22:03:20-0600] === Agent Outcome Check — 2026-04-24 ===
[2026-04-24T22:03:20-0600]   ✓ kai: morning-report present (morning-report-kai-2026-04-24-050853)
[2026-04-24T22:03:20-0600]   ✓ ra: newsletter HTML (   10249B)
[2026-04-24T22:03:20-0600]   ✓ ra: newsletter MD (    4276B)
[2026-04-24T22:03:20-0600]   ✓ nel: daily log (    5708B)
[2026-04-24T22:03:20-0600]   ✓ sam: self-review (    1660B)
[2026-04-24T22:03:20-0600]   ✓ kai: verified-state.json fresh (0min old)
[2026-04-24T22:03:20-0600] === Outcome Check: 6 checked, 0 failures ===
[2026-04-24T22:18:21-0600] === Agent Outcome Check — 2026-04-24 ===
[2026-04-24T22:18:21-0600]   ✓ kai: morning-report present (morning-report-kai-2026-04-24-050853)
[2026-04-24T22:18:21-0600]   ✓ ra: newsletter HTML (    9921B)
[2026-04-24T22:18:21-0600]   ✓ ra: newsletter MD (    3947B)
[2026-04-24T22:18:21-0600]   ✓ nel: daily log (    5708B)
[2026-04-24T22:18:21-0600]   ✓ sam: self-review (    1660B)
[2026-04-24T22:18:21-0600]   ✓ kai: verified-state.json fresh (0min old)
[2026-04-24T22:18:21-0600] === Outcome Check: 6 checked, 0 failures ===
[2026-04-24T22:33:22-0600] === Agent Outcome Check — 2026-04-24 ===
[2026-04-24T22:33:22-0600]   ✓ kai: morning-report present (morning-report-kai-2026-04-24-050853)
[2026-04-24T22:33:22-0600]   ✓ ra: newsletter HTML (   11680B)
[2026-04-24T22:33:22-0600]   ✓ ra: newsletter MD (    5909B)
[2026-04-24T22:33:22-0600]   ✓ nel: daily log (    5708B)
[2026-04-24T22:33:22-0600]   ✓ sam: self-review (    1660B)
[2026-04-24T22:33:22-0600]   ✓ kai: verified-state.json fresh (0min old)
[2026-04-24T22:33:22-0600] === Outcome Check: 6 checked, 0 failures ===
[2026-04-24T22:48:23-0600] === Agent Outcome Check — 2026-04-24 ===
[2026-04-24T22:48:23-0600]   ✓ kai: morning-report present (morning-report-kai-2026-04-24-050853)
[2026-04-24T22:48:23-0600]   ✓ ra: newsletter HTML (   10918B)
[2026-04-24T22:48:23-0600]   ✓ ra: newsletter MD (    5133B)
[2026-04-24T22:48:23-0600]   ✓ nel: daily log (    5708B)
[2026-04-24T22:48:23-0600]   ✓ sam: self-review (    1660B)
[2026-04-24T22:48:23-0600]   ✓ kai: verified-state.json fresh (0min old)
[2026-04-24T22:48:23-0600] === Outcome Check: 6 checked, 0 failures ===
[2026-04-24T23:03:24-0600] === Agent Outcome Check — 2026-04-24 ===
[2026-04-24T23:03:24-0600]   ✓ kai: morning-report present (morning-report-kai-2026-04-24-050853)
[2026-04-24T23:03:24-0600]   ✓ ra: newsletter HTML (   11205B)
[2026-04-24T23:03:24-0600]   ✓ ra: newsletter MD (    5446B)
[2026-04-24T23:03:24-0600]   ✓ nel: daily log (    5708B)
[2026-04-24T23:03:24-0600]   ✓ sam: self-review (    1660B)
[2026-04-24T23:03:24-0600]   ✓ kai: verified-state.json fresh (0min old)
[2026-04-24T23:03:24-0600] === Outcome Check: 6 checked, 0 failures ===
[2026-04-24T23:18:25-0600] === Agent Outcome Check — 2026-04-24 ===
[2026-04-24T23:18:25-0600]   ✓ kai: morning-report present (morning-report-kai-2026-04-24-050853)
[2026-04-24T23:18:25-0600]   ✓ ra: newsletter HTML (    9964B)
[2026-04-24T23:18:25-0600]   ✓ ra: newsletter MD (    4079B)
[2026-04-24T23:18:25-0600]   ✓ nel: daily log (    5708B)
[2026-04-24T23:18:25-0600]   ✓ sam: self-review (    1660B)
[2026-04-24T23:18:25-0600]   ✓ kai: verified-state.json fresh (0min old)
[2026-04-24T23:18:25-0600] === Outcome Check: 6 checked, 0 failures ===
[2026-04-24T23:33:27-0600] === Agent Outcome Check — 2026-04-24 ===
[2026-04-24T23:33:27-0600]   ✓ kai: morning-report present (morning-report-kai-2026-04-24-050853)
[2026-04-24T23:33:27-0600]   ✓ ra: newsletter HTML (    9964B)
[2026-04-24T23:33:27-0600]   ✓ ra: newsletter MD (    3995B)
[2026-04-24T23:33:27-0600]   ✓ nel: daily log (    5708B)
[2026-04-24T23:33:27-0600]   ✓ sam: self-review (    1660B)
[2026-04-24T23:33:27-0600]   ✓ kai: verified-state.json fresh (0min old)
[2026-04-24T23:33:27-0600] === Outcome Check: 6 checked, 0 failures ===
[2026-04-24T23:48:28-0600] === Agent Outcome Check — 2026-04-24 ===
[2026-04-24T23:48:28-0600]   ✓ kai: morning-report present (morning-report-kai-2026-04-24-050853)
[2026-04-24T23:48:28-0600]   ✓ ra: newsletter HTML (    9737B)
[2026-04-24T23:48:28-0600]   ✓ ra: newsletter MD (    3852B)
[2026-04-24T23:48:28-0600]   ✓ nel: daily log (    5708B)
[2026-04-24T23:48:28-0600]   ✓ sam: self-review (    1660B)
[2026-04-24T23:48:28-0600]   ✓ kai: verified-state.json fresh (0min old)
[2026-04-24T23:48:28-0600] === Outcome Check: 6 checked, 0 failures ===
[2026-04-25T00:03:29-0600] === Agent Outcome Check — 2026-04-25 ===
[2026-04-25T00:03:29-0600]   ✓ nel: daily log (    3111B)
[2026-04-25T00:03:29-0600]   ✗ sam: MISSING self-review — expected at /Users/kai/Documents/Projects/Hyo/agents/sam/logs/self-review-2026-04-25.md
[2026-04-25T00:03:29-0600]   ✓ aether: daily analysis (   10316B)
[2026-04-25T00:03:29-0600]   ✓ kai: verified-state.json fresh (0min old)
[2026-04-25T00:03:29-0600] === Outcome Check: 4 checked, 1 failures ===
[2026-04-25T00:18:30-0600] === Agent Outcome Check — 2026-04-25 ===
[2026-04-25T00:18:30-0600]   ✓ nel: daily log (    6184B)
[2026-04-25T00:18:30-0600]   ✗ sam: MISSING self-review — expected at /Users/kai/Documents/Projects/Hyo/agents/sam/logs/self-review-2026-04-25.md
[2026-04-25T00:18:30-0600]   ✓ aether: daily analysis (   10316B)
[2026-04-25T00:18:30-0600]   ✓ kai: verified-state.json fresh (0min old)
[2026-04-25T00:18:30-0600] === Outcome Check: 4 checked, 1 failures ===
[2026-04-25T00:33:31-0600] === Agent Outcome Check — 2026-04-25 ===
[2026-04-25T00:33:31-0600]   ✓ nel: daily log (    5691B)
[2026-04-25T00:33:31-0600]   ✗ sam: MISSING self-review — expected at /Users/kai/Documents/Projects/Hyo/agents/sam/logs/self-review-2026-04-25.md
[2026-04-25T00:33:31-0600]   ✓ aether: daily analysis (   10316B)
[2026-04-25T00:33:31-0600]   ✓ kai: verified-state.json fresh (0min old)
[2026-04-25T00:33:31-0600] === Outcome Check: 4 checked, 1 failures ===
[2026-04-25T00:48:32-0600] === Agent Outcome Check — 2026-04-25 ===
[2026-04-25T00:48:32-0600]   ✓ nel: daily log (    5691B)
[2026-04-25T00:48:32-0600]   ✗ sam: MISSING self-review — expected at /Users/kai/Documents/Projects/Hyo/agents/sam/logs/self-review-2026-04-25.md
[2026-04-25T00:48:32-0600]   ✓ aether: daily analysis (   10316B)
[2026-04-25T00:48:32-0600]   ✓ kai: verified-state.json fresh (0min old)
[2026-04-25T00:48:32-0600] === Outcome Check: 4 checked, 1 failures ===
[2026-04-25T01:03:33-0600] === Agent Outcome Check — 2026-04-25 ===
[2026-04-25T01:03:33-0600]   ✓ nel: daily log (    5691B)
[2026-04-25T01:03:33-0600]   ✗ sam: MISSING self-review — expected at /Users/kai/Documents/Projects/Hyo/agents/sam/logs/self-review-2026-04-25.md
[2026-04-25T01:03:33-0600]   ✓ aether: daily analysis (   10316B)
[2026-04-25T01:03:33-0600]   ✓ kai: verified-state.json fresh (0min old)
[2026-04-25T01:03:33-0600] === Outcome Check: 4 checked, 1 failures ===
[2026-04-25T01:18:34-0600] === Agent Outcome Check — 2026-04-25 ===
[2026-04-25T01:18:34-0600]   ✓ nel: daily log (    5691B)
[2026-04-25T01:18:34-0600]   ✗ sam: MISSING self-review — expected at /Users/kai/Documents/Projects/Hyo/agents/sam/logs/self-review-2026-04-25.md
[2026-04-25T01:18:34-0600]   ✓ aether: daily analysis (   10316B)
[2026-04-25T01:18:34-0600]   ✓ kai: verified-state.json fresh (0min old)
[2026-04-25T01:18:34-0600] === Outcome Check: 4 checked, 1 failures ===
[2026-04-25T01:33:35-0600] === Agent Outcome Check — 2026-04-25 ===
[2026-04-25T01:33:35-0600]   ✓ nel: daily log (    5691B)
[2026-04-25T01:33:35-0600]   ✗ sam: MISSING self-review — expected at /Users/kai/Documents/Projects/Hyo/agents/sam/logs/self-review-2026-04-25.md
[2026-04-25T01:33:35-0600]   ✓ aether: daily analysis (   10316B)
[2026-04-25T01:33:35-0600]   ✓ kai: verified-state.json fresh (0min old)
[2026-04-25T01:33:35-0600] === Outcome Check: 4 checked, 1 failures ===
[2026-04-25T01:48:36-0600] === Agent Outcome Check — 2026-04-25 ===
[2026-04-25T01:48:36-0600]   ✓ nel: daily log (    5691B)
[2026-04-25T01:48:36-0600]   ✗ sam: MISSING self-review — expected at /Users/kai/Documents/Projects/Hyo/agents/sam/logs/self-review-2026-04-25.md
[2026-04-25T01:48:36-0600]   ✓ aether: daily analysis (   10316B)
[2026-04-25T01:48:36-0600]   ✓ kai: verified-state.json fresh (0min old)
[2026-04-25T01:48:36-0600] === Outcome Check: 4 checked, 1 failures ===
[2026-04-25T02:03:37-0600] === Agent Outcome Check — 2026-04-25 ===
[2026-04-25T02:03:37-0600]   ✓ nel: daily log (    5811B)
[2026-04-25T02:03:37-0600]   ✗ sam: MISSING self-review — expected at /Users/kai/Documents/Projects/Hyo/agents/sam/logs/self-review-2026-04-25.md
[2026-04-25T02:03:37-0600]   ✓ aether: daily analysis (   10316B)
[2026-04-25T02:03:37-0600]   ✓ kai: verified-state.json fresh (0min old)
[2026-04-25T02:03:37-0600] === Outcome Check: 4 checked, 1 failures ===
[2026-04-25T02:18:38-0600] === Agent Outcome Check — 2026-04-25 ===
[2026-04-25T02:18:38-0600]   ✓ nel: daily log (    5811B)
[2026-04-25T02:18:38-0600]   ✗ sam: MISSING self-review — expected at /Users/kai/Documents/Projects/Hyo/agents/sam/logs/self-review-2026-04-25.md
[2026-04-25T02:18:38-0600]   ✓ aether: daily analysis (   10316B)
[2026-04-25T02:18:38-0600]   ✓ kai: verified-state.json fresh (0min old)
[2026-04-25T02:18:38-0600] === Outcome Check: 4 checked, 1 failures ===
[2026-04-25T02:33:39-0600] === Agent Outcome Check — 2026-04-25 ===
[2026-04-25T02:33:39-0600]   ✓ nel: daily log (    5811B)
[2026-04-25T02:33:39-0600]   ✗ sam: MISSING self-review — expected at /Users/kai/Documents/Projects/Hyo/agents/sam/logs/self-review-2026-04-25.md
[2026-04-25T02:33:39-0600]   ✓ aether: daily analysis (   10316B)
[2026-04-25T02:33:39-0600]   ✓ kai: verified-state.json fresh (0min old)
[2026-04-25T02:33:39-0600] === Outcome Check: 4 checked, 1 failures ===
[2026-04-25T02:48:40-0600] === Agent Outcome Check — 2026-04-25 ===
[2026-04-25T02:48:40-0600]   ✓ nel: daily log (    5811B)
[2026-04-25T02:48:40-0600]   ✗ sam: MISSING self-review — expected at /Users/kai/Documents/Projects/Hyo/agents/sam/logs/self-review-2026-04-25.md
[2026-04-25T02:48:40-0600]   ✓ aether: daily analysis (   10316B)
[2026-04-25T02:48:40-0600]   ✓ kai: verified-state.json fresh (0min old)
[2026-04-25T02:48:40-0600] === Outcome Check: 4 checked, 1 failures ===
