[2026-04-27T20:26:37-06:00] === Self-improve health check: 2026-04-27 ===
[2026-04-27T20:26:37-06:00] --- nel ---
[2026-04-27T20:26:37-06:00]   Q1 YES: state file exists
[2026-04-27T20:26:37-06:00]   Q2 YES: last_run=2026-04-27T20:24:50-0600 (98s ago)
[2026-04-27T20:27:16-06:00] === Self-improve health check: 2026-04-27 ===
[2026-04-27T20:27:16-06:00] --- nel ---
[2026-04-27T20:27:16-06:00]   Q1 YES: state file exists
[2026-04-27T20:27:16-06:00]   Q2 YES: last_run=2026-04-27T20:24:50-0600 (137s ago)
[2026-04-27T20:27:16-06:00]   Q3 YES: advanced (was none/none → now W2/implement)
[2026-04-27T20:27:16-06:00]   Q4 YES: valid research file with FIX_APPROACH
[2026-04-27T20:27:16-06:00]   Q5 YES: failure_count=0 (cap: 3)
[2026-04-27T20:27:16-06:00] --- sam ---
[2026-04-27T20:27:16-06:00]   Q1 YES: state file exists
[2026-04-27T20:27:16-06:00]   Q2 YES: last_run=2026-04-27T20:24:50-0600 (137s ago)
[2026-04-27T20:27:16-06:00]   Q3 YES: advanced (was none/none → now W1/implement)
[2026-04-27T20:27:16-06:00]   Q4 YES: valid research file with FIX_APPROACH
[2026-04-27T20:27:16-06:00]   Q5 YES: failure_count=0 (cap: 3)
[2026-04-27T20:27:16-06:00] --- aether ---
[2026-04-27T20:27:16-06:00]   Q1 YES: state file exists
[2026-04-27T20:27:16-06:00]   Q2 YES: last_run=2026-04-27T20:26:13-0600 (58s ago)
[2026-04-27T20:27:16-06:00]   Q3 YES: advanced (was none/none → now W1/implement)
[2026-04-27T20:27:16-06:00]   Q4 YES: valid research file with FIX_APPROACH
[2026-04-27T20:27:16-06:00]   Q5 YES: failure_count=0 (cap: 3)
[2026-04-27T20:27:16-06:00] --- ra ---
[2026-04-27T20:27:16-06:00]   Q1 YES: state file exists
[2026-04-27T20:27:16-06:00]   Q2 YES: last_run=2026-04-27T20:24:50-0600 (137s ago)
[2026-04-27T20:27:16-06:00]   Q3 YES: advanced (was none/none → now W1/implement)
[2026-04-27T20:27:16-06:00]   Q4 YES: valid research file with FIX_APPROACH
[2026-04-27T20:27:16-06:00]   Q5 YES: failure_count=0 (cap: 3)
[2026-04-27T20:27:16-06:00] --- dex ---
[2026-04-27T20:27:16-06:00]   Q1 YES: state file exists
[2026-04-27T20:27:16-06:00]   Q2 YES: last_run=2026-04-27T20:24:50-0600 (137s ago)
[2026-04-27T20:27:16-06:00]   Q3 YES: advanced (was none/none → now W1/implement)
[2026-04-27T20:27:16-06:00]   Q4 YES: valid research file with FIX_APPROACH
[2026-04-27T20:27:16-06:00]   Q5 YES: failure_count=0 (cap: 3)
[2026-04-27T20:27:16-06:00] --- kai ---
[2026-04-27T20:27:16-06:00]   Q1 YES: state file exists
[2026-04-27T20:27:16-06:00]   Q2 YES: last_run=2026-04-27T20:24:50-0600 (137s ago)
[2026-04-27T20:27:16-06:00]   Q3 YES: advanced (was none/none → now W1/implement)
[2026-04-27T20:27:16-06:00]   Q4 YES: valid research file with FIX_APPROACH
[2026-04-27T20:27:16-06:00]   Q5 YES: failure_count=0 (cap: 3)
[2026-04-27T20:27:16-06:00] === Health check complete: 24 passed, 0 failed ===
[2026-04-27T20:27:16-06:00] ✓ All agents healthy
[2026-04-27T20:27:33-06:00] === Self-improve health check: 2026-04-27 ===
[2026-04-27T20:27:33-06:00] --- nel ---
[2026-04-27T20:27:33-06:00]   Q1 YES: state file exists
[2026-04-27T20:27:33-06:00]   Q2 YES: last_run=2026-04-27T20:24:50-0600 (154s ago)
[2026-04-27T20:27:33-06:00]   Q3 NO: stuck at W2/implement (same as yesterday)
[2026-04-27T20:27:33-06:00]   Q4 YES: valid research file with FIX_APPROACH
[2026-04-27T20:27:33-06:00]   Q5 YES: failure_count=0 (cap: 3)
[2026-04-27T20:27:33-06:00] --- sam ---
[2026-04-27T20:27:33-06:00]   Q1 YES: state file exists
[2026-04-27T20:27:33-06:00]   Q2 YES: last_run=2026-04-27T20:24:50-0600 (154s ago)
[2026-04-27T20:27:33-06:00]   Q3 NO: stuck at W1/implement (same as yesterday)
[2026-04-27T20:27:33-06:00]   Q4 YES: valid research file with FIX_APPROACH
[2026-04-27T20:27:33-06:00]   Q5 YES: failure_count=0 (cap: 3)
[2026-04-27T20:27:33-06:00] --- aether ---
[2026-04-27T20:27:33-06:00]   Q1 YES: state file exists
[2026-04-27T20:27:33-06:00]   Q2 YES: last_run=2026-04-27T20:26:13-0600 (75s ago)
[2026-04-27T20:27:33-06:00]   Q3 NO: stuck at W1/implement (same as yesterday)
[2026-04-27T20:27:33-06:00]   Q4 YES: valid research file with FIX_APPROACH
[2026-04-27T20:27:33-06:00]   Q5 YES: failure_count=0 (cap: 3)
[2026-04-27T20:27:33-06:00] --- ra ---
[2026-04-27T20:27:33-06:00]   Q1 YES: state file exists
[2026-04-27T20:27:33-06:00]   Q2 YES: last_run=2026-04-27T20:24:50-0600 (154s ago)
[2026-04-27T20:27:33-06:00]   Q3 NO: stuck at W1/implement (same as yesterday)
[2026-04-27T20:27:33-06:00]   Q4 YES: valid research file with FIX_APPROACH
[2026-04-27T20:27:33-06:00]   Q5 YES: failure_count=0 (cap: 3)
[2026-04-27T20:27:33-06:00] --- dex ---
[2026-04-27T20:27:33-06:00]   Q1 YES: state file exists
[2026-04-27T20:27:33-06:00]   Q2 YES: last_run=2026-04-27T20:24:50-0600 (154s ago)
[2026-04-27T20:27:33-06:00]   Q3 NO: stuck at W1/implement (same as yesterday)
[2026-04-27T20:27:33-06:00]   Q4 YES: valid research file with FIX_APPROACH
[2026-04-27T20:27:33-06:00]   Q5 YES: failure_count=0 (cap: 3)
[2026-04-27T20:27:33-06:00] --- kai ---
[2026-04-27T20:27:33-06:00]   Q1 YES: state file exists
[2026-04-27T20:27:33-06:00]   Q2 YES: last_run=2026-04-27T20:24:50-0600 (154s ago)
[2026-04-27T20:27:33-06:00]   Q3 NO: stuck at W1/implement (same as yesterday)
[2026-04-27T20:27:33-06:00]   Q4 YES: valid research file with FIX_APPROACH
[2026-04-27T20:27:33-06:00]   Q5 YES: failure_count=0 (cap: 3)
[2026-04-27T20:27:33-06:00] === Health check complete: 18 passed, 6 failed ===
[2026-04-27T20:27:33-06:00] ✗ 6 question(s) answered NO — alerts sent to hyo-inbox.jsonl
