[06:40:50] ═══════════════════════════════════════════════════════
[06:40:50] ═══════════════════════════════════════════════════════
[06:40:50] SESSION PREP CHECK — 2026-04-22
[06:40:50] SESSION PREP CHECK — 2026-04-22
[06:40:50] ═══════════════════════════════════════════════════════
[06:40:50] ═══════════════════════════════════════════════════════
[06:40:50] PASS: session-handoff.json exists (9h old) — top: Diagnose Ra runner exit-2 (TASK-20260421-ra-P0-runner-exit2)
[06:40:50] PASS: session-handoff.json exists (9h old) — top: Diagnose Ra runner exit-2 (TASK-20260421-ra-P0-runner-exit2)
[06:40:50] PASS: KAI_BRIEF.md fresh (0h old)
[06:40:50] PASS: KAI_BRIEF.md fresh (0h old)
[06:40:50] PASS: Daily note 2026-04-22.md exists (      65 lines)
[06:40:50] PASS: Daily note 2026-04-22.md exists (      65 lines)
[06:40:50] PASS: KAI_TASKS.md has ★ NEXT SESSION PRIORITY QUEUE block
[06:40:50] PASS: KAI_TASKS.md has ★ NEXT SESSION PRIORITY QUEUE block
/Users/kai/Documents/Projects/Hyo/bin/session-prep.sh: line 105: syntax error near unexpected token `2'
[06:45:11] ═══════════════════════════════════════════════════════
[06:45:11] ═══════════════════════════════════════════════════════
[06:45:11] SESSION PREP CHECK — 2026-04-23
[06:45:11] SESSION PREP CHECK — 2026-04-23
[06:45:11] ═══════════════════════════════════════════════════════
[06:45:11] ═══════════════════════════════════════════════════════
[06:45:11] PASS: session-handoff.json exists (0h old) — top: > Session 27 ended 2026-04-21 ~21:30 MT. Hyo is done for the
[06:45:11] PASS: session-handoff.json exists (0h old) — top: > Session 27 ended 2026-04-21 ~21:30 MT. Hyo is done for the
[06:45:11] PASS: KAI_BRIEF.md fresh (2h old)
[06:45:11] PASS: KAI_BRIEF.md fresh (2h old)
[06:45:11] PASS: Daily note 2026-04-23.md exists (      70 lines)
[06:45:11] PASS: Daily note 2026-04-23.md exists (      70 lines)
[06:45:11] PASS: KAI_TASKS.md has ★ NEXT SESSION PRIORITY QUEUE block
[06:45:11] PASS: KAI_TASKS.md has ★ NEXT SESSION PRIORITY QUEUE block
/Users/kai/Documents/Projects/Hyo/bin/session-prep.sh: line 105: syntax error near unexpected token `2'
