[12:14:04] === verify-live.sh 2026-04-18T12:14:04-06:00 ===
[12:14:05] PASS [ant-data.byProcess]: field 'byProcess' present
[12:14:05] PASS [ant-data.staleness]: field 'staleness' present
[12:14:05] PASS [ant-data.alerts]: field 'alerts' present
[12:14:06] PASS [ant-freshness]: data updated within 25h
[12:14:06] FAIL [hq-view-full-brief]: 'View full brief' NOT found at https://www.hyo.world/hq
[12:14:06] --- verify-live result: 4 passed, 1 failed ---
[12:14:06] FAILURES:
[12:14:06]   ✗ hq-view-full-brief: marker 'View full brief' missing at https://www.hyo.world/hq
[12:15:47] === verify-live.sh 2026-04-18T12:15:47-06:00 ===
[12:15:47] PASS [ant-data.byProcess]: field 'byProcess' present
[12:15:47] PASS [ant-data.staleness]: field 'staleness' present
[12:15:48] PASS [ant-data.alerts]: field 'alerts' present
[12:15:48] PASS [ant-freshness]: data updated within 25h
[12:15:49] FAIL [hq-view-full-brief]: 'View full brief' NOT found at https://www.hyo.world/hq
[12:15:49] PASS [hq-theme-toggle]: 'theme-toggle' found at https://www.hyo.world/aurora
[12:15:49] PASS [hq-byProcess-render]: 'byProcess' found at https://www.hyo.world/hq
[12:15:50] PASS [aurora-200]: 'Aurora' found at https://www.hyo.world/aurora
[12:15:51] PASS [aurora-page-200]: 'Aurora' found at https://www.hyo.world/aurora-page
[12:15:51] PASS [app-200]: 'hyo' found at https://www.hyo.world/app
[12:15:52] PASS [feed-reports]: field 'reports' present
[12:15:52] --- verify-live result: 10 passed, 1 failed ---
[12:15:52] FAILURES:
[12:15:52]   ✗ hq-view-full-brief: marker 'View full brief' missing at https://www.hyo.world/hq
[12:17:01] === verify-live.sh 2026-04-18T12:17:01-06:00 ===
[12:17:02] PASS [ant-data.byProcess]: field 'byProcess' present
[12:17:02] PASS [ant-data.staleness]: field 'staleness' present
[12:17:02] PASS [ant-data.alerts]: field 'alerts' present
[12:17:03] PASS [ant-freshness]: data updated within 25h
[12:17:03] FAIL [hq-view-full-brief]: 'View full brief' NOT found at https://www.hyo.world/hq
[12:17:03] PASS [hq-theme-toggle]: 'theme-toggle' found at https://www.hyo.world/aurora
[12:17:04] PASS [hq-byProcess-render]: 'byProcess' found at https://www.hyo.world/hq
[12:17:04] PASS [aurora-200]: 'Aurora' found at https://www.hyo.world/aurora
[12:17:04] PASS [aurora-page-200]: 'Aurora' found at https://www.hyo.world/aurora-page
[12:17:05] PASS [app-200]: 'hyo' found at https://www.hyo.world/app
[12:17:06] PASS [feed-reports]: field 'reports' present
[12:17:06] --- verify-live result: 10 passed, 1 failed ---
[12:17:06] FAILURES:
[12:17:06]   ✗ hq-view-full-brief: marker 'View full brief' missing at https://www.hyo.world/hq
[12:17:50] === verify-live.sh 2026-04-18T12:17:50-06:00 ===
[12:17:50] PASS [ant-data.byProcess]: field 'byProcess' present
[12:17:51] PASS [ant-data.staleness]: field 'staleness' present
[12:17:52] PASS [ant-data.alerts]: field 'alerts' present
[12:17:52] PASS [ant-freshness]: data updated within 25h
[12:17:53] FAIL [hq-view-full-brief]: 'View full brief' NOT found at https://www.hyo.world/hq
[12:17:53] PASS [hq-theme-toggle]: 'theme-toggle' found at https://www.hyo.world/aurora
[12:17:54] PASS [hq-byProcess-render]: 'byProcess' found at https://www.hyo.world/hq
[12:17:54] PASS [aurora-200]: 'Aurora' found at https://www.hyo.world/aurora
[12:17:54] PASS [aurora-page-200]: 'Aurora' found at https://www.hyo.world/aurora-page
[12:17:55] PASS [app-200]: 'hyo' found at https://www.hyo.world/app
[12:17:55] PASS [feed-reports]: field 'reports' present
[12:17:55] --- verify-live result: 10 passed, 1 failed ---
[12:17:55] FAILURES:
[12:17:55]   ✗ hq-view-full-brief: marker 'View full brief' missing at https://www.hyo.world/hq
[12:18:43] === verify-live.sh 2026-04-18T12:18:43-06:00 ===
[12:18:44] PASS [ant-data.byProcess]: field 'byProcess' present
[12:18:45] PASS [ant-data.staleness]: field 'staleness' present
[12:18:45] PASS [ant-data.alerts]: field 'alerts' present
[12:18:45] PASS [ant-freshness]: data updated within 25h
[12:18:46] FAIL [hq-view-full-brief]: 'View full brief' NOT found at https://www.hyo.world/hq
[12:18:47] PASS [hq-theme-toggle]: 'theme-toggle' found at https://www.hyo.world/aurora
[12:18:47] PASS [hq-byProcess-render]: 'byProcess' found at https://www.hyo.world/hq
[12:18:47] PASS [aurora-200]: 'Aurora' found at https://www.hyo.world/aurora
[12:18:47] PASS [aurora-page-200]: 'Aurora' found at https://www.hyo.world/aurora-page
[12:18:48] PASS [app-200]: 'hyo' found at https://www.hyo.world/app
[12:18:48] PASS [feed-reports]: field 'reports' present
[12:18:48] --- verify-live result: 10 passed, 1 failed ---
[12:18:48] FAILURES:
[12:18:48]   ✗ hq-view-full-brief: marker 'View full brief' missing at https://www.hyo.world/hq
[12:23:01] === verify-live.sh 2026-04-18T12:23:01-06:00 ===
[12:23:02] PASS [ant-data.byProcess]: field 'byProcess' present
[12:23:02] PASS [ant-data.staleness]: field 'staleness' present
[12:23:03] PASS [ant-data.alerts]: field 'alerts' present
[12:23:03] PASS [ant-freshness]: data updated within 25h
[12:23:04] PASS [hq-view-full-brief]: 'View full brief' found at https://www.hyo.world/hq
[12:23:05] PASS [hq-theme-toggle]: 'theme-toggle' found at https://www.hyo.world/aurora
[12:23:06] PASS [hq-byProcess-render]: 'byProcess' found at https://www.hyo.world/hq
[12:23:06] PASS [aurora-200]: 'Aurora' found at https://www.hyo.world/aurora
[12:23:06] PASS [aurora-page-200]: 'Aurora' found at https://www.hyo.world/aurora-page
[12:23:07] PASS [app-200]: 'hyo' found at https://www.hyo.world/app
[12:23:07] PASS [feed-reports]: field 'reports' present
[12:23:07] --- verify-live result: 11 passed, 0 failed ---
[12:23:07] ALL CHECKS PASSED (11/11)
[12:34:10] === verify-live.sh 2026-04-18T12:34:10-06:00 ===
[12:34:10] PASS [ant-data.byProcess]: field 'byProcess' present
[12:34:10] PASS [ant-data.staleness]: field 'staleness' present
[12:34:11] PASS [ant-data.alerts]: field 'alerts' present
[12:34:11] PASS [ant-freshness]: data updated within 25h
[12:34:11] PASS [hq-view-full-brief]: 'View full brief' found at https://www.hyo.world/hq
[12:34:12] PASS [hq-theme-toggle]: 'theme-toggle' found at https://www.hyo.world/aurora
[12:34:12] PASS [hq-byProcess-render]: 'byProcess' found at https://www.hyo.world/hq
[12:34:12] PASS [aurora-200]: 'Aurora' found at https://www.hyo.world/aurora
[12:34:13] PASS [aurora-page-200]: 'Aurora' found at https://www.hyo.world/aurora-page
[12:34:13] PASS [app-200]: 'hyo' found at https://www.hyo.world/app
[12:34:13] PASS [feed-reports]: field 'reports' present
[12:34:13] --- verify-live result: 11 passed, 0 failed ---
[12:34:13] ALL CHECKS PASSED (11/11)
