[2026-04-23T08:59:26-0600] === Weekly Maintenance — 2026-04-23 ===
[2026-04-23T08:59:26-0600] Tickets compacted
[2026-04-23T08:59:26-0600] KAI_BRIEF archived
[2026-04-23T08:59:26-0600] KAI_TASKS archived
Rotated kai/ledger/known-issues.jsonl: 101 → 100 entries
OK kai/ledger/session-errors.jsonl: 85 entries (under 100 limit)
OK kai/ledger/hyo-inbox.jsonl: 66 entries (under 100 limit)
[2026-04-23T08:59:26-0600] JSONL logs rotated
[2026-04-23T08:59:26-0600] === Maintenance complete ===
[2026-04-25T01:48:38-0600] === Weekly Maintenance — 2026-04-25 ===
[2026-04-25T01:48:38-0600] === Weekly Maintenance — 2026-04-25 ===
tickets.jsonl: 0.1MB → 0.1MB (38 active, 0 archived)
[2026-04-25T01:48:38-0600] Tickets compacted
[2026-04-25T01:48:38-0600] Tickets compacted
KAI_BRIEF.md: no significant reduction needed (126KB)
[2026-04-25T01:48:38-0600] KAI_BRIEF archived
[2026-04-25T01:48:38-0600] KAI_BRIEF archived
KAI_TASKS.md: 54KB, no archiving needed
[2026-04-25T01:48:38-0600] KAI_TASKS archived
[2026-04-25T01:48:38-0600] KAI_TASKS archived
OK kai/ledger/known-issues.jsonl: 100 entries (under 100 limit)
OK kai/ledger/session-errors.jsonl: 87 entries (under 100 limit)
OK kai/ledger/hyo-inbox.jsonl: 57 entries (under 100 limit)
[2026-04-25T01:48:38-0600] JSONL logs rotated
[2026-04-25T01:48:38-0600] JSONL logs rotated
Traceback (most recent call last):
  File "<stdin>", line 2, in <module>
NameError: name 'sys' is not defined. Did you forget to import 'sys'?
[2026-04-25T01:48:38-0600] === Maintenance complete ===
[2026-04-25T01:48:38-0600] === Maintenance complete ===
