[weekly 05:49:15] === Weekly report starting for 2026-W17 ===
[weekly 05:49:15] Triggering pending tickets (1hr SLA)...
[tickets] triggered 251 pending → ACTIVE with 1hr SLA
[weekly 05:49:15] Generating weekly report: nel
[weekly:nel] published nel-weekly-2026-W17 verdict=needs attention shipped=0 pending_triggered=251
[weekly 05:49:15] Generating weekly report: ra
[weekly:ra] published ra-weekly-2026-W17 verdict=needs attention shipped=0 pending_triggered=251
[weekly 05:49:15] Generating weekly report: sam
[weekly:sam] published sam-weekly-2026-W17 verdict=needs attention shipped=0 pending_triggered=251
[weekly 05:49:15] Generating weekly report: aether
[weekly:aether] published aether-weekly-2026-W17 verdict=needs attention shipped=0 pending_triggered=251
[weekly 05:49:15] Generating weekly report: kai
[weekly:kai] published kai-weekly-2026-W17 verdict=needs attention shipped=0 pending_triggered=251
[weekly 05:49:15] Archiving week's reports to research section...
[archive] removed 39 entries from feed (moved to research archive)
[archive] week=2026-W17 archived=78 entries to research-archive.json
[weekly 05:49:15] Committing weekly reports...
[main 4738d66] weekly: 2026-W17 reports + research archive + pending tickets triggered
 5 files changed, 3877 insertions(+), 2392 deletions(-)
To https://github.com/xKai808/Hyo.git
   bb09cdf..4738d66  main -> main
[weekly 05:49:17] === Weekly report complete for 2026-W17 ===
